2023-12-28 01:47:06,637 - INFO - real cost: -0.10870612239526312
2023-12-28 01:47:06,657 - INFO - iteration: 0
2023-12-28 01:47:07,062 - INFO - iteration: 0, inner-counter: 1, init-grad: 0.22084379196166992, 
2023-12-28 01:47:07,067 - INFO - adding element 1.0*Y((0, 0))+1.0*Y((0, 1))+1.0*Y((0, 2))+1.0*Y((0, 3))+1.0*Y((0, 4))
2023-12-28 01:47:08,143 - INFO - energy 0.0006142704514786601
2023-12-28 01:47:08,616 - INFO - iteration: 0, inner-counter: 2, init-grad: 0.22084379196166992, 
2023-12-28 01:47:08,621 - INFO - adding element 1.0*X((0, 0))+1.0*X((0, 1))+1.0*X((0, 2))+1.0*X((0, 3))+1.0*X((0, 4))
2023-12-28 01:47:10,458 - INFO - energy -0.6471301913261414
2023-12-28 01:47:10,916 - INFO - iteration: 0, inner-counter: 3, init-grad: 0.22084379196166992, 
2023-12-28 01:47:10,919 - INFO - iteration: 1
2023-12-28 01:47:11,527 - INFO - iteration: 1, inner-counter: 1, init-grad: 0.19216154515743256, 
2023-12-28 01:47:11,531 - INFO - adding element 1.0*X((0, 0))+1.0*X((0, 1))+1.0*X((0, 2))+1.0*X((0, 3))+1.0*X((0, 4))
2023-12-28 01:47:15,700 - INFO - energy -0.8717074394226074
2023-12-28 01:50:39,153 - INFO - real cost: -0.8472037749703691
2023-12-28 01:50:39,172 - INFO - iteration: 0
2023-12-28 01:50:39,545 - INFO - iteration: 0, inner-counter: 1, init-grad: 0.22430546581745148, 
2023-12-28 01:50:39,549 - INFO - adding element 1.0*Y((0, 0))+1.0*Y((0, 1))+1.0*Y((0, 2))+1.0*Y((0, 3))+1.0*Y((0, 4))
2023-12-28 01:50:40,707 - INFO - energy 0.000361401354894042
2023-12-28 01:50:41,190 - INFO - iteration: 0, inner-counter: 2, init-grad: 0.22430546581745148, 
2023-12-28 01:50:41,193 - INFO - iteration: 1
2023-12-28 01:50:41,719 - INFO - iteration: 1, inner-counter: 1, init-grad: 0.23244693875312805, 
2023-12-28 01:50:41,723 - INFO - adding element 1.0*X((0, 0))+1.0*X((0, 1))+1.0*X((0, 2))+1.0*X((0, 3))+1.0*X((0, 4))
2023-12-28 01:50:45,064 - INFO - energy -0.6756491661071777
2023-12-28 01:50:45,656 - INFO - iteration: 1, inner-counter: 2, init-grad: 0.23244693875312805, 
2023-12-28 01:50:45,659 - INFO - iteration: 2
2023-12-28 01:50:46,401 - INFO - iteration: 2, inner-counter: 1, init-grad: 0.1982947587966919, 
2023-12-28 01:50:46,406 - INFO - adding element 1.0*Y((0, 0))+1.0*Y((0, 1))+1.0*Y((0, 2))+1.0*Y((0, 3))+1.0*Y((0, 4))
2023-12-28 01:50:51,431 - INFO - energy -0.6759240031242371
2023-12-28 01:50:52,255 - INFO - iteration: 2, inner-counter: 2, init-grad: 0.1982947587966919, 
2023-12-28 01:50:52,259 - INFO - adding element 1.0*X((0, 0))+1.0*X((0, 1))+1.0*X((0, 2))+1.0*X((0, 3))+1.0*X((0, 4))
2023-12-28 01:52:39,555 - INFO - real cost: -0.5
2023-12-28 01:52:39,563 - INFO - iteration: 0
2023-12-28 01:52:39,773 - INFO - iteration: 0, inner-counter: 1, init-grad: 0.1199558675289154, 
2023-12-28 01:52:39,777 - INFO - adding element 1.0*Y((0, 0))+1.0*Y((0, 1))+1.0*Y((0, 2))
2023-12-28 01:52:40,038 - INFO - energy 4.482269287109375e-05
2023-12-28 01:52:40,198 - INFO - iteration: 0, inner-counter: 2, init-grad: 0.1199558675289154, 
2023-12-28 01:52:40,202 - INFO - adding element 1.0*X((0, 0))+1.0*X((0, 1))+1.0*X((0, 2))
2023-12-28 01:52:41,733 - INFO - energy -0.4999852180480957
2023-12-28 01:52:41,934 - INFO - iteration: 0, inner-counter: 3, init-grad: 0.1199558675289154, 
2023-12-28 01:52:41,935 - INFO - iteration: 1
2023-12-28 01:52:42,169 - INFO - iteration: 1, inner-counter: 1, init-grad: 0.14375239610671997, 
2023-12-28 01:52:42,172 - INFO - adding element 1.0*X((0, 0))+1.0*X((0, 1))+1.0*X((0, 2))
2023-12-28 01:52:44,005 - INFO - energy -0.4996897578239441
2023-12-28 01:52:44,269 - INFO - iteration: 1, inner-counter: 2, init-grad: 0.14375239610671997, 
2023-12-28 01:52:44,272 - INFO - adding element 1.0*X((0, 0))+1.0*X((0, 1))+1.0*X((0, 2))
2023-12-28 01:52:46,140 - INFO - energy -0.4994880259037018
2023-12-28 01:52:46,458 - INFO - iteration: 1, inner-counter: 3, init-grad: 0.14375239610671997, 
2023-12-28 01:52:46,463 - INFO - adding element 1.0*X((0, 0))+1.0*X((0, 1))+1.0*X((0, 2))
2023-12-28 01:52:50,502 - INFO - energy -0.4999942481517792
2023-12-28 01:52:50,862 - INFO - iteration: 1, inner-counter: 4, init-grad: 0.14375239610671997, 
2023-12-28 01:52:50,865 - INFO - iteration: 2
2023-12-28 01:52:51,259 - INFO - iteration: 2, inner-counter: 1, init-grad: 0.12431444972753525, 
2023-12-28 01:52:51,263 - INFO - adding element 1.0*Y((0, 0))+1.0*Y((0, 1))+1.0*Y((0, 2))
2023-12-28 01:52:55,981 - INFO - energy -0.49997633695602417
2023-12-28 01:52:56,509 - INFO - iteration: 2, inner-counter: 2, init-grad: 0.12431444972753525, 
2023-12-28 01:52:56,514 - INFO - adding element 1.0*Y((0, 0))+1.0*Y((0, 1))+1.0*Y((0, 2))
2023-12-28 01:53:01,369 - INFO - energy -0.4999087452888489
2023-12-28 01:53:01,834 - INFO - iteration: 2, inner-counter: 3, init-grad: 0.12431444972753525, 
2023-12-28 01:53:01,838 - INFO - adding element 1.0*Y((0, 0))+1.0*Y((0, 1))+1.0*Y((0, 2))
2023-12-28 01:53:07,291 - INFO - energy -0.4999379515647888
2023-12-28 01:53:07,789 - INFO - iteration: 2, inner-counter: 4, init-grad: 0.12431444972753525, 
2023-12-28 01:53:07,792 - INFO - iteration: 3
2023-12-28 01:53:08,322 - INFO - iteration: 3, inner-counter: 1, init-grad: 0.08981318026781082, 
2023-12-28 01:53:08,327 - INFO - adding element 1.0*Y((0, 0))+1.0*Y((0, 1))+1.0*Y((0, 2))
2023-12-28 01:53:15,042 - INFO - energy -0.49995920062065125
2023-12-28 01:53:15,609 - INFO - iteration: 3, inner-counter: 2, init-grad: 0.08981318026781082, 
2023-12-28 01:53:15,613 - INFO - adding element 1.0*Y((0, 0))+1.0*Y((0, 1))+1.0*Y((0, 2))
2023-12-28 01:53:21,824 - INFO - energy -0.4996910095214844
2023-12-28 01:53:22,535 - INFO - iteration: 3, inner-counter: 3, init-grad: 0.08981318026781082, 
2023-12-28 01:53:22,539 - INFO - adding element 1.0*Y((0, 0))+1.0*Y((0, 1))+1.0*Y((0, 2))
2023-12-28 01:53:33,497 - INFO - energy -0.4999580979347229
2023-12-28 01:53:34,272 - INFO - iteration: 3, inner-counter: 4, init-grad: 0.08981318026781082, 
2023-12-28 01:53:34,275 - INFO - adding element 1.0*Y((0, 0))+1.0*Y((0, 1))+1.0*Y((0, 2))
2023-12-28 01:53:41,637 - INFO - energy -0.4996045231819153
2023-12-28 01:53:42,335 - INFO - iteration: 3, inner-counter: 5, init-grad: 0.08981318026781082, 
2023-12-28 01:53:42,339 - INFO - adding element 1.0*Y((0, 0))+1.0*Y((0, 1))+1.0*Y((0, 2))
2023-12-28 01:53:51,310 - INFO - energy -0.4996863603591919
2023-12-28 01:53:52,046 - INFO - iteration: 3, inner-counter: 6, init-grad: 0.08981318026781082, 
2023-12-28 01:53:52,053 - INFO - adding element 1.0*Y((0, 0))+1.0*Y((0, 1))+1.0*Y((0, 2))
2023-12-28 01:54:05,817 - INFO - energy -0.4999355971813202
2023-12-28 01:54:06,707 - INFO - iteration: 3, inner-counter: 7, init-grad: 0.08981318026781082, 
2023-12-28 01:54:06,712 - INFO - adding element 1.0*Y((0, 0))+1.0*Y((0, 1))+1.0*Y((0, 2))
2023-12-28 01:54:15,056 - INFO - energy -0.4976468086242676
2023-12-28 01:54:15,997 - INFO - iteration: 3, inner-counter: 8, init-grad: 0.08981318026781082, 
2023-12-28 01:54:16,001 - INFO - adding element 1.0*Y((0, 0))+1.0*Y((0, 1))+1.0*Y((0, 2))
2023-12-28 01:54:29,706 - INFO - energy -0.4993441700935364
2023-12-28 01:54:30,666 - INFO - iteration: 3, inner-counter: 9, init-grad: 0.08981318026781082, 
2023-12-28 01:54:30,670 - INFO - iteration: 4
2023-12-28 01:54:31,652 - INFO - iteration: 4, inner-counter: 1, init-grad: 0.09046267718076706, 
2023-12-28 01:54:31,656 - INFO - adding element 1.0*X((0, 0))+1.0*X((0, 1))+1.0*X((0, 2))
2023-12-28 01:54:45,297 - INFO - energy -0.49996858835220337
2023-12-28 01:54:46,323 - INFO - iteration: 4, inner-counter: 2, init-grad: 0.09046267718076706, 
2023-12-28 01:54:46,328 - INFO - adding element 1.0*X((0, 0))+1.0*X((0, 1))+1.0*X((0, 2))
2023-12-28 01:55:02,970 - INFO - energy -0.49965059757232666
2023-12-28 01:55:04,029 - INFO - iteration: 4, inner-counter: 3, init-grad: 0.09046267718076706, 
2023-12-28 01:55:04,032 - INFO - iteration: 5
2023-12-28 01:55:05,118 - INFO - iteration: 5, inner-counter: 1, init-grad: 0.09187538921833038, 
2023-12-28 01:55:05,122 - INFO - adding element 1.0*Y((0, 0))+1.0*Y((0, 1))+1.0*Y((0, 2))
2023-12-28 01:55:21,747 - INFO - energy -0.4996749758720398
2023-12-28 01:55:22,874 - INFO - iteration: 5, inner-counter: 2, init-grad: 0.09187538921833038, 
2023-12-28 01:55:22,877 - INFO - adding element 1.0*Y((0, 0))+1.0*Y((0, 1))+1.0*Y((0, 2))
2023-12-28 01:55:33,873 - INFO - energy -0.4975805878639221
2023-12-28 01:55:34,940 - INFO - iteration: 5, inner-counter: 3, init-grad: 0.09187538921833038, 
2023-12-28 01:55:34,943 - INFO - adding element 1.0*Y((0, 0))+1.0*Y((0, 1))+1.0*Y((0, 2))
2023-12-28 01:55:59,534 - INFO - energy -0.49994513392448425
2023-12-28 01:56:00,837 - INFO - iteration: 5, inner-counter: 4, init-grad: 0.09187538921833038, 
2023-12-28 01:56:00,844 - INFO - adding element 1.0*Y((0, 0))+1.0*Y((0, 1))+1.0*Y((0, 2))
2023-12-28 01:56:23,969 - INFO - energy -0.49993544816970825
2023-12-28 01:56:25,244 - INFO - iteration: 5, inner-counter: 5, init-grad: 0.09187538921833038, 
2023-12-28 01:56:25,247 - INFO - adding element 1.0*Y((0, 0))+1.0*Y((0, 1))+1.0*Y((0, 2))
2023-12-28 01:56:57,136 - INFO - energy -0.49997279047966003
2023-12-28 01:56:58,443 - INFO - iteration: 5, inner-counter: 6, init-grad: 0.09187538921833038, 
2023-12-28 01:56:58,447 - INFO - adding element 1.0*Y((0, 0))+1.0*Y((0, 1))+1.0*Y((0, 2))
2023-12-28 01:57:14,410 - INFO - energy -0.47647103667259216
2023-12-28 01:57:15,811 - INFO - iteration: 5, inner-counter: 7, init-grad: 0.09187538921833038, 
2023-12-28 01:57:15,819 - INFO - adding element 1.0*Y((0, 0))+1.0*Y((0, 1))+1.0*Y((0, 2))
2023-12-28 01:57:44,684 - INFO - energy -0.49994558095932007
2023-12-28 01:57:46,097 - INFO - iteration: 5, inner-counter: 8, init-grad: 0.09187538921833038, 
2023-12-28 01:57:46,100 - INFO - iteration: 6
2023-12-28 01:57:47,551 - INFO - iteration: 6, inner-counter: 1, init-grad: 0.13794828951358795, 
2023-12-28 01:57:47,555 - INFO - adding element 1.0*Y((0, 0))+1.0*Y((0, 1))+1.0*Y((0, 2))
2023-12-28 01:58:21,064 - INFO - energy -0.4999716877937317
2023-12-28 01:58:22,528 - INFO - iteration: 6, inner-counter: 2, init-grad: 0.13794828951358795, 
2023-12-28 01:58:22,531 - INFO - iteration: 7
2023-12-28 01:58:23,992 - INFO - iteration: 7, inner-counter: 1, init-grad: 0.1485021710395813, 
2023-12-28 01:58:23,996 - INFO - adding element 1.0*Y((0, 0))+1.0*Y((0, 1))+1.0*Y((0, 2))
2023-12-28 01:58:52,440 - INFO - energy -0.499933660030365
2023-12-28 01:58:54,074 - INFO - iteration: 7, inner-counter: 2, init-grad: 0.1485021710395813, 
2023-12-28 01:58:54,080 - INFO - iteration: 0
2023-12-28 01:58:54,390 - INFO - iteration: 0, inner-counter: 1, init-grad: 0.1199558675289154, 
2023-12-28 01:58:54,398 - INFO - adding element 1.0*Y((0, 0))+1.0*Y((0, 1))+1.0*Y((0, 2))
2023-12-28 01:58:54,704 - INFO - energy 4.482269287109375e-05
2023-12-28 01:58:55,080 - INFO - iteration: 0, inner-counter: 2, init-grad: 0.1199558675289154, 
2023-12-28 01:58:55,088 - INFO - adding element 1.0*X((0, 0))+1.0*X((0, 1))+1.0*X((0, 2))
2023-12-28 01:58:56,760 - INFO - energy -0.4999852180480957
2023-12-28 01:58:57,249 - INFO - iteration: 0, inner-counter: 3, init-grad: 0.1199558675289154, 
2023-12-28 01:58:57,255 - INFO - iteration: 1
2023-12-28 01:58:57,795 - INFO - iteration: 1, inner-counter: 1, init-grad: 0.14375239610671997, 
2023-12-28 01:58:57,803 - INFO - adding element 1.0*X((0, 0))+1.0*X((0, 1))+1.0*X((0, 2))
2023-12-28 01:58:59,827 - INFO - energy -0.4996897578239441
2023-12-28 01:59:00,447 - INFO - iteration: 1, inner-counter: 2, init-grad: 0.14375239610671997, 
2023-12-28 01:59:00,455 - INFO - adding element 1.0*X((0, 0))+1.0*X((0, 1))+1.0*X((0, 2))
2023-12-28 01:59:02,608 - INFO - energy -0.4994880259037018
2023-12-28 01:59:03,367 - INFO - iteration: 1, inner-counter: 3, init-grad: 0.14375239610671997, 
2023-12-28 01:59:03,375 - INFO - adding element 1.0*X((0, 0))+1.0*X((0, 1))+1.0*X((0, 2))
2023-12-28 01:59:07,408 - INFO - energy -0.4999942481517792
2023-12-28 01:59:08,206 - INFO - iteration: 1, inner-counter: 4, init-grad: 0.14375239610671997, 
2023-12-28 01:59:08,211 - INFO - iteration: 2
2023-12-28 01:59:09,192 - INFO - iteration: 2, inner-counter: 1, init-grad: 0.12431444972753525, 
2023-12-28 01:59:09,200 - INFO - adding element 1.0*Y((0, 0))+1.0*Y((0, 1))+1.0*Y((0, 2))
2023-12-28 01:59:14,046 - INFO - energy -0.49997633695602417
2023-12-28 01:59:14,998 - INFO - iteration: 2, inner-counter: 2, init-grad: 0.12431444972753525, 
2023-12-28 01:59:15,006 - INFO - adding element 1.0*Y((0, 0))+1.0*Y((0, 1))+1.0*Y((0, 2))
2023-12-28 01:59:19,780 - INFO - energy -0.4999087452888489
2023-12-28 01:59:20,946 - INFO - iteration: 2, inner-counter: 3, init-grad: 0.12431444972753525, 
2023-12-28 01:59:20,954 - INFO - adding element 1.0*Y((0, 0))+1.0*Y((0, 1))+1.0*Y((0, 2))
2023-12-28 01:59:26,449 - INFO - energy -0.4999379515647888
2023-12-28 01:59:27,728 - INFO - iteration: 2, inner-counter: 4, init-grad: 0.12431444972753525, 
2023-12-28 01:59:27,774 - INFO - iteration: 3
2023-12-28 01:59:28,944 - INFO - iteration: 3, inner-counter: 1, init-grad: 0.08981318026781082, 
2023-12-28 01:59:28,951 - INFO - adding element 1.0*Y((0, 0))+1.0*Y((0, 1))+1.0*Y((0, 2))
2023-12-28 01:59:35,818 - INFO - energy -0.49995920062065125
2023-12-28 01:59:37,118 - INFO - iteration: 3, inner-counter: 2, init-grad: 0.08981318026781082, 
2023-12-28 01:59:37,135 - INFO - adding element 1.0*Y((0, 0))+1.0*Y((0, 1))+1.0*Y((0, 2))
2023-12-28 01:59:43,774 - INFO - energy -0.4996910095214844
2023-12-28 01:59:45,222 - INFO - iteration: 3, inner-counter: 3, init-grad: 0.08981318026781082, 
2023-12-28 01:59:45,232 - INFO - adding element 1.0*Y((0, 0))+1.0*Y((0, 1))+1.0*Y((0, 2))
2023-12-28 01:59:56,565 - INFO - energy -0.4999580979347229
2023-12-28 01:59:58,173 - INFO - iteration: 3, inner-counter: 4, init-grad: 0.08981318026781082, 
2023-12-28 01:59:58,180 - INFO - adding element 1.0*Y((0, 0))+1.0*Y((0, 1))+1.0*Y((0, 2))
2023-12-28 02:00:05,859 - INFO - energy -0.4996045231819153
2023-12-28 02:00:07,589 - INFO - iteration: 3, inner-counter: 5, init-grad: 0.08981318026781082, 
2023-12-28 02:00:07,608 - INFO - adding element 1.0*Y((0, 0))+1.0*Y((0, 1))+1.0*Y((0, 2))
2023-12-28 02:00:16,289 - INFO - energy -0.4996863603591919
2023-12-28 02:00:18,230 - INFO - iteration: 3, inner-counter: 6, init-grad: 0.08981318026781082, 
2023-12-28 02:00:18,240 - INFO - adding element 1.0*Y((0, 0))+1.0*Y((0, 1))+1.0*Y((0, 2))
2023-12-28 02:00:32,023 - INFO - energy -0.4999355971813202
2023-12-28 02:00:34,005 - INFO - iteration: 3, inner-counter: 7, init-grad: 0.08981318026781082, 
2023-12-28 02:00:34,013 - INFO - adding element 1.0*Y((0, 0))+1.0*Y((0, 1))+1.0*Y((0, 2))
2023-12-28 02:00:42,341 - INFO - energy -0.4976468086242676
2023-12-28 02:00:44,470 - INFO - iteration: 3, inner-counter: 8, init-grad: 0.08981318026781082, 
2023-12-28 02:00:44,481 - INFO - adding element 1.0*Y((0, 0))+1.0*Y((0, 1))+1.0*Y((0, 2))
2023-12-28 02:00:58,164 - INFO - energy -0.4993441700935364
2023-12-28 02:01:00,198 - INFO - iteration: 3, inner-counter: 9, init-grad: 0.08981318026781082, 
2023-12-28 02:01:00,206 - INFO - adding element 1.0*X((0, 0))*X((0, 2))
2023-12-28 02:01:09,197 - INFO - energy -0.4993135333061218
2023-12-28 02:01:11,309 - INFO - iteration: 3, inner-counter: 10, init-grad: 0.08981318026781082, 
2023-12-28 02:01:11,315 - INFO - iteration: 4
2023-12-28 02:01:13,657 - INFO - iteration: 4, inner-counter: 1, init-grad: 0.05276811867952347, 
2023-12-28 02:01:13,667 - INFO - adding element 1.0*X((0, 0))*X((0, 2))
2023-12-28 02:01:34,304 - INFO - energy -0.49991098046302795
2023-12-28 02:01:36,755 - INFO - iteration: 4, inner-counter: 2, init-grad: 0.05276811867952347, 
2023-12-28 02:01:36,760 - INFO - iteration: 5
2023-12-28 02:01:39,223 - INFO - iteration: 5, inner-counter: 1, init-grad: 0.06682159006595612, 
2023-12-28 02:01:39,230 - INFO - adding element 1.0*Y((0, 0))+1.0*Y((0, 1))+1.0*Y((0, 2))
2023-12-28 02:01:52,706 - INFO - energy -0.49997299909591675
2023-12-28 02:01:55,318 - INFO - iteration: 5, inner-counter: 2, init-grad: 0.06682159006595612, 
2023-12-28 02:01:55,323 - INFO - iteration: 6
2023-12-28 02:01:57,937 - INFO - iteration: 6, inner-counter: 1, init-grad: 0.03435209393501282, 
2023-12-28 02:01:57,945 - INFO - adding element 1.0*Y((0, 0))*Y((0, 2))
2023-12-28 02:02:13,350 - INFO - energy -0.4999055862426758
2023-12-28 02:02:16,003 - INFO - iteration: 6, inner-counter: 2, init-grad: 0.03435209393501282, 
2023-12-28 02:02:16,008 - INFO - iteration: 7
2023-12-28 02:02:18,772 - INFO - iteration: 7, inner-counter: 1, init-grad: 0.045816436409950256, 
2023-12-28 02:02:18,780 - INFO - adding element 1.0*Y((0, 0))+1.0*Y((0, 1))+1.0*Y((0, 2))
2023-12-28 02:02:31,460 - INFO - energy -0.49968022108078003
2023-12-28 02:02:34,402 - INFO - iteration: 7, inner-counter: 2, init-grad: 0.045816436409950256, 
2023-12-28 02:02:34,409 - INFO - adding element 1.0*Y((0, 0))+1.0*Y((0, 1))+1.0*Y((0, 2))
2023-12-28 02:02:50,244 - INFO - energy -0.4997396767139435
2023-12-28 02:02:53,190 - INFO - iteration: 7, inner-counter: 3, init-grad: 0.045816436409950256, 
2023-12-28 02:04:21,114 - INFO - real cost: -0.5
2023-12-28 02:04:21,123 - INFO - iteration: 0
2023-12-28 02:04:21,392 - INFO - iteration: 0, inner-counter: 1, init-grad: 0.1199558675289154, 
2023-12-28 02:04:21,395 - INFO - adding element 1.0*Y((0, 0))+1.0*Y((0, 1))+1.0*Y((0, 2))
2023-12-28 02:04:21,653 - INFO - energy 4.4949352741241455e-05
2023-12-28 02:04:21,814 - INFO - iteration: 0, inner-counter: 2, init-grad: 0.1199558675289154, 
2023-12-28 02:04:21,818 - INFO - adding element 1.0*X((0, 0))+1.0*X((0, 1))+1.0*X((0, 2))
2023-12-28 02:04:23,374 - INFO - energy -0.4999852180480957
2023-12-28 02:04:23,574 - INFO - iteration: 0, inner-counter: 3, init-grad: 0.1199558675289154, 
2023-12-28 02:04:23,576 - INFO - iteration: 1
2023-12-28 02:04:23,806 - INFO - iteration: 1, inner-counter: 1, init-grad: 0.14373564720153809, 
2023-12-28 02:04:23,809 - INFO - adding element 1.0*X((0, 0))+1.0*X((0, 1))+1.0*X((0, 2))
2023-12-28 02:04:25,489 - INFO - energy -0.49946263432502747
2023-12-28 02:04:25,752 - INFO - iteration: 1, inner-counter: 2, init-grad: 0.14373564720153809, 
2023-12-28 02:04:25,754 - INFO - iteration: 2
2023-12-28 02:04:26,055 - INFO - iteration: 2, inner-counter: 1, init-grad: 0.11650413274765015, 
2023-12-28 02:04:26,059 - INFO - adding element 1.0*Y((0, 0))+1.0*Y((0, 1))+1.0*Y((0, 2))
2023-12-28 02:04:28,295 - INFO - energy -0.4995492100715637
2023-12-28 02:04:28,642 - INFO - iteration: 2, inner-counter: 2, init-grad: 0.11650413274765015, 
2023-12-28 02:04:28,645 - INFO - adding element 1.0*Y((0, 0))+1.0*Y((0, 1))+1.0*Y((0, 2))
2023-12-28 02:04:31,049 - INFO - energy -0.49900490045547485
2023-12-28 02:04:31,438 - INFO - iteration: 2, inner-counter: 3, init-grad: 0.11650413274765015, 
2023-12-28 02:04:31,442 - INFO - adding element 1.0*Y((0, 0))+1.0*Y((0, 1))+1.0*Y((0, 2))
2023-12-28 02:04:35,172 - INFO - energy -0.4997326731681824
2023-12-28 02:04:35,699 - INFO - iteration: 2, inner-counter: 4, init-grad: 0.11650413274765015, 
2023-12-28 02:04:35,702 - INFO - adding element 1.0*Y((0, 0))+1.0*Y((0, 1))+1.0*Y((0, 2))
2023-12-28 02:04:54,871 - INFO - real cost: -0.5
2023-12-28 02:04:54,879 - INFO - iteration: 0
2023-12-28 02:04:55,129 - INFO - iteration: 0, inner-counter: 1, init-grad: 0.11995579302310944, 
2023-12-28 02:04:55,132 - INFO - adding element 1.0*Y((0, 0))+1.0*Y((0, 1))+1.0*Y((0, 2))
2023-12-28 02:04:55,397 - INFO - energy 4.4833868741989136e-05
2023-12-28 02:04:55,557 - INFO - iteration: 0, inner-counter: 2, init-grad: 0.11995579302310944, 
2023-12-28 02:04:55,560 - INFO - adding element 1.0*X((0, 0))+1.0*X((0, 1))+1.0*X((0, 2))
2023-12-28 02:04:57,110 - INFO - energy -0.49998506903648376
2023-12-28 02:04:57,310 - INFO - iteration: 0, inner-counter: 3, init-grad: 0.11995579302310944, 
2023-12-28 02:04:57,322 - INFO - iteration: 1
2023-12-28 02:04:57,558 - INFO - iteration: 1, inner-counter: 1, init-grad: 0.14372962713241577, 
2023-12-28 02:04:57,562 - INFO - adding element 1.0*X((0, 0))+1.0*X((0, 1))+1.0*X((0, 2))
2023-12-28 02:06:47,222 - INFO - real cost: -0.5
2023-12-28 02:06:47,231 - INFO - iteration: 0
2023-12-28 02:06:47,552 - INFO - iteration: 0, inner-counter: 1, init-grad: 0.11995579302310944, 
2023-12-28 02:06:47,555 - INFO - adding element 1.0*Y((0, 0))+1.0*Y((0, 1))+1.0*Y((0, 2))
2023-12-28 02:06:47,817 - INFO - energy 4.4833868741989136e-05
2023-12-28 02:06:47,978 - INFO - iteration: 0, inner-counter: 2, init-grad: 0.11995579302310944, 
2023-12-28 02:06:47,982 - INFO - adding element 1.0*X((0, 0))+1.0*X((0, 1))+1.0*X((0, 2))
2023-12-28 02:06:49,521 - INFO - energy -0.49998506903648376
2023-12-28 02:06:49,721 - INFO - iteration: 0, inner-counter: 3, init-grad: 0.11995579302310944, 
2023-12-28 02:09:06,360 - INFO - real cost: -0.5
2023-12-28 02:09:06,369 - INFO - iteration: 0
2023-12-28 02:09:06,585 - INFO - iteration: 0, inner-counter: 1, init-grad: 0.11995579302310944, 
2023-12-28 02:09:06,588 - INFO - adding element 1.0*Y((0, 0))+1.0*Y((0, 1))+1.0*Y((0, 2))
2023-12-28 02:09:06,860 - INFO - energy 4.533305764198303e-05
2023-12-28 02:09:07,034 - INFO - iteration: 0, inner-counter: 2, init-grad: 0.11995579302310944, 
2023-12-28 02:09:07,038 - INFO - adding element 1.0*X((0, 0))+1.0*X((0, 1))+1.0*X((0, 2))
2023-12-28 02:09:08,590 - INFO - energy -0.4999852180480957
2023-12-28 02:09:08,791 - INFO - iteration: 0, inner-counter: 3, init-grad: 0.11995579302310944, 
2023-12-28 02:09:08,793 - INFO - iteration: 1
2023-12-28 02:09:09,030 - INFO - iteration: 1, inner-counter: 1, init-grad: 0.14349569380283356, 
2023-12-28 02:09:09,034 - INFO - adding element 1.0*X((0, 0))+1.0*X((0, 1))+1.0*X((0, 2))
2023-12-28 02:09:10,971 - INFO - energy -0.49968859553337097
2023-12-28 02:09:11,246 - INFO - iteration: 1, inner-counter: 2, init-grad: 0.14349569380283356, 
2023-12-28 02:09:11,249 - INFO - adding element 1.0*X((0, 0))+1.0*X((0, 1))+1.0*X((0, 2))
2023-12-28 02:09:13,112 - INFO - energy -0.49949535727500916
2023-12-28 02:09:13,432 - INFO - iteration: 1, inner-counter: 3, init-grad: 0.14349569380283356, 
2023-12-28 02:09:13,436 - INFO - adding element 1.0*X((0, 0))+1.0*X((0, 1))+1.0*X((0, 2))
2023-12-28 02:09:17,375 - INFO - energy -0.49999386072158813
2023-12-28 02:09:17,731 - INFO - iteration: 1, inner-counter: 4, init-grad: 0.14349569380283356, 
2023-12-28 02:09:17,735 - INFO - iteration: 2
2023-12-28 02:09:18,119 - INFO - iteration: 2, inner-counter: 1, init-grad: 0.12454720586538315, 
2023-12-28 02:09:18,122 - INFO - adding element 1.0*Y((0, 0))+1.0*Y((0, 1))+1.0*Y((0, 2))
2023-12-28 02:09:22,700 - INFO - energy -0.499947726726532
2023-12-28 02:09:23,121 - INFO - iteration: 2, inner-counter: 2, init-grad: 0.12454720586538315, 
2023-12-28 02:09:23,125 - INFO - adding element 1.0*Y((0, 0))+1.0*Y((0, 1))+1.0*Y((0, 2))
2023-12-28 02:09:28,514 - INFO - energy -0.49996060132980347
2023-12-28 02:09:28,983 - INFO - iteration: 2, inner-counter: 3, init-grad: 0.12454720586538315, 
2023-12-28 02:09:28,987 - INFO - adding element 1.0*Y((0, 0))+1.0*Y((0, 1))+1.0*Y((0, 2))
2023-12-28 02:09:35,001 - INFO - energy -0.49995535612106323
2023-12-28 02:09:35,517 - INFO - iteration: 2, inner-counter: 4, init-grad: 0.12454720586538315, 
2023-12-28 02:09:35,521 - INFO - iteration: 3
2023-12-28 02:09:36,073 - INFO - iteration: 3, inner-counter: 1, init-grad: 0.1131134033203125, 
2023-12-28 02:09:36,077 - INFO - adding element 1.0*Y((0, 0))+1.0*Y((0, 1))+1.0*Y((0, 2))
2023-12-28 02:09:44,060 - INFO - energy -0.4999701976776123
2023-12-28 02:09:44,646 - INFO - iteration: 3, inner-counter: 2, init-grad: 0.1131134033203125, 
2023-12-28 02:09:44,652 - INFO - iteration: 4
2023-12-28 02:09:45,422 - INFO - iteration: 4, inner-counter: 1, init-grad: 0.1392497420310974, 
2023-12-28 02:09:45,428 - INFO - adding element 1.0*X((0, 0))+1.0*X((0, 1))+1.0*X((0, 2))
2023-12-28 02:09:52,569 - INFO - energy -0.49994999170303345
2023-12-28 02:09:53,354 - INFO - iteration: 4, inner-counter: 2, init-grad: 0.1392497420310974, 
2023-12-28 02:09:53,358 - INFO - adding element 1.0*X((0, 0))+1.0*X((0, 1))+1.0*X((0, 2))
2023-12-28 02:09:59,616 - INFO - energy -0.4976327121257782
2023-12-28 02:10:00,384 - INFO - iteration: 4, inner-counter: 3, init-grad: 0.1392497420310974, 
2023-12-28 02:10:00,390 - INFO - iteration: 5
2023-12-28 02:10:01,097 - INFO - iteration: 5, inner-counter: 1, init-grad: 0.04302183911204338, 
2023-12-28 02:10:01,102 - INFO - adding element 1.0*Y((0, 0))+1.0*Y((0, 1))+1.0*Y((0, 2))
2023-12-28 02:10:10,994 - INFO - energy -0.4999445378780365
2023-12-28 02:10:11,756 - INFO - iteration: 5, inner-counter: 2, init-grad: 0.04302183911204338, 
2023-12-28 02:10:11,761 - INFO - adding element 1.0*Y((0, 0))+1.0*Y((0, 1))+1.0*Y((0, 2))
2023-12-28 02:10:20,301 - INFO - energy -0.499891996383667
2023-12-28 02:10:21,077 - INFO - iteration: 5, inner-counter: 3, init-grad: 0.04302183911204338, 
2023-12-28 02:10:21,079 - INFO - adding element 1.0*Y((0, 0))+1.0*Y((0, 1))+1.0*Y((0, 2))
2023-12-28 02:10:32,510 - INFO - energy -0.49996286630630493
2023-12-28 02:10:33,371 - INFO - iteration: 5, inner-counter: 4, init-grad: 0.04302183911204338, 
2023-12-28 02:10:33,375 - INFO - adding element 1.0*Y((0, 0))+1.0*Y((0, 1))+1.0*Y((0, 2))
2023-12-28 02:10:43,258 - INFO - energy -0.4971332550048828
2023-12-28 02:10:44,304 - INFO - iteration: 5, inner-counter: 5, init-grad: 0.04302183911204338, 
2023-12-28 02:10:44,309 - INFO - adding element 1.0*Y((0, 0))+1.0*Y((0, 1))+1.0*Y((0, 2))
2023-12-28 02:10:57,053 - INFO - energy -0.49971485137939453
2023-12-28 02:10:58,050 - INFO - iteration: 5, inner-counter: 6, init-grad: 0.04302183911204338, 
2023-12-28 02:10:58,055 - INFO - adding element 1.0*Y((0, 0))+1.0*Y((0, 1))+1.0*Y((0, 2))
2023-12-28 02:11:15,149 - INFO - energy -0.49987173080444336
2023-12-28 02:11:16,714 - INFO - iteration: 5, inner-counter: 7, init-grad: 0.04302183911204338, 
2023-12-28 02:11:16,720 - INFO - adding element 1.0*Y((0, 0))+1.0*Y((0, 1))+1.0*Y((0, 2))
2023-12-28 02:11:56,589 - INFO - real cost: -0.5
2023-12-28 02:11:56,598 - INFO - iteration: 0
2023-12-28 02:11:57,019 - INFO - iteration: 0, inner-counter: 1, init-grad: 0.1199558675289154, 
2023-12-28 02:11:57,027 - INFO - adding element 1.0*Y((0, 0))+1.0*Y((0, 1))+1.0*Y((0, 2))
2023-12-28 02:11:57,325 - INFO - energy 4.482269287109375e-05
2023-12-28 02:11:57,700 - INFO - iteration: 0, inner-counter: 2, init-grad: 0.1199558675289154, 
2023-12-28 02:11:57,707 - INFO - adding element 1.0*X((0, 0))+1.0*X((0, 1))+1.0*X((0, 2))
2023-12-28 02:11:59,249 - INFO - energy -0.4999852180480957
2023-12-28 02:11:59,678 - INFO - iteration: 0, inner-counter: 3, init-grad: 0.1199558675289154, 
2023-12-28 02:11:59,682 - INFO - iteration: 0, depth: 16
2023-12-28 02:11:59,683 - INFO - iteration: 1
2023-12-28 02:12:00,178 - INFO - iteration: 1, inner-counter: 1, init-grad: 0.14375239610671997, 
2023-12-28 02:12:00,185 - INFO - adding element 1.0*X((0, 0))+1.0*X((0, 1))+1.0*X((0, 2))
2023-12-28 02:12:02,002 - INFO - energy -0.4996897578239441
2023-12-28 02:12:02,582 - INFO - iteration: 1, inner-counter: 2, init-grad: 0.14375239610671997, 
2023-12-28 02:12:02,589 - INFO - adding element 1.0*X((0, 0))+1.0*X((0, 1))+1.0*X((0, 2))
2023-12-28 02:12:04,556 - INFO - energy -0.4994880259037018
2023-12-28 02:12:05,348 - INFO - iteration: 1, inner-counter: 3, init-grad: 0.14375239610671997, 
2023-12-28 02:12:05,355 - INFO - adding element 1.0*X((0, 0))+1.0*X((0, 1))+1.0*X((0, 2))
2023-12-28 02:12:09,300 - INFO - energy -0.4999942481517792
2023-12-28 02:12:10,085 - INFO - iteration: 1, inner-counter: 4, init-grad: 0.14375239610671997, 
2023-12-28 02:12:10,090 - INFO - iteration: 1, depth: 34
2023-12-28 02:12:10,090 - INFO - iteration: 2
2023-12-28 02:12:10,933 - INFO - iteration: 2, inner-counter: 1, init-grad: 0.12431444972753525, 
2023-12-28 02:12:10,941 - INFO - adding element 1.0*Y((0, 0))+1.0*Y((0, 1))+1.0*Y((0, 2))
2023-12-28 02:12:15,748 - INFO - energy -0.49997633695602417
2023-12-28 02:12:16,670 - INFO - iteration: 2, inner-counter: 2, init-grad: 0.12431444972753525, 
2023-12-28 02:12:16,677 - INFO - adding element 1.0*Y((0, 0))+1.0*Y((0, 1))+1.0*Y((0, 2))
2023-12-28 02:12:21,457 - INFO - energy -0.4999087452888489
2023-12-28 02:12:22,576 - INFO - iteration: 2, inner-counter: 3, init-grad: 0.12431444972753525, 
2023-12-28 02:12:22,589 - INFO - adding element 1.0*Y((0, 0))+1.0*Y((0, 1))+1.0*Y((0, 2))
2023-12-28 02:12:27,986 - INFO - energy -0.4999379515647888
2023-12-28 02:12:29,200 - INFO - iteration: 2, inner-counter: 4, init-grad: 0.12431444972753525, 
2023-12-28 02:12:29,207 - INFO - iteration: 2, depth: 52
2023-12-28 02:12:29,208 - INFO - iteration: 3
2023-12-28 02:12:30,398 - INFO - iteration: 3, inner-counter: 1, init-grad: 0.08981318026781082, 
2023-12-28 02:12:30,408 - INFO - adding element 1.0*Y((0, 0))+1.0*Y((0, 1))+1.0*Y((0, 2))
2023-12-28 02:12:37,124 - INFO - energy -0.49995920062065125
2023-12-28 02:12:38,373 - INFO - iteration: 3, inner-counter: 2, init-grad: 0.08981318026781082, 
2023-12-28 02:12:38,381 - INFO - adding element 1.0*Y((0, 0))+1.0*Y((0, 1))+1.0*Y((0, 2))
2023-12-28 02:12:44,767 - INFO - energy -0.4996910095214844
2023-12-28 02:12:46,223 - INFO - iteration: 3, inner-counter: 3, init-grad: 0.08981318026781082, 
2023-12-28 02:12:46,231 - INFO - adding element 1.0*Y((0, 0))+1.0*Y((0, 1))+1.0*Y((0, 2))
2023-12-28 02:12:57,092 - INFO - energy -0.4999580979347229
2023-12-28 02:12:58,658 - INFO - iteration: 3, inner-counter: 4, init-grad: 0.08981318026781082, 
2023-12-28 02:12:58,666 - INFO - adding element 1.0*Y((0, 0))+1.0*Y((0, 1))+1.0*Y((0, 2))
2023-12-28 02:13:06,264 - INFO - energy -0.4996045231819153
2023-12-28 02:13:07,926 - INFO - iteration: 3, inner-counter: 5, init-grad: 0.08981318026781082, 
2023-12-28 02:13:07,939 - INFO - adding element 1.0*Y((0, 0))+1.0*Y((0, 1))+1.0*Y((0, 2))
2023-12-28 02:13:16,737 - INFO - energy -0.4996863603591919
2023-12-28 02:13:18,472 - INFO - iteration: 3, inner-counter: 6, init-grad: 0.08981318026781082, 
2023-12-28 02:13:18,479 - INFO - adding element 1.0*Y((0, 0))+1.0*Y((0, 1))+1.0*Y((0, 2))
2023-12-28 02:13:32,276 - INFO - energy -0.4999355971813202
2023-12-28 02:13:34,205 - INFO - iteration: 3, inner-counter: 7, init-grad: 0.08981318026781082, 
2023-12-28 02:13:34,215 - INFO - adding element 1.0*Y((0, 0))+1.0*Y((0, 1))+1.0*Y((0, 2))
2023-12-28 02:13:42,702 - INFO - energy -0.4976468086242676
2023-12-28 02:13:44,674 - INFO - iteration: 3, inner-counter: 8, init-grad: 0.08981318026781082, 
2023-12-28 02:13:44,681 - INFO - adding element 1.0*Y((0, 0))+1.0*Y((0, 1))+1.0*Y((0, 2))
2023-12-28 02:13:58,581 - INFO - energy -0.4993441700935364
2023-12-28 02:14:00,658 - INFO - iteration: 3, inner-counter: 9, init-grad: 0.08981318026781082, 
2023-12-28 02:14:00,665 - INFO - adding element 1.0*X((0, 0))*X((0, 2))
2023-12-28 02:14:08,007 - INFO - energy -0.49898722767829895
2023-12-28 02:14:10,129 - INFO - iteration: 3, inner-counter: 10, init-grad: 0.08981318026781082, 
2023-12-28 02:14:10,137 - INFO - iteration: 3, depth: 90
2023-12-28 02:14:10,137 - INFO - iteration: 4
2023-12-28 02:14:12,400 - INFO - iteration: 4, inner-counter: 1, init-grad: 0.09377638250589371, 
2023-12-28 02:14:12,407 - INFO - adding element 1.0*X((0, 1))
2023-12-28 02:14:30,226 - INFO - graph: Graph with 3 nodes and 3 edges
2023-12-28 02:14:30,227 - INFO - real cost: -0.06095375093559219
2023-12-28 02:14:30,235 - INFO - iteration: 0
2023-12-28 02:14:30,498 - INFO - iteration: 0, inner-counter: 1, init-grad: 0.0717191994190216, 
2023-12-28 02:14:30,501 - INFO - adding element 1.0*Y((0, 0))+1.0*Y((0, 1))+1.0*Y((0, 2))
2023-12-28 02:14:31,910 - INFO - energy -0.33868712186813354
2023-12-28 02:14:32,081 - INFO - iteration: 0, inner-counter: 2, init-grad: 0.0717191994190216, 
2023-12-28 02:14:32,085 - INFO - adding element 1.0*Y((0, 0))+1.0*Y((0, 1))+1.0*Y((0, 2))
2023-12-28 02:14:33,457 - INFO - energy -0.3419506847858429
2023-12-28 02:14:33,664 - INFO - iteration: 0, inner-counter: 3, init-grad: 0.0717191994190216, 
2023-12-28 02:14:33,666 - INFO - iteration: 0, depth: 16
2023-12-28 02:14:33,666 - INFO - iteration: 1
2023-12-28 02:14:33,903 - INFO - iteration: 1, inner-counter: 1, init-grad: 0.05437755584716797, 
2023-12-28 02:14:33,908 - INFO - adding element 1.0*X((0, 0))+1.0*X((0, 1))+1.0*X((0, 2))
2023-12-28 02:14:35,852 - INFO - energy -0.35974663496017456
2023-12-28 02:14:36,119 - INFO - iteration: 1, inner-counter: 2, init-grad: 0.05437755584716797, 
2023-12-28 02:14:36,122 - INFO - adding element 1.0*X((0, 1))
2023-12-28 02:14:38,940 - INFO - energy -0.4850466847419739
2023-12-28 02:14:39,243 - INFO - iteration: 1, inner-counter: 3, init-grad: 0.05437755584716797, 
2023-12-28 02:14:39,248 - INFO - adding element 1.0*Y((0, 0))+1.0*Y((0, 1))+1.0*Y((0, 2))
2023-12-28 02:14:41,375 - INFO - energy -0.606275737285614
2023-12-28 02:14:41,719 - INFO - iteration: 1, inner-counter: 4, init-grad: 0.05437755584716797, 
2023-12-28 02:14:41,722 - INFO - adding element 1.0*X((0, 0))+1.0*X((0, 1))+1.0*X((0, 2))
2023-12-28 02:14:45,459 - INFO - energy -0.6146017909049988
2023-12-28 02:14:45,946 - INFO - iteration: 1, inner-counter: 5, init-grad: 0.05437755584716797, 
2023-12-28 02:14:45,949 - INFO - iteration: 1, depth: 37
2023-12-28 02:14:45,949 - INFO - iteration: 2
2023-12-28 02:14:46,375 - INFO - iteration: 2, inner-counter: 1, init-grad: 0.1856698840856552, 
2023-12-28 02:14:46,380 - INFO - adding element 1.0*X((0, 2))
2023-12-28 02:14:49,839 - INFO - energy -0.6476009488105774
2023-12-28 02:14:50,276 - INFO - iteration: 2, inner-counter: 2, init-grad: 0.1856698840856552, 
2023-12-28 02:14:50,280 - INFO - iteration: 2, depth: 49
2023-12-28 02:14:50,280 - INFO - iteration: 3
2023-12-28 02:14:50,749 - INFO - iteration: 3, inner-counter: 1, init-grad: 0.027021892368793488, 
2023-12-28 02:14:50,753 - INFO - adding element 1.0*X((0, 0))+1.0*X((0, 1))+1.0*X((0, 2))
2023-12-28 02:14:59,713 - INFO - energy -0.64769047498703
2023-12-28 02:15:00,216 - INFO - iteration: 3, inner-counter: 2, init-grad: 0.027021892368793488, 
2023-12-28 02:15:00,220 - INFO - adding element 1.0*X((0, 0))+1.0*X((0, 1))+1.0*X((0, 2))
2023-12-28 02:15:05,683 - INFO - energy -0.6458203792572021
2023-12-28 02:15:06,345 - INFO - iteration: 3, inner-counter: 3, init-grad: 0.027021892368793488, 
2023-12-28 02:15:06,349 - INFO - adding element 1.0*X((0, 0))+1.0*X((0, 1))+1.0*X((0, 2))
2023-12-28 02:15:11,813 - INFO - energy -0.6405705809593201
2023-12-28 02:15:12,494 - INFO - iteration: 3, inner-counter: 4, init-grad: 0.027021892368793488, 
2023-12-28 02:15:12,497 - INFO - adding element 1.0*X((0, 0))
2023-12-28 02:15:17,889 - INFO - energy -0.6447134017944336
2023-12-28 02:15:18,516 - INFO - iteration: 3, inner-counter: 5, init-grad: 0.027021892368793488, 
2023-12-28 02:15:18,520 - INFO - adding element 1.0*X((0, 0))+1.0*X((0, 1))+1.0*X((0, 2))
2023-12-28 02:15:25,888 - INFO - energy -0.6475828289985657
2023-12-28 02:15:26,587 - INFO - iteration: 3, inner-counter: 6, init-grad: 0.027021892368793488, 
2023-12-28 02:15:26,591 - INFO - adding element 1.0*X((0, 0))+1.0*X((0, 1))+1.0*X((0, 2))
2023-12-28 02:15:40,350 - INFO - graph: Graph with 3 nodes and 3 edges
2023-12-28 02:15:40,350 - INFO - real cost: -0.28788531597844436
2023-12-28 02:15:40,359 - INFO - iteration: 0
2023-12-28 02:15:40,633 - INFO - iteration: 0, inner-counter: 1, init-grad: 0.10162916779518127, 
2023-12-28 02:15:40,636 - INFO - adding element 1.0*Y((0, 0))+1.0*Y((0, 1))+1.0*Y((0, 2))
2023-12-28 02:15:42,217 - INFO - energy -0.09398982673883438
2023-12-28 02:15:42,377 - INFO - iteration: 0, inner-counter: 2, init-grad: 0.10162916779518127, 
2023-12-28 02:15:42,380 - INFO - iteration: 0, depth: 13
2023-12-28 02:15:42,380 - INFO - iteration: 1
2023-12-28 02:15:42,577 - INFO - iteration: 1, inner-counter: 1, init-grad: 0.09538009017705917, 
2023-12-28 02:15:42,580 - INFO - adding element 1.0*X((0, 0))+1.0*X((0, 1))+1.0*X((0, 2))
2023-12-28 02:16:09,464 - INFO - graph: Graph with 3 nodes and 3 edges
2023-12-28 02:16:09,464 - INFO - real cost: -0.07186153255263084
2023-12-28 02:16:09,473 - INFO - iteration: 0
2023-12-28 02:16:09,734 - INFO - iteration: 0, inner-counter: 1, init-grad: 0.01812482252717018, 
2023-12-28 02:16:09,739 - INFO - adding element 1.0*Y((0, 0))+1.0*Y((0, 1))+1.0*Y((0, 2))
2023-12-28 02:16:10,461 - INFO - energy 5.535211676033214e-05
2023-12-28 02:16:10,626 - INFO - iteration: 0, inner-counter: 2, init-grad: 0.01812482252717018, 
2023-12-28 02:16:10,629 - INFO - adding element 1.0*X((0, 0))+1.0*X((0, 1))+1.0*X((0, 2))
2023-12-28 02:16:11,374 - INFO - energy -0.0759730190038681
2023-12-28 02:16:11,692 - INFO - iteration: 0, inner-counter: 3, init-grad: 0.01812482252717018, 
2023-12-28 02:16:11,695 - INFO - adding element 1.0*X((0, 0))+1.0*X((0, 1))+1.0*X((0, 2))
2023-12-28 02:16:12,930 - INFO - energy -0.07589466869831085
2023-12-28 02:16:13,172 - INFO - iteration: 0, inner-counter: 4, init-grad: 0.01812482252717018, 
2023-12-28 02:16:13,175 - INFO - adding element 1.0*X((0, 0))+1.0*X((0, 1))+1.0*X((0, 2))
2023-12-28 02:16:15,115 - INFO - energy -0.07593746483325958
2023-12-28 02:16:15,404 - INFO - iteration: 0, inner-counter: 5, init-grad: 0.01812482252717018, 
2023-12-28 02:16:15,407 - INFO - iteration: 0, depth: 22
2023-12-28 02:16:15,407 - INFO - iteration: 1
2023-12-28 02:16:15,731 - INFO - iteration: 1, inner-counter: 1, init-grad: 0.01635715924203396, 
2023-12-28 02:16:15,734 - INFO - adding element 1.0*Y((0, 0))+1.0*Y((0, 1))+1.0*Y((0, 2))
2023-12-28 02:16:18,652 - INFO - energy -0.0760645642876625
2023-12-28 02:16:19,012 - INFO - iteration: 1, inner-counter: 2, init-grad: 0.01635715924203396, 
2023-12-28 02:16:19,016 - INFO - adding element 1.0*Y((0, 0))+1.0*Y((0, 1))+1.0*Y((0, 2))
2023-12-28 02:16:21,582 - INFO - energy -0.07581251859664917
2023-12-28 02:16:21,976 - INFO - iteration: 1, inner-counter: 3, init-grad: 0.01635715924203396, 
2023-12-28 02:16:21,980 - INFO - adding element 1.0*Y((0, 0))+1.0*Y((0, 1))+1.0*Y((0, 2))
2023-12-28 02:16:25,751 - INFO - energy -0.07601718604564667
2023-12-28 02:16:26,185 - INFO - iteration: 1, inner-counter: 4, init-grad: 0.01635715924203396, 
2023-12-28 02:16:26,189 - INFO - iteration: 1, depth: 40
2023-12-28 02:16:26,189 - INFO - iteration: 2
2023-12-28 02:16:26,659 - INFO - iteration: 2, inner-counter: 1, init-grad: 0.030346378684043884, 
2023-12-28 02:16:26,662 - INFO - adding element 1.0*X((0, 0))+1.0*X((0, 1))+1.0*X((0, 2))
2023-12-28 02:16:31,475 - INFO - energy -0.07578573375940323
2023-12-28 02:16:31,974 - INFO - iteration: 2, inner-counter: 2, init-grad: 0.030346378684043884, 
2023-12-28 02:16:31,979 - INFO - iteration: 2, depth: 52
2023-12-28 02:16:31,980 - INFO - iteration: 3
2023-12-28 02:16:32,624 - INFO - iteration: 3, inner-counter: 1, init-grad: 0.01545456238090992, 
2023-12-28 02:16:32,628 - INFO - adding element 1.0*X((0, 0))+1.0*X((0, 1))+1.0*X((0, 2))
2023-12-28 02:16:35,480 - INFO - energy -0.07459276914596558
2023-12-28 02:16:36,050 - INFO - iteration: 3, inner-counter: 2, init-grad: 0.01545456238090992, 
2023-12-28 02:16:36,055 - INFO - adding element 1.0*Y((0, 0))+1.0*Y((0, 1))+1.0*Y((0, 2))
2023-12-28 02:16:41,419 - INFO - energy -0.07802319526672363
2023-12-28 02:16:42,133 - INFO - iteration: 3, inner-counter: 3, init-grad: 0.01545456238090992, 
2023-12-28 02:16:42,137 - INFO - adding element 1.0*X((0, 0))+1.0*X((0, 1))+1.0*X((0, 2))
2023-12-28 02:16:47,995 - INFO - energy -0.07590368390083313
2023-12-28 02:16:48,639 - INFO - iteration: 3, inner-counter: 4, init-grad: 0.01545456238090992, 
2023-12-28 02:16:48,643 - INFO - adding element 1.0*X((0, 0))+1.0*X((0, 1))+1.0*X((0, 2))
2023-12-28 02:16:56,403 - INFO - energy -0.07962954789400101
2023-12-28 02:16:57,084 - INFO - iteration: 3, inner-counter: 5, init-grad: 0.01545456238090992, 
2023-12-28 02:16:57,088 - INFO - iteration: 3, depth: 73
2023-12-28 02:16:57,088 - INFO - iteration: 4
2023-12-28 02:16:57,914 - INFO - iteration: 4, inner-counter: 1, init-grad: 0.009775728918612003, 
2023-12-28 02:16:57,918 - INFO - adding element 1.0*Y((0, 0))+1.0*Y((0, 1))+1.0*Y((0, 2))
2023-12-28 02:17:02,562 - INFO - energy -0.07583663612604141
2023-12-28 02:17:03,415 - INFO - iteration: 4, inner-counter: 2, init-grad: 0.009775728918612003, 
2023-12-28 02:17:03,420 - INFO - adding element 1.0*Y((0, 0))+1.0*Y((0, 1))+1.0*Y((0, 2))
2023-12-28 02:17:10,808 - INFO - energy -0.07587460428476334
2023-12-28 02:17:11,702 - INFO - iteration: 4, inner-counter: 3, init-grad: 0.009775728918612003, 
2023-12-28 02:17:11,706 - INFO - adding element 1.0*X((0, 0))+1.0*X((0, 1))+1.0*X((0, 2))
2023-12-28 02:17:20,645 - INFO - energy -0.07754276692867279
2023-12-28 02:17:21,481 - INFO - iteration: 4, inner-counter: 4, init-grad: 0.009775728918612003, 
2023-12-28 02:17:21,487 - INFO - adding element 1.0*Y((0, 0))+1.0*Y((0, 1))+1.0*Y((0, 2))
2023-12-28 02:17:30,878 - INFO - energy -0.07631512731313705
2023-12-28 02:17:31,742 - INFO - iteration: 4, inner-counter: 5, init-grad: 0.009775728918612003, 
2023-12-28 02:17:31,746 - INFO - adding element 1.0*Y((0, 0))+1.0*Y((0, 1))+1.0*Y((0, 2))
2023-12-28 02:17:39,575 - INFO - energy -0.0802413746714592
2023-12-28 02:17:40,488 - INFO - iteration: 4, inner-counter: 6, init-grad: 0.009775728918612003, 
2023-12-28 02:17:40,493 - INFO - adding element 1.0*X((0, 0))+1.0*X((0, 1))+1.0*X((0, 2))
2023-12-28 02:17:51,836 - INFO - energy -0.0808689072728157
2023-12-28 02:17:52,889 - INFO - iteration: 4, inner-counter: 7, init-grad: 0.009775728918612003, 
2023-12-28 02:17:52,894 - INFO - adding element 1.0*X((0, 0))+1.0*X((0, 1))+1.0*X((0, 2))
2023-12-28 02:18:02,932 - INFO - energy -0.07919150590896606
2023-12-28 02:18:04,031 - INFO - iteration: 4, inner-counter: 8, init-grad: 0.009775728918612003, 
2023-12-28 02:18:04,035 - INFO - adding element 1.0*Y((0, 0))+1.0*Y((0, 1))+1.0*Y((0, 2))
2023-12-28 02:18:15,558 - INFO - energy -0.0804421454668045
2023-12-28 02:18:16,704 - INFO - iteration: 4, inner-counter: 9, init-grad: 0.009775728918612003, 
2023-12-28 02:18:16,708 - INFO - adding element 1.0*X((0, 0))+1.0*X((0, 1))+1.0*X((0, 2))
2023-12-28 02:18:32,146 - INFO - energy -0.07940015196800232
2023-12-28 02:18:33,213 - INFO - iteration: 4, inner-counter: 10, init-grad: 0.009775728918612003, 
2023-12-28 02:18:33,217 - INFO - adding element 1.0*Y((0, 0))+1.0*Y((0, 1))+1.0*Y((0, 2))
2023-12-28 02:18:48,082 - INFO - energy -0.07888025790452957
2023-12-28 02:18:49,293 - INFO - iteration: 4, inner-counter: 11, init-grad: 0.009775728918612003, 
2023-12-28 02:18:49,299 - INFO - iteration: 4, depth: 112
2023-12-28 02:18:49,299 - INFO - iteration: 5
2023-12-28 02:18:50,549 - INFO - iteration: 5, inner-counter: 1, init-grad: 0.013549123890697956, 
2023-12-28 02:18:50,553 - INFO - adding element 1.0*Y((0, 0))+1.0*Y((0, 1))+1.0*Y((0, 2))
2023-12-28 02:19:08,024 - INFO - energy -0.07922074943780899
2023-12-28 02:19:09,356 - INFO - iteration: 5, inner-counter: 2, init-grad: 0.013549123890697956, 
2023-12-28 02:19:09,361 - INFO - adding element 1.0*Y((0, 0))+1.0*Y((0, 1))+1.0*Y((0, 2))
2023-12-28 02:19:29,505 - INFO - energy -0.07896055281162262
2023-12-28 02:19:30,817 - INFO - iteration: 5, inner-counter: 3, init-grad: 0.013549123890697956, 
2023-12-28 02:19:30,822 - INFO - adding element 1.0*Y((0, 0))+1.0*Y((0, 1))+1.0*Y((0, 2))
2023-12-28 02:19:48,473 - INFO - energy -0.07846833020448685
2023-12-28 02:19:49,946 - INFO - iteration: 5, inner-counter: 4, init-grad: 0.013549123890697956, 
2023-12-28 02:19:49,953 - INFO - iteration: 5, depth: 130
2023-12-28 02:19:49,953 - INFO - iteration: 6
2023-12-28 02:19:51,346 - INFO - iteration: 6, inner-counter: 1, init-grad: 0.02463592402637005, 
2023-12-28 02:19:51,349 - INFO - adding element 1.0*Y((0, 0))+1.0*Y((0, 1))+1.0*Y((0, 2))
2023-12-28 02:20:09,146 - INFO - energy -0.08143603056669235
2023-12-28 02:20:10,576 - INFO - iteration: 6, inner-counter: 2, init-grad: 0.02463592402637005, 
2023-12-28 02:20:10,584 - INFO - iteration: 6, depth: 142
2023-12-28 02:20:10,584 - INFO - iteration: 7
2023-12-28 02:20:12,041 - INFO - iteration: 7, inner-counter: 1, init-grad: 0.023505838587880135, 
2023-12-28 02:20:12,044 - INFO - adding element 1.0*X((0, 0))+1.0*X((0, 1))+1.0*X((0, 2))
2023-12-28 02:20:35,218 - INFO - energy -0.08079830557107925
2023-12-28 02:20:36,717 - INFO - iteration: 7, inner-counter: 2, init-grad: 0.023505838587880135, 
2023-12-28 02:20:36,724 - INFO - iteration: 7, depth: 154
2023-12-28 02:20:36,728 - INFO - iteration: 0
2023-12-28 02:20:37,035 - INFO - iteration: 0, inner-counter: 1, init-grad: 0.01812482252717018, 
2023-12-28 02:20:37,043 - INFO - adding element 1.0*Y((0, 0))+1.0*Y((0, 1))+1.0*Y((0, 2))
2023-12-28 02:20:37,845 - INFO - energy 5.535211676033214e-05
2023-12-28 02:20:38,222 - INFO - iteration: 0, inner-counter: 2, init-grad: 0.01812482252717018, 
2023-12-28 02:20:38,228 - INFO - adding element 1.0*X((0, 0))+1.0*X((0, 1))+1.0*X((0, 2))
2023-12-28 02:20:39,058 - INFO - energy -0.0759730190038681
2023-12-28 02:20:39,631 - INFO - iteration: 0, inner-counter: 3, init-grad: 0.01812482252717018, 
2023-12-28 02:20:39,641 - INFO - adding element 1.0*Y((0, 0))*Y((0, 2))
2023-12-28 02:20:40,601 - INFO - energy -0.0758938193321228
2023-12-28 02:20:41,131 - INFO - iteration: 0, inner-counter: 4, init-grad: 0.01812482252717018, 
2023-12-28 02:20:41,138 - INFO - iteration: 0, depth: 21
2023-12-28 02:20:41,138 - INFO - iteration: 1
2023-12-28 02:20:41,766 - INFO - iteration: 1, inner-counter: 1, init-grad: 0.02396164834499359, 
2023-12-28 02:20:41,774 - INFO - adding element 1.0*X((0, 0))+1.0*X((0, 1))+1.0*X((0, 2))
2023-12-28 02:20:43,662 - INFO - energy -0.07689866423606873
2023-12-28 02:20:44,481 - INFO - iteration: 1, inner-counter: 2, init-grad: 0.02396164834499359, 
2023-12-28 02:20:44,489 - INFO - adding element 1.0*X((0, 0))+1.0*X((0, 1))+1.0*X((0, 2))
2023-12-28 02:20:46,032 - INFO - energy -0.0759042277932167
2023-12-28 02:20:46,831 - INFO - iteration: 1, inner-counter: 3, init-grad: 0.02396164834499359, 
2023-12-28 02:20:46,839 - INFO - adding element 1.0*X((0, 0))+1.0*X((0, 1))+1.0*X((0, 2))
2023-12-28 02:20:49,989 - INFO - energy -0.08818231523036957
2023-12-28 02:20:50,994 - INFO - iteration: 1, inner-counter: 4, init-grad: 0.02396164834499359, 
2023-12-28 02:20:51,001 - INFO - iteration: 1, depth: 39
2023-12-28 02:20:51,001 - INFO - iteration: 2
2023-12-28 02:20:52,105 - INFO - iteration: 2, inner-counter: 1, init-grad: 0.014783457852900028, 
2023-12-28 02:20:52,115 - INFO - adding element 1.0*X((0, 0))*X((0, 2))
2023-12-28 02:20:54,837 - INFO - energy -0.0888003334403038
2023-12-28 02:20:55,991 - INFO - iteration: 2, inner-counter: 2, init-grad: 0.014783457852900028, 
2023-12-28 02:20:55,998 - INFO - iteration: 2, depth: 53
2023-12-28 02:20:55,998 - INFO - iteration: 3
2023-12-28 02:20:57,144 - INFO - iteration: 3, inner-counter: 1, init-grad: 0.014439674094319344, 
2023-12-28 02:20:57,151 - INFO - adding element 1.0*X((0, 1))
2023-12-28 02:21:00,651 - INFO - energy -0.0886661633849144
2023-12-28 02:21:01,955 - INFO - iteration: 3, inner-counter: 2, init-grad: 0.014439674094319344, 
2023-12-28 02:21:01,963 - INFO - iteration: 3, depth: 65
2023-12-28 02:21:01,963 - INFO - iteration: 4
2023-12-28 02:21:03,386 - INFO - iteration: 4, inner-counter: 1, init-grad: 0.012491166591644287, 
2023-12-28 02:21:03,397 - INFO - adding element 1.0*Y((0, 0))*Y((0, 2))
2023-12-28 02:21:10,478 - INFO - energy -0.08886726200580597
2023-12-28 02:21:11,933 - INFO - iteration: 4, inner-counter: 2, init-grad: 0.012491166591644287, 
2023-12-28 02:21:11,940 - INFO - iteration: 4, depth: 79
2023-12-28 02:21:11,940 - INFO - iteration: 5
2023-12-28 02:21:13,511 - INFO - iteration: 5, inner-counter: 1, init-grad: 0.008035215549170971, 
2023-12-28 02:21:13,521 - INFO - adding element 1.0*Y((0, 0))+1.0*Y((0, 1))+1.0*Y((0, 2))
2023-12-28 02:21:18,416 - INFO - energy -0.0886978730559349
2023-12-28 02:21:20,162 - INFO - iteration: 5, inner-counter: 2, init-grad: 0.008035215549170971, 
2023-12-28 02:21:20,170 - INFO - adding element 1.0*Y((0, 0))+1.0*Y((0, 1))+1.0*Y((0, 2))
2023-12-28 02:21:24,452 - INFO - energy -0.0881757140159607
2023-12-28 02:21:26,183 - INFO - iteration: 5, inner-counter: 3, init-grad: 0.008035215549170971, 
2023-12-28 02:21:26,191 - INFO - adding element 1.0*Y((0, 0))+1.0*Y((0, 1))+1.0*Y((0, 2))
2023-12-28 02:21:33,212 - INFO - energy -0.08849847316741943
2023-12-28 02:21:35,201 - INFO - iteration: 5, inner-counter: 4, init-grad: 0.008035215549170971, 
2023-12-28 02:21:35,212 - INFO - adding element 1.0*X((0, 0))+1.0*X((0, 1))+1.0*X((0, 2))
2023-12-28 02:21:43,769 - INFO - energy -0.08869849890470505
2023-12-28 02:21:45,898 - INFO - iteration: 5, inner-counter: 5, init-grad: 0.008035215549170971, 
2023-12-28 02:21:45,917 - INFO - adding element 1.0*Y((0, 1))
2023-12-28 02:21:49,596 - INFO - energy -0.08557891845703125
2023-12-28 02:21:51,711 - INFO - iteration: 5, inner-counter: 6, init-grad: 0.008035215549170971, 
2023-12-28 02:21:51,719 - INFO - adding element 1.0*Y((0, 0))+1.0*Y((0, 1))+1.0*Y((0, 2))
2023-12-28 02:21:57,218 - INFO - energy -0.0883445292711258
2023-12-28 02:21:59,286 - INFO - iteration: 5, inner-counter: 7, init-grad: 0.008035215549170971, 
2023-12-28 02:21:59,294 - INFO - adding element 1.0*X((0, 0))+1.0*X((0, 1))+1.0*X((0, 2))
2023-12-28 02:22:06,894 - INFO - energy -0.08828433603048325
2023-12-28 02:22:09,167 - INFO - iteration: 5, inner-counter: 8, init-grad: 0.008035215549170971, 
2023-12-28 02:22:09,177 - INFO - iteration: 5, depth: 109
2023-12-28 02:22:09,177 - INFO - iteration: 6
2023-12-28 02:22:11,714 - INFO - iteration: 6, inner-counter: 1, init-grad: 0.009468825533986092, 
2023-12-28 02:22:11,721 - INFO - adding element 1.0*Y((0, 0))+1.0*Y((0, 1))+1.0*Y((0, 2))
2023-12-28 02:22:20,158 - INFO - energy -0.0885528102517128
2023-12-28 02:22:22,636 - INFO - iteration: 6, inner-counter: 2, init-grad: 0.009468825533986092, 
2023-12-28 02:22:22,643 - INFO - adding element 1.0*Y((0, 0))+1.0*Y((0, 1))+1.0*Y((0, 2))
2023-12-28 02:22:28,615 - INFO - graph: Graph with 3 nodes and 3 edges
2023-12-28 02:22:28,615 - INFO - real cost: -0.39217191680586894
2023-12-28 02:22:28,624 - INFO - iteration: 0
2023-12-28 02:22:28,902 - INFO - iteration: 0, inner-counter: 1, init-grad: 0.04730057716369629, 
2023-12-28 02:22:28,905 - INFO - adding element 1.0*Y((0, 0))+1.0*Y((0, 1))+1.0*Y((0, 2))
2023-12-28 02:22:29,474 - INFO - energy 1.868554818429402e-06
2023-12-28 02:22:29,643 - INFO - iteration: 0, inner-counter: 2, init-grad: 0.04730057716369629, 
2023-12-28 02:22:29,646 - INFO - adding element 1.0*X((0, 0))+1.0*X((0, 1))+1.0*X((0, 2))
2023-12-28 02:22:31,156 - INFO - energy -0.2502902150154114
2023-12-28 02:22:31,361 - INFO - iteration: 0, inner-counter: 3, init-grad: 0.04730057716369629, 
2023-12-28 02:22:31,364 - INFO - iteration: 0, depth: 16
2023-12-28 02:22:31,364 - INFO - iteration: 1
2023-12-28 02:22:31,600 - INFO - iteration: 1, inner-counter: 1, init-grad: 0.05174354463815689, 
2023-12-28 02:22:31,602 - INFO - adding element 1.0*X((0, 1))
2023-12-28 02:22:33,360 - INFO - energy -0.38369429111480713
2023-12-28 02:22:33,612 - INFO - iteration: 1, inner-counter: 2, init-grad: 0.05174354463815689, 
2023-12-28 02:22:33,615 - INFO - iteration: 1, depth: 28
2023-12-28 02:22:33,615 - INFO - iteration: 2
2023-12-28 02:22:33,900 - INFO - iteration: 2, inner-counter: 1, init-grad: 0.049488615244627, 
2023-12-28 02:22:33,903 - INFO - adding element 1.0*X((0, 2))
2023-12-28 02:22:35,264 - INFO - energy -0.3905337452888489
2023-12-28 02:22:35,580 - INFO - iteration: 2, inner-counter: 2, init-grad: 0.049488615244627, 
2023-12-28 02:22:35,583 - INFO - iteration: 2, depth: 40
2023-12-28 02:22:35,583 - INFO - iteration: 3
2023-12-28 02:22:36,027 - INFO - iteration: 3, inner-counter: 1, init-grad: 0.0638568326830864, 
2023-12-28 02:22:36,031 - INFO - adding element 1.0*X((0, 0))+1.0*X((0, 1))+1.0*X((0, 2))
2023-12-28 02:22:38,288 - INFO - energy -0.39207732677459717
2023-12-28 02:22:38,672 - INFO - iteration: 3, inner-counter: 2, init-grad: 0.0638568326830864, 
2023-12-28 02:22:38,676 - INFO - iteration: 3, depth: 49
2023-12-28 02:22:38,676 - INFO - iteration: 4
2023-12-28 02:22:39,081 - INFO - iteration: 4, inner-counter: 1, init-grad: 0.03473132476210594, 
2023-12-28 02:22:39,085 - INFO - adding element 1.0*Y((0, 0))+1.0*Y((0, 1))+1.0*Y((0, 2))
2023-12-28 02:22:41,923 - INFO - energy -0.391873836517334
2023-12-28 02:22:42,362 - INFO - iteration: 4, inner-counter: 2, init-grad: 0.03473132476210594, 
2023-12-28 02:22:42,366 - INFO - adding element 1.0*Y((0, 0))+1.0*Y((0, 1))+1.0*Y((0, 2))
2023-12-28 02:22:45,929 - INFO - energy -0.3917543888092041
2023-12-28 02:22:46,416 - INFO - iteration: 4, inner-counter: 3, init-grad: 0.03473132476210594, 
2023-12-28 02:22:46,420 - INFO - iteration: 4, depth: 64
2023-12-28 02:22:46,420 - INFO - iteration: 5
2023-12-28 02:22:46,932 - INFO - iteration: 5, inner-counter: 1, init-grad: 0.027353011071681976, 
2023-12-28 02:22:46,936 - INFO - adding element 1.0*X((0, 0))+1.0*X((0, 1))+1.0*X((0, 2))
2023-12-28 02:22:51,613 - INFO - energy -0.3920823633670807
2023-12-28 02:22:52,157 - INFO - iteration: 5, inner-counter: 2, init-grad: 0.027353011071681976, 
2023-12-28 02:22:52,160 - INFO - adding element 1.0*X((0, 0))+1.0*X((0, 1))+1.0*X((0, 2))
2023-12-28 02:22:57,847 - INFO - energy -0.3921164870262146
2023-12-28 02:22:58,442 - INFO - iteration: 5, inner-counter: 3, init-grad: 0.027353011071681976, 
2023-12-28 02:22:58,446 - INFO - iteration: 5, depth: 79
2023-12-28 02:22:58,447 - INFO - iteration: 6
2023-12-28 02:22:59,076 - INFO - iteration: 6, inner-counter: 1, init-grad: 0.026764031499624252, 
2023-12-28 02:22:59,080 - INFO - adding element 1.0*X((0, 0))+1.0*X((0, 1))+1.0*X((0, 2))
2023-12-28 02:23:05,681 - INFO - energy -0.39205244183540344
2023-12-28 02:23:06,332 - INFO - iteration: 6, inner-counter: 2, init-grad: 0.026764031499624252, 
2023-12-28 02:23:06,335 - INFO - adding element 1.0*X((0, 0))+1.0*X((0, 1))+1.0*X((0, 2))
2023-12-28 02:23:13,892 - INFO - energy -0.3875337541103363
2023-12-28 02:23:14,718 - INFO - iteration: 6, inner-counter: 3, init-grad: 0.026764031499624252, 
2023-12-28 02:23:14,723 - INFO - iteration: 6, depth: 94
2023-12-28 02:23:14,723 - INFO - iteration: 7
2023-12-28 02:23:15,482 - INFO - iteration: 7, inner-counter: 1, init-grad: 0.03906987980008125, 
2023-12-28 02:23:15,486 - INFO - adding element 1.0*Y((0, 0))+1.0*Y((0, 1))+1.0*Y((0, 2))
2023-12-28 02:23:24,161 - INFO - energy -0.3921065032482147
2023-12-28 02:23:24,908 - INFO - iteration: 7, inner-counter: 2, init-grad: 0.03906987980008125, 
2023-12-28 02:23:24,912 - INFO - iteration: 7, depth: 106
2023-12-28 02:23:24,915 - INFO - iteration: 0
2023-12-28 02:23:25,183 - INFO - iteration: 0, inner-counter: 1, init-grad: 0.04730057716369629, 
2023-12-28 02:23:25,189 - INFO - adding element 1.0*Y((0, 0))+1.0*Y((0, 1))+1.0*Y((0, 2))
2023-12-28 02:23:25,760 - INFO - energy 1.868554818429402e-06
2023-12-28 02:23:26,108 - INFO - iteration: 0, inner-counter: 2, init-grad: 0.04730057716369629, 
2023-12-28 02:23:26,114 - INFO - adding element 1.0*X((0, 0))+1.0*X((0, 1))+1.0*X((0, 2))
2023-12-28 02:23:27,659 - INFO - energy -0.2502902150154114
2023-12-28 02:23:28,272 - INFO - iteration: 0, inner-counter: 3, init-grad: 0.04730057716369629, 
2023-12-28 02:23:28,288 - INFO - adding element 1.0*Y((0, 0))*Y((0, 1))
2023-12-28 02:23:29,659 - INFO - energy -0.2623530328273773
2023-12-28 02:23:30,223 - INFO - iteration: 0, inner-counter: 4, init-grad: 0.04730057716369629, 
2023-12-28 02:23:30,228 - INFO - iteration: 0, depth: 21
2023-12-28 02:23:30,228 - INFO - iteration: 1
2023-12-28 02:23:30,921 - INFO - iteration: 1, inner-counter: 1, init-grad: 0.06668511033058167, 
2023-12-28 02:23:30,931 - INFO - adding element 1.0*Y((0, 0))+1.0*Y((0, 1))+1.0*Y((0, 2))
2023-12-28 02:23:33,273 - INFO - energy -0.2625589370727539
2023-12-28 02:23:34,096 - INFO - iteration: 1, inner-counter: 2, init-grad: 0.06668511033058167, 
2023-12-28 02:23:34,104 - INFO - adding element 1.0*X((0, 0))+1.0*X((0, 1))+1.0*X((0, 2))
2023-12-28 02:23:36,808 - INFO - energy -0.368956983089447
2023-12-28 02:23:37,647 - INFO - iteration: 1, inner-counter: 3, init-grad: 0.06668511033058167, 
2023-12-28 02:23:37,654 - INFO - iteration: 1, depth: 36
2023-12-28 02:23:37,655 - INFO - iteration: 2
2023-12-28 02:23:38,567 - INFO - iteration: 2, inner-counter: 1, init-grad: 0.05281883478164673, 
2023-12-28 02:23:38,577 - INFO - adding element 1.0*Y((0, 0))*Y((0, 1))
2023-12-28 02:23:41,290 - INFO - energy -0.3910125195980072
2023-12-28 02:23:42,304 - INFO - iteration: 2, inner-counter: 2, init-grad: 0.05281883478164673, 
2023-12-28 02:23:42,311 - INFO - iteration: 2, depth: 50
2023-12-28 02:23:42,311 - INFO - iteration: 3
2023-12-28 02:23:43,509 - INFO - iteration: 3, inner-counter: 1, init-grad: 0.03464773669838905, 
2023-12-28 02:23:43,520 - INFO - adding element 1.0*X((0, 0))*X((0, 2))
2023-12-28 02:23:47,706 - INFO - energy -0.3919930160045624
2023-12-28 02:23:49,002 - INFO - iteration: 3, inner-counter: 2, init-grad: 0.03464773669838905, 
2023-12-28 02:23:49,011 - INFO - adding element 1.0*X((0, 0))*X((0, 2))
2023-12-28 02:23:53,736 - INFO - energy -0.3921063542366028
2023-12-28 02:23:55,083 - INFO - iteration: 3, inner-counter: 3, init-grad: 0.03464773669838905, 
2023-12-28 02:23:55,091 - INFO - adding element 1.0*X((0, 0))*X((0, 2))
2023-12-28 02:24:00,235 - INFO - energy -0.39206570386886597
2023-12-28 02:24:01,637 - INFO - iteration: 3, inner-counter: 4, init-grad: 0.03464773669838905, 
2023-12-28 02:24:01,646 - INFO - iteration: 3, depth: 74
2023-12-28 02:24:01,646 - INFO - iteration: 4
2023-12-28 02:24:03,185 - INFO - iteration: 4, inner-counter: 1, init-grad: 0.03446988761425018, 
2023-12-28 02:24:03,197 - INFO - adding element 1.0*Y((0, 0))+1.0*Y((0, 1))+1.0*Y((0, 2))
2023-12-28 02:24:08,179 - INFO - energy -0.39183858036994934
2023-12-28 02:24:09,733 - INFO - iteration: 4, inner-counter: 2, init-grad: 0.03446988761425018, 
2023-12-28 02:24:09,742 - INFO - adding element 1.0*Y((0, 0))+1.0*Y((0, 1))+1.0*Y((0, 2))
2023-12-28 02:24:17,392 - INFO - energy -0.3921097218990326
2023-12-28 02:24:19,119 - INFO - iteration: 4, inner-counter: 3, init-grad: 0.03446988761425018, 
2023-12-28 02:24:19,130 - INFO - adding element 1.0*Y((0, 0))+1.0*Y((0, 1))+1.0*Y((0, 2))
2023-12-28 02:24:26,353 - INFO - energy -0.3916904628276825
2023-12-28 02:24:28,124 - INFO - iteration: 4, inner-counter: 4, init-grad: 0.03446988761425018, 
2023-12-28 02:24:28,132 - INFO - adding element 1.0*Y((0, 0))+1.0*Y((0, 1))+1.0*Y((0, 2))
2023-12-28 02:24:34,952 - INFO - energy -0.3918229639530182
2023-12-28 02:24:36,918 - INFO - iteration: 4, inner-counter: 5, init-grad: 0.03446988761425018, 
2023-12-28 02:24:36,926 - INFO - adding element 1.0*Y((0, 0))+1.0*Y((0, 1))+1.0*Y((0, 2))
2023-12-28 02:24:46,498 - INFO - energy -0.39203718304634094
2023-12-28 02:24:48,538 - INFO - iteration: 4, inner-counter: 6, init-grad: 0.03446988761425018, 
2023-12-28 02:24:48,548 - INFO - iteration: 4, depth: 98
2023-12-28 02:24:48,548 - INFO - iteration: 5
2023-12-28 02:24:50,588 - INFO - iteration: 5, inner-counter: 1, init-grad: 0.03247573599219322, 
2023-12-28 02:24:50,595 - INFO - adding element 1.0*X((0, 0))+1.0*X((0, 1))+1.0*X((0, 2))
2023-12-28 02:25:01,151 - INFO - energy -0.3920844793319702
2023-12-28 02:25:03,338 - INFO - iteration: 5, inner-counter: 2, init-grad: 0.03247573599219322, 
2023-12-28 02:25:03,348 - INFO - iteration: 5, depth: 110
2023-12-28 02:25:03,348 - INFO - iteration: 6
2023-12-28 02:25:05,656 - INFO - iteration: 6, inner-counter: 1, init-grad: 0.02730146050453186, 
2023-12-28 02:25:05,664 - INFO - adding element 1.0*Y((0, 0))+1.0*Y((0, 1))+1.0*Y((0, 2))
2023-12-28 02:25:16,566 - INFO - energy -0.39146727323532104
