2023-12-28 10:21:21,708 - INFO - graph: Graph with 6 nodes and 10 edges
2023-12-28 10:21:21,708 - INFO - edge (0, 1), weight: 0.889353505370883
2023-12-28 10:21:21,708 - INFO - edge (0, 4), weight: 0.31770398281861145
2023-12-28 10:21:21,709 - INFO - edge (0, 5), weight: 0.43550945994618007
2023-12-28 10:21:21,709 - INFO - edge (0, 3), weight: 0.25589701635472395
2023-12-28 10:21:21,709 - INFO - edge (0, 2), weight: 0.8109074405479586
2023-12-28 10:21:21,709 - INFO - edge (1, 2), weight: 0.35051681775535204
2023-12-28 10:21:21,709 - INFO - edge (1, 4), weight: 0.042880162653679665
2023-12-28 10:21:21,709 - INFO - edge (2, 3), weight: 0.3002775147640466
2023-12-28 10:21:21,709 - INFO - edge (2, 5), weight: 0.5624132295258597
2023-12-28 10:21:21,709 - INFO - edge (3, 4), weight: 0.8588991039042301
2023-12-28 10:21:21,710 - INFO - real cost: -1.3273756601108269
2023-12-28 10:21:21,741 - INFO - iteration: 0
2023-12-28 10:21:22,263 - INFO - iteration: 0, inner-counter: 1, init-grad: 0.19290845096111298, max-grad: 0.19290845096111298
2023-12-28 10:21:22,269 - INFO - adding element 1.0*Y((0, 0))+1.0*Y((0, 1))+1.0*Y((0, 2))+1.0*Y((0, 3))+1.0*Y((0, 4))+1.0*Y((0, 5))
2023-12-28 10:21:23,672 - INFO - energy 0.00021050275245215744
2023-12-28 10:21:24,239 - INFO - iteration: 0, inner-counter: 2, init-grad: 0.19290845096111298, max-grad: 0.7319217920303345
2023-12-28 10:21:24,245 - INFO - adding element 1.0*X((0, 0))+1.0*X((0, 1))+1.0*X((0, 2))+1.0*X((0, 3))+1.0*X((0, 4))+1.0*X((0, 5))
2023-12-28 10:21:27,329 - INFO - energy -0.8018720746040344
2023-12-28 10:21:27,909 - INFO - iteration: 0, inner-counter: 3, init-grad: 0.19290845096111298, max-grad: 0.11171334981918335
2023-12-28 10:21:27,913 - INFO - iteration: 0, depth: 31
2023-12-28 10:21:27,914 - INFO - iteration: 1
2023-12-28 10:21:28,681 - INFO - iteration: 1, inner-counter: 1, init-grad: 0.29594919085502625, max-grad: 0.29594919085502625
2023-12-28 10:21:28,687 - INFO - adding element 1.0*X((0, 0))
2023-12-28 10:21:31,644 - INFO - energy -0.9023464322090149
2023-12-28 10:21:32,470 - INFO - iteration: 1, inner-counter: 2, init-grad: 0.29594919085502625, max-grad: 0.20986738801002502
2023-12-28 10:21:32,483 - INFO - iteration: 1, depth: 52
2023-12-28 10:21:32,483 - INFO - iteration: 2
2023-12-28 10:21:33,455 - INFO - iteration: 2, inner-counter: 1, init-grad: 0.40268203616142273, max-grad: 0.40268203616142273
2023-12-28 10:21:33,460 - INFO - adding element 1.0*X((0, 1))
2023-12-28 10:21:37,781 - INFO - energy -0.9940098524093628
2023-12-28 10:21:38,736 - INFO - iteration: 2, inner-counter: 2, init-grad: 0.40268203616142273, max-grad: 0.14504370093345642
2023-12-28 10:21:38,741 - INFO - iteration: 2, depth: 73
2023-12-28 10:21:38,741 - INFO - iteration: 3
2023-12-28 10:21:39,860 - INFO - iteration: 3, inner-counter: 1, init-grad: 0.27120450139045715, max-grad: 0.27120450139045715
2023-12-28 10:21:39,866 - INFO - adding element 1.0*X((0, 0))+1.0*X((0, 1))+1.0*X((0, 2))+1.0*X((0, 3))+1.0*X((0, 4))+1.0*X((0, 5))
2023-12-28 10:21:46,296 - INFO - energy -1.1176416873931885
2023-12-28 10:21:47,510 - INFO - iteration: 3, inner-counter: 2, init-grad: 0.27120450139045715, max-grad: 0.14014853537082672
2023-12-28 10:21:47,518 - INFO - iteration: 3, depth: 100
2023-12-28 10:21:47,518 - INFO - iteration: 4
2023-12-28 10:21:48,997 - INFO - iteration: 4, inner-counter: 1, init-grad: 0.17248834669589996, max-grad: 0.17248834669589996
2023-12-28 10:21:49,002 - INFO - adding element 1.0*Y((0, 0))+1.0*Y((0, 1))+1.0*Y((0, 2))+1.0*Y((0, 3))+1.0*Y((0, 4))+1.0*Y((0, 5))
2023-12-28 10:21:53,751 - INFO - energy -1.0350083112716675
2023-12-28 10:21:55,316 - INFO - iteration: 4, inner-counter: 2, init-grad: 0.17248834669589996, max-grad: 0.11828307062387466
2023-12-28 10:21:55,322 - INFO - iteration: 4, depth: 124
2023-12-28 10:21:55,322 - INFO - iteration: 5
2023-12-28 10:21:56,950 - INFO - iteration: 5, inner-counter: 1, init-grad: 0.23101648688316345, max-grad: 0.23101648688316345
2023-12-28 10:21:56,956 - INFO - adding element 1.0*X((0, 4))
2023-12-28 10:22:05,872 - INFO - energy -1.0584927797317505
2023-12-28 10:22:07,626 - INFO - iteration: 5, inner-counter: 2, init-grad: 0.23101648688316345, max-grad: 0.10414709895849228
2023-12-28 10:22:07,634 - INFO - iteration: 5, depth: 148
2023-12-28 10:22:07,635 - INFO - iteration: 6
2023-12-28 10:22:09,560 - INFO - iteration: 6, inner-counter: 1, init-grad: 0.2040785253047943, max-grad: 0.2040785253047943
2023-12-28 10:22:09,568 - INFO - adding element 1.0*X((0, 0))+1.0*X((0, 1))+1.0*X((0, 2))+1.0*X((0, 3))+1.0*X((0, 4))+1.0*X((0, 5))
2023-12-28 10:22:25,640 - INFO - energy -1.0893919467926025
2023-12-28 10:22:27,679 - INFO - iteration: 6, inner-counter: 2, init-grad: 0.2040785253047943, max-grad: 0.11860950291156769
2023-12-28 10:22:27,689 - INFO - iteration: 6, depth: 172
2023-12-28 10:22:27,689 - INFO - iteration: 7
2023-12-28 10:22:29,872 - INFO - iteration: 7, inner-counter: 1, init-grad: 0.1440647691488266, max-grad: 0.1440647691488266
2023-12-28 10:22:29,878 - INFO - adding element 1.0*X((0, 0))
2023-12-28 10:22:39,813 - INFO - energy -0.9970371723175049
2023-12-28 10:22:42,018 - INFO - iteration: 7, inner-counter: 2, init-grad: 0.1440647691488266, max-grad: 0.16469521820545197
2023-12-28 10:22:42,024 - INFO - adding element 1.0*Y((0, 0))+1.0*Y((0, 1))+1.0*Y((0, 2))+1.0*Y((0, 3))+1.0*Y((0, 4))+1.0*Y((0, 5))
2023-12-28 10:23:04,872 - INFO - energy -1.0846028327941895
2023-12-28 10:23:07,294 - INFO - iteration: 7, inner-counter: 3, init-grad: 0.1440647691488266, max-grad: 0.09826705604791641
2023-12-28 10:23:07,317 - INFO - iteration: 7, depth: 196
2023-12-28 10:23:07,317 - INFO - iteration: 8
2023-12-28 10:23:10,009 - INFO - iteration: 8, inner-counter: 1, init-grad: 0.14238432049751282, max-grad: 0.14238432049751282
2023-12-28 10:23:10,016 - INFO - adding element 1.0*Y((0, 0))+1.0*Y((0, 1))+1.0*Y((0, 2))+1.0*Y((0, 3))+1.0*Y((0, 4))+1.0*Y((0, 5))
2023-12-28 10:23:29,011 - INFO - energy -1.0862302780151367
2023-12-28 10:23:31,676 - INFO - iteration: 8, inner-counter: 2, init-grad: 0.14238432049751282, max-grad: 0.10568774491548538
2023-12-28 10:23:31,685 - INFO - iteration: 8, depth: 220
2023-12-28 10:23:31,685 - INFO - iteration: 9
2023-12-28 10:23:34,575 - INFO - iteration: 9, inner-counter: 1, init-grad: 0.20361007750034332, max-grad: 0.20361007750034332
2023-12-28 10:23:34,580 - INFO - adding element 1.0*X((0, 5))
2023-12-28 10:23:59,291 - INFO - energy -0.9778910875320435
2023-12-28 10:24:02,273 - INFO - iteration: 9, inner-counter: 2, init-grad: 0.20361007750034332, max-grad: 0.17479458451271057
2023-12-28 10:24:02,284 - INFO - iteration: 9, depth: 244
2023-12-28 10:24:02,288 - INFO - iteration: 0
2023-12-28 10:24:03,852 - INFO - iteration: 0, inner-counter: 1, init-grad: 0.19290845096111298, max-grad: 0.19290845096111298
2023-12-28 10:24:03,881 - INFO - adding element 1.0*Y((0, 0))+1.0*Y((0, 1))+1.0*Y((0, 2))+1.0*Y((0, 3))+1.0*Y((0, 4))+1.0*Y((0, 5))
2023-12-28 10:24:05,309 - INFO - energy 0.00021050275245215744
2023-12-28 10:24:07,336 - INFO - iteration: 0, inner-counter: 2, init-grad: 0.19290845096111298, max-grad: 0.7319217920303345
2023-12-28 10:24:07,368 - INFO - adding element 1.0*X((0, 0))+1.0*X((0, 1))+1.0*X((0, 2))+1.0*X((0, 3))+1.0*X((0, 4))+1.0*X((0, 5))
2023-12-28 10:24:10,517 - INFO - energy -0.8018720746040344
2023-12-28 10:24:13,071 - INFO - iteration: 0, inner-counter: 3, init-grad: 0.19290845096111298, max-grad: 0.19340528547763824
2023-12-28 10:24:13,120 - INFO - adding element 1.0*Y((0, 0))*Y((0, 2))
2023-12-28 10:24:15,985 - INFO - energy -0.9199893474578857
2023-12-28 10:24:18,721 - INFO - iteration: 0, inner-counter: 4, init-grad: 0.19290845096111298, max-grad: 0.14104890823364258
2023-12-28 10:24:18,750 - INFO - iteration: 0, depth: 36
2023-12-28 10:24:18,750 - INFO - iteration: 1
2023-12-28 10:24:22,374 - INFO - iteration: 1, inner-counter: 1, init-grad: 0.49109530448913574, max-grad: 0.49109530448913574
2023-12-28 10:24:22,413 - INFO - adding element 1.0*Y((0, 1))*Y((0, 4))
2023-12-28 10:24:25,190 - INFO - energy -0.9655264616012573
2023-12-28 10:24:29,152 - INFO - iteration: 1, inner-counter: 2, init-grad: 0.49109530448913574, max-grad: 0.18040731549263
2023-12-28 10:24:29,177 - INFO - iteration: 1, depth: 65
2023-12-28 10:24:29,177 - INFO - iteration: 2
2023-12-28 10:24:33,882 - INFO - iteration: 2, inner-counter: 1, init-grad: 0.34125816822052, max-grad: 0.34125816822052
2023-12-28 10:24:33,920 - INFO - adding element 1.0*X((0, 0))+1.0*X((0, 1))+1.0*X((0, 2))+1.0*X((0, 3))+1.0*X((0, 4))+1.0*X((0, 5))
2023-12-28 10:24:40,407 - INFO - energy -1.017419457435608
2023-12-28 10:24:45,532 - INFO - iteration: 2, inner-counter: 2, init-grad: 0.34125816822052, max-grad: 0.2508552372455597
2023-12-28 10:24:45,563 - INFO - iteration: 2, depth: 92
2023-12-28 10:24:45,564 - INFO - iteration: 3
2023-12-28 10:24:51,818 - INFO - iteration: 3, inner-counter: 1, init-grad: 0.251848965883255, max-grad: 0.251848965883255
2023-12-28 10:24:51,842 - INFO - adding element 1.0*X((0, 0))+1.0*X((0, 1))+1.0*X((0, 2))+1.0*X((0, 3))+1.0*X((0, 4))+1.0*X((0, 5))
2023-12-28 10:25:06,889 - INFO - energy -1.1124067306518555
2023-12-28 10:25:13,553 - INFO - iteration: 3, inner-counter: 2, init-grad: 0.251848965883255, max-grad: 0.1573873609304428
2023-12-28 10:25:13,631 - INFO - iteration: 3, depth: 116
2023-12-28 10:25:13,631 - INFO - iteration: 4
2023-12-28 10:25:21,255 - INFO - iteration: 4, inner-counter: 1, init-grad: 0.18453064560890198, max-grad: 0.18453064560890198
2023-12-28 10:25:21,278 - INFO - adding element 1.0*X((0, 0))*X((0, 5))
2023-12-28 10:25:30,523 - INFO - energy -1.1129871606826782
2023-12-28 10:25:38,295 - INFO - iteration: 4, inner-counter: 2, init-grad: 0.18453064560890198, max-grad: 0.19425977766513824
2023-12-28 10:25:38,327 - INFO - adding element 1.0*X((0, 0))+1.0*X((0, 1))+1.0*X((0, 2))+1.0*X((0, 3))+1.0*X((0, 4))+1.0*X((0, 5))
2023-12-28 10:25:50,762 - INFO - energy -1.0524274110794067
2023-12-28 10:25:59,185 - INFO - iteration: 4, inner-counter: 3, init-grad: 0.18453064560890198, max-grad: 0.07401016354560852
2023-12-28 10:25:59,210 - INFO - iteration: 4, depth: 145
2023-12-28 10:25:59,210 - INFO - iteration: 5
2023-12-28 10:26:08,535 - INFO - iteration: 5, inner-counter: 1, init-grad: 0.20963247120380402, max-grad: 0.20963247120380402
2023-12-28 10:26:08,573 - INFO - adding element 1.0*Y((0, 2))*Y((0, 3))
2023-12-28 10:26:19,555 - INFO - energy -1.0788793563842773
2023-12-28 10:26:28,914 - INFO - iteration: 5, inner-counter: 2, init-grad: 0.20963247120380402, max-grad: 0.14061111211776733
2023-12-28 10:26:28,955 - INFO - iteration: 5, depth: 174
2023-12-28 10:26:28,955 - INFO - iteration: 6
2023-12-28 10:26:38,899 - INFO - iteration: 6, inner-counter: 1, init-grad: 0.2674632668495178, max-grad: 0.2674632668495178
2023-12-28 10:26:38,941 - INFO - adding element 1.0*Y((0, 0))*Y((0, 3))
2023-12-28 10:26:51,308 - INFO - energy -0.9769386053085327
2023-12-28 10:27:01,809 - INFO - iteration: 6, inner-counter: 2, init-grad: 0.2674632668495178, max-grad: 0.16035449504852295
2023-12-28 10:27:01,847 - INFO - iteration: 6, depth: 195
2023-12-28 10:27:01,847 - INFO - iteration: 7
2023-12-28 10:27:13,025 - INFO - iteration: 7, inner-counter: 1, init-grad: 0.3075000047683716, max-grad: 0.3075000047683716
2023-12-28 10:27:13,070 - INFO - adding element 1.0*X((0, 3))*X((0, 5))
2023-12-28 10:27:28,783 - INFO - energy -1.2003215551376343
2023-12-28 10:27:40,170 - INFO - iteration: 7, inner-counter: 2, init-grad: 0.3075000047683716, max-grad: 0.057221248745918274
2023-12-28 10:27:40,199 - INFO - iteration: 7, depth: 224
2023-12-28 10:27:40,199 - INFO - iteration: 8
2023-12-28 10:27:52,342 - INFO - iteration: 8, inner-counter: 1, init-grad: 0.11077187210321426, max-grad: 0.11077187210321426
2023-12-28 10:27:52,387 - INFO - adding element 1.0*Y((0, 0))+1.0*Y((0, 1))+1.0*Y((0, 2))+1.0*Y((0, 3))+1.0*Y((0, 4))+1.0*Y((0, 5))
2023-12-28 10:28:10,291 - INFO - energy -1.2000617980957031
2023-12-28 10:28:22,926 - INFO - iteration: 8, inner-counter: 2, init-grad: 0.11077187210321426, max-grad: 0.11281423270702362
2023-12-28 10:28:22,966 - INFO - adding element 1.0*Y((0, 0))+1.0*Y((0, 1))+1.0*Y((0, 2))+1.0*Y((0, 3))+1.0*Y((0, 4))+1.0*Y((0, 5))
2023-12-28 10:28:46,413 - INFO - energy -1.1841164827346802
2023-12-28 10:28:59,468 - INFO - iteration: 8, inner-counter: 3, init-grad: 0.11077187210321426, max-grad: 0.1468566507101059
2023-12-28 10:28:59,507 - INFO - adding element 1.0*Y((0, 0))+1.0*Y((0, 1))+1.0*Y((0, 2))+1.0*Y((0, 3))+1.0*Y((0, 4))+1.0*Y((0, 5))
2023-12-28 10:29:52,442 - INFO - energy -1.2004097700119019
2023-12-28 10:30:06,131 - INFO - iteration: 8, inner-counter: 4, init-grad: 0.11077187210321426, max-grad: 0.10579133033752441
2023-12-28 10:30:06,162 - INFO - iteration: 8, depth: 251
2023-12-28 10:30:06,162 - INFO - iteration: 9
2023-12-28 10:30:20,442 - INFO - iteration: 9, inner-counter: 1, init-grad: 0.10590751469135284, max-grad: 0.10590751469135284
2023-12-28 10:30:20,482 - INFO - adding element 1.0*Y((0, 0))+1.0*Y((0, 1))+1.0*Y((0, 2))+1.0*Y((0, 3))+1.0*Y((0, 4))+1.0*Y((0, 5))
2023-12-28 10:30:50,781 - INFO - energy -0.8824206590652466
2023-12-28 10:31:06,019 - INFO - iteration: 9, inner-counter: 2, init-grad: 0.10590751469135284, max-grad: 0.13978293538093567
2023-12-28 10:31:06,044 - INFO - adding element 1.0*Y((0, 0))*Y((0, 2))
2023-12-28 10:31:38,009 - INFO - energy -0.9226469397544861
2023-12-28 10:31:56,000 - INFO - iteration: 9, inner-counter: 3, init-grad: 0.10590751469135284, max-grad: 0.09400060027837753
2023-12-28 10:31:56,037 - INFO - iteration: 9, depth: 280
2023-12-28 10:31:56,040 - INFO - iteration: 0
2023-12-28 10:31:56,050 - INFO - iteration: 0, depth: 26
2023-12-28 10:31:58,094 - INFO - iteration: 1
2023-12-28 10:31:58,110 - INFO - iteration: 1, depth: 48
2023-12-28 10:31:58,845 - INFO - iteration: 2
2023-12-28 10:31:58,867 - INFO - iteration: 2, depth: 70
2023-12-28 10:32:03,586 - INFO - iteration: 3
2023-12-28 10:32:03,611 - INFO - iteration: 3, depth: 92
2023-12-28 10:32:05,947 - INFO - iteration: 4
2023-12-28 10:32:05,977 - INFO - iteration: 4, depth: 114
2023-12-28 10:32:09,996 - INFO - iteration: 5
2023-12-28 10:32:10,032 - INFO - iteration: 5, depth: 136
2023-12-28 10:32:14,210 - INFO - iteration: 6
2023-12-28 10:32:14,251 - INFO - iteration: 6, depth: 158
2023-12-28 10:32:30,621 - INFO - iteration: 7
2023-12-28 10:32:30,666 - INFO - iteration: 7, depth: 180
2023-12-28 10:32:37,692 - INFO - iteration: 8
2023-12-28 10:32:37,742 - INFO - iteration: 8, depth: 202
2023-12-28 10:32:44,681 - INFO - iteration: 9
2023-12-28 10:32:44,741 - INFO - iteration: 9, depth: 224
