2023-12-28 09:49:25,407 - INFO - graph: Graph with 5 nodes and 6 edges
2023-12-28 09:49:25,408 - INFO - edge (0, 1), weight: 0.5
2023-12-28 09:49:25,408 - INFO - edge (0, 4), weight: 0.4
2023-12-28 09:49:25,408 - INFO - edge (1, 2), weight: 0.7
2023-12-28 09:49:25,408 - INFO - edge (1, 4), weight: 0.1
2023-12-28 09:49:25,408 - INFO - edge (2, 3), weight: 0.2
2023-12-28 09:49:25,408 - INFO - edge (3, 4), weight: 0.9
2023-12-28 09:49:25,408 - INFO - real cost: -1.1
2023-12-28 09:49:25,428 - INFO - iteration: 0
2023-12-28 09:49:25,827 - INFO - iteration: 0, inner-counter: 1, init-grad: 0.11196623742580414, max-grad: 0.11196623742580414
2023-12-28 09:49:25,833 - INFO - adding element 1.0*Y((0, 0))+1.0*Y((0, 1))+1.0*Y((0, 2))+1.0*Y((0, 3))+1.0*Y((0, 4))
2023-12-28 09:49:26,620 - INFO - energy 3.1096300517674536e-05
2023-12-28 09:49:27,069 - INFO - iteration: 0, inner-counter: 2, init-grad: 0.11196623742580414, max-grad: 1.2562686204910278
2023-12-28 09:49:27,073 - INFO - adding element 1.0*X((0, 0))+1.0*X((0, 1))+1.0*X((0, 2))+1.0*X((0, 3))+1.0*X((0, 4))
2023-12-28 09:49:29,374 - INFO - energy -0.8132826685905457
2023-12-28 09:49:29,789 - INFO - iteration: 0, inner-counter: 3, init-grad: 0.11196623742580414, max-grad: 0.09982788562774658
2023-12-28 09:49:29,793 - INFO - iteration: 0, depth: 19
2023-12-28 09:49:29,793 - INFO - iteration: 1
2023-12-28 09:49:30,310 - INFO - iteration: 1, inner-counter: 1, init-grad: 0.13390617072582245, max-grad: 0.13390617072582245
2023-12-28 09:49:30,317 - INFO - adding element 1.0*X((0, 1))
2023-12-28 09:49:33,458 - INFO - energy -0.8271166086196899
2023-12-28 09:49:33,993 - INFO - iteration: 1, inner-counter: 2, init-grad: 0.13390617072582245, max-grad: 0.12138138711452484
2023-12-28 09:49:33,997 - INFO - iteration: 1, depth: 28
2023-12-28 09:49:33,998 - INFO - iteration: 2
2023-12-28 09:49:34,725 - INFO - iteration: 2, inner-counter: 1, init-grad: 0.2427559792995453, max-grad: 0.2427559792995453
2023-12-28 09:49:34,729 - INFO - adding element 1.0*X((0, 4))
2023-12-28 09:49:38,244 - INFO - energy -0.967273473739624
2023-12-28 09:49:38,891 - INFO - iteration: 2, inner-counter: 2, init-grad: 0.2427559792995453, max-grad: 0.06210153549909592
2023-12-28 09:49:38,896 - INFO - iteration: 2, depth: 43
2023-12-28 09:49:38,896 - INFO - iteration: 3
2023-12-28 09:49:39,726 - INFO - iteration: 3, inner-counter: 1, init-grad: 0.10308270156383514, max-grad: 0.10308270156383514
2023-12-28 09:49:39,733 - INFO - adding element 1.0*Y((0, 0))+1.0*Y((0, 1))+1.0*Y((0, 2))+1.0*Y((0, 3))+1.0*Y((0, 4))
2023-12-28 09:49:44,766 - INFO - energy -0.9673418402671814
2023-12-28 09:49:45,573 - INFO - iteration: 3, inner-counter: 2, init-grad: 0.10308270156383514, max-grad: 0.09023585915565491
2023-12-28 09:49:45,578 - INFO - iteration: 3, depth: 55
2023-12-28 09:49:45,578 - INFO - iteration: 4
2023-12-28 09:49:46,471 - INFO - iteration: 4, inner-counter: 1, init-grad: 0.14528250694274902, max-grad: 0.14528250694274902
2023-12-28 09:49:46,476 - INFO - adding element 1.0*X((0, 0))+1.0*X((0, 1))+1.0*X((0, 2))+1.0*X((0, 3))+1.0*X((0, 4))
2023-12-28 09:49:53,566 - INFO - energy -1.0983492136001587
2023-12-28 09:49:54,668 - INFO - iteration: 4, inner-counter: 2, init-grad: 0.14528250694274902, max-grad: 0.07920113205909729
2023-12-28 09:49:54,693 - INFO - iteration: 4, depth: 67
2023-12-28 09:49:54,693 - INFO - iteration: 5
2023-12-28 09:49:55,779 - INFO - iteration: 5, inner-counter: 1, init-grad: 0.07958464324474335, max-grad: 0.07958464324474335
2023-12-28 09:49:55,784 - INFO - adding element 1.0*X((0, 0))+1.0*X((0, 1))+1.0*X((0, 2))+1.0*X((0, 3))+1.0*X((0, 4))
2023-12-28 09:50:03,765 - INFO - energy -1.0999126434326172
2023-12-28 09:50:04,992 - INFO - iteration: 5, inner-counter: 2, init-grad: 0.07958464324474335, max-grad: 0.08543965220451355
2023-12-28 09:50:04,997 - INFO - adding element 1.0*X((0, 0))+1.0*X((0, 1))+1.0*X((0, 2))+1.0*X((0, 3))+1.0*X((0, 4))
2023-12-28 09:50:13,682 - INFO - energy -1.0999282598495483
2023-12-28 09:50:14,882 - INFO - iteration: 5, inner-counter: 3, init-grad: 0.07958464324474335, max-grad: 0.11704318970441818
2023-12-28 09:50:14,887 - INFO - adding element 1.0*X((0, 0))+1.0*X((0, 1))+1.0*X((0, 2))+1.0*X((0, 3))+1.0*X((0, 4))
2023-12-28 09:50:34,658 - INFO - energy -0.9288706183433533
2023-12-28 09:50:35,931 - INFO - iteration: 5, inner-counter: 4, init-grad: 0.07958464324474335, max-grad: 0.1113528162240982
2023-12-28 09:50:35,936 - INFO - adding element 1.0*X((0, 0))+1.0*X((0, 1))+1.0*X((0, 2))+1.0*X((0, 3))+1.0*X((0, 4))
2023-12-28 09:50:45,948 - INFO - energy -1.0158244371414185
2023-12-28 09:50:47,295 - INFO - iteration: 5, inner-counter: 5, init-grad: 0.07958464324474335, max-grad: 0.1719546765089035
2023-12-28 09:50:47,300 - INFO - adding element 1.0*X((0, 0))+1.0*X((0, 1))+1.0*X((0, 2))+1.0*X((0, 3))+1.0*X((0, 4))
2023-12-28 09:51:20,506 - INFO - energy -0.8973710536956787
2023-12-28 09:51:21,939 - INFO - iteration: 5, inner-counter: 6, init-grad: 0.07958464324474335, max-grad: 0.06248806044459343
2023-12-28 09:51:21,946 - INFO - iteration: 5, depth: 91
2023-12-28 09:51:21,946 - INFO - iteration: 6
2023-12-28 09:51:23,587 - INFO - iteration: 6, inner-counter: 1, init-grad: 0.2720155417919159, max-grad: 0.2720155417919159
2023-12-28 09:51:23,592 - INFO - adding element 1.0*X((0, 2))
2023-12-28 09:51:35,858 - INFO - energy -0.777545154094696
2023-12-28 09:51:37,530 - INFO - iteration: 6, inner-counter: 2, init-grad: 0.2720155417919159, max-grad: 0.11631260812282562
2023-12-28 09:51:37,539 - INFO - iteration: 6, depth: 100
2023-12-28 09:51:37,539 - INFO - iteration: 7
2023-12-28 09:51:39,297 - INFO - iteration: 7, inner-counter: 1, init-grad: 0.21457737684249878, max-grad: 0.21457737684249878
2023-12-28 09:51:39,302 - INFO - adding element 1.0*X((0, 0))+1.0*X((0, 1))+1.0*X((0, 2))+1.0*X((0, 3))+1.0*X((0, 4))
2023-12-28 09:51:54,350 - INFO - energy -0.9169809222221375
2023-12-28 09:51:56,233 - INFO - iteration: 7, inner-counter: 2, init-grad: 0.21457737684249878, max-grad: 0.215628981590271
2023-12-28 09:51:56,238 - INFO - adding element 1.0*X((0, 0))+1.0*X((0, 1))+1.0*X((0, 2))+1.0*X((0, 3))+1.0*X((0, 4))
2023-12-28 09:52:12,371 - INFO - energy -0.9288449287414551
2023-12-28 09:52:14,327 - INFO - iteration: 7, inner-counter: 3, init-grad: 0.21457737684249878, max-grad: 0.1283271759748459
2023-12-28 09:52:14,334 - INFO - iteration: 7, depth: 115
2023-12-28 09:52:14,335 - INFO - iteration: 8
2023-12-28 09:52:16,368 - INFO - iteration: 8, inner-counter: 1, init-grad: 0.2129231095314026, max-grad: 0.2129231095314026
2023-12-28 09:52:16,373 - INFO - adding element 1.0*X((0, 1))
2023-12-28 09:52:31,561 - INFO - energy -1.0633704662322998
2023-12-28 09:52:33,680 - INFO - iteration: 8, inner-counter: 2, init-grad: 0.2129231095314026, max-grad: 0.049192748963832855
2023-12-28 09:52:33,689 - INFO - iteration: 8, depth: 124
2023-12-28 09:52:33,689 - INFO - iteration: 9
2023-12-28 09:52:35,954 - INFO - iteration: 9, inner-counter: 1, init-grad: 0.09643829613924026, max-grad: 0.09643829613924026
2023-12-28 09:52:35,959 - INFO - adding element 1.0*Y((0, 0))+1.0*Y((0, 1))+1.0*Y((0, 2))+1.0*Y((0, 3))+1.0*Y((0, 4))
2023-12-28 09:52:58,114 - INFO - energy -0.8238703608512878
2023-12-28 09:53:00,381 - INFO - iteration: 9, inner-counter: 2, init-grad: 0.09643829613924026, max-grad: 0.16280436515808105
2023-12-28 09:53:00,390 - INFO - adding element 1.0*Y((0, 1))
2023-12-28 09:53:18,022 - INFO - energy -1.042035698890686
2023-12-28 09:53:20,272 - INFO - iteration: 9, inner-counter: 3, init-grad: 0.09643829613924026, max-grad: 0.10356851667165756
2023-12-28 09:53:20,282 - INFO - adding element 1.0*Y((0, 0))+1.0*Y((0, 1))+1.0*Y((0, 2))+1.0*Y((0, 3))+1.0*Y((0, 4))
2023-12-28 09:53:41,447 - INFO - energy -0.9558559060096741
2023-12-28 09:53:43,940 - INFO - iteration: 9, inner-counter: 4, init-grad: 0.09643829613924026, max-grad: 0.05376618728041649
2023-12-28 09:53:43,953 - INFO - iteration: 9, depth: 142
2023-12-28 09:53:43,953 - INFO - iteration: 10
2023-12-28 09:53:46,459 - INFO - iteration: 10, inner-counter: 1, init-grad: 0.16677826642990112, max-grad: 0.16677826642990112
2023-12-28 09:53:46,463 - INFO - adding element 1.0*X((0, 2))
2023-12-28 09:54:20,439 - INFO - energy -1.0274100303649902
2023-12-28 09:54:23,039 - INFO - iteration: 10, inner-counter: 2, init-grad: 0.16677826642990112, max-grad: 0.053994011133909225
2023-12-28 09:54:23,050 - INFO - iteration: 10, depth: 154
2023-12-28 09:54:23,050 - INFO - iteration: 11
2023-12-28 09:54:25,631 - INFO - iteration: 11, inner-counter: 1, init-grad: 0.09473028779029846, max-grad: 0.09473028779029846
2023-12-28 09:54:25,641 - INFO - adding element 1.0*X((0, 0))+1.0*X((0, 1))+1.0*X((0, 2))+1.0*X((0, 3))+1.0*X((0, 4))
2023-12-28 09:54:59,212 - INFO - energy -0.959100067615509
2023-12-28 09:55:01,940 - INFO - iteration: 11, inner-counter: 2, init-grad: 0.09473028779029846, max-grad: 0.09553290903568268
2023-12-28 09:55:01,952 - INFO - adding element 1.0*Y((0, 0))+1.0*Y((0, 1))+1.0*Y((0, 2))+1.0*Y((0, 3))+1.0*Y((0, 4))
2023-12-28 09:55:36,220 - INFO - energy -0.9955502152442932
2023-12-28 09:55:39,151 - INFO - iteration: 11, inner-counter: 3, init-grad: 0.09473028779029846, max-grad: 0.07210661470890045
2023-12-28 09:55:39,162 - INFO - iteration: 11, depth: 169
2023-12-28 09:55:39,162 - INFO - iteration: 12
2023-12-28 09:55:42,096 - INFO - iteration: 12, inner-counter: 1, init-grad: 0.15712276101112366, max-grad: 0.15712276101112366
2023-12-28 09:55:42,101 - INFO - adding element 1.0*Y((0, 4))
2023-12-28 09:56:05,374 - INFO - energy -1.0829724073410034
2023-12-28 09:56:08,349 - INFO - iteration: 12, inner-counter: 2, init-grad: 0.15712276101112366, max-grad: 0.050630833953619
2023-12-28 09:56:08,363 - INFO - iteration: 12, depth: 181
2023-12-28 09:56:08,363 - INFO - iteration: 13
2023-12-28 09:56:11,441 - INFO - iteration: 13, inner-counter: 1, init-grad: 0.09345313906669617, max-grad: 0.09345313906669617
2023-12-28 09:56:11,449 - INFO - adding element 1.0*Y((0, 0))
2023-12-28 09:57:01,666 - INFO - energy -1.0276131629943848
2023-12-28 09:57:04,753 - INFO - iteration: 13, inner-counter: 2, init-grad: 0.09345313906669617, max-grad: 0.07684481143951416
2023-12-28 09:57:04,765 - INFO - iteration: 13, depth: 190
2023-12-28 09:57:04,765 - INFO - iteration: 14
2023-12-28 09:57:08,006 - INFO - iteration: 14, inner-counter: 1, init-grad: 0.1405046582221985, max-grad: 0.1405046582221985
2023-12-28 09:57:08,012 - INFO - adding element 1.0*Y((0, 0))+1.0*Y((0, 1))+1.0*Y((0, 2))+1.0*Y((0, 3))+1.0*Y((0, 4))
2023-12-28 09:58:57,467 - INFO - energy -1.0193370580673218
2023-12-28 09:59:00,698 - INFO - iteration: 14, inner-counter: 2, init-grad: 0.1405046582221985, max-grad: 0.12227606028318405
2023-12-28 09:59:00,719 - INFO - iteration: 14, depth: 202
2023-12-28 09:59:00,723 - INFO - iteration: 0
2023-12-28 09:59:01,574 - INFO - iteration: 0, inner-counter: 1, init-grad: 0.11196623742580414, max-grad: 0.11196623742580414
2023-12-28 09:59:01,597 - INFO - adding element 1.0*Y((0, 0))+1.0*Y((0, 1))+1.0*Y((0, 2))+1.0*Y((0, 3))+1.0*Y((0, 4))
2023-12-28 09:59:02,277 - INFO - energy 3.1096300517674536e-05
2023-12-28 09:59:03,456 - INFO - iteration: 0, inner-counter: 2, init-grad: 0.11196623742580414, max-grad: 1.2562686204910278
2023-12-28 09:59:03,471 - INFO - adding element 1.0*X((0, 0))+1.0*X((0, 1))+1.0*X((0, 2))+1.0*X((0, 3))+1.0*X((0, 4))
2023-12-28 09:59:05,842 - INFO - energy -0.8132826685905457
2023-12-28 09:59:07,285 - INFO - iteration: 0, inner-counter: 3, init-grad: 0.11196623742580414, max-grad: 0.17974631488323212
2023-12-28 09:59:07,303 - INFO - adding element 1.0*Y((0, 0))*Y((0, 3))
2023-12-28 09:59:09,807 - INFO - energy -0.8566466569900513
2023-12-28 09:59:11,403 - INFO - iteration: 0, inner-counter: 4, init-grad: 0.11196623742580414, max-grad: 0.11681346595287323
2023-12-28 09:59:11,427 - INFO - adding element 1.0*Y((0, 0))*Y((0, 2))
2023-12-28 09:59:13,911 - INFO - energy -0.9225035905838013
2023-12-28 09:59:15,824 - INFO - iteration: 0, inner-counter: 5, init-grad: 0.11196623742580414, max-grad: 0.09442176669836044
2023-12-28 09:59:15,835 - INFO - iteration: 0, depth: 29
2023-12-28 09:59:15,835 - INFO - iteration: 1
2023-12-28 09:59:17,951 - INFO - iteration: 1, inner-counter: 1, init-grad: 0.3601739704608917, max-grad: 0.3601739704608917
2023-12-28 09:59:17,967 - INFO - adding element 1.0*X((0, 1))*X((0, 4))
2023-12-28 09:59:22,100 - INFO - energy -0.9427827000617981
2023-12-28 09:59:24,617 - INFO - iteration: 1, inner-counter: 2, init-grad: 0.3601739704608917, max-grad: 0.11275850236415863
2023-12-28 09:59:24,667 - INFO - iteration: 1, depth: 46
2023-12-28 09:59:24,667 - INFO - iteration: 2
2023-12-28 09:59:27,494 - INFO - iteration: 2, inner-counter: 1, init-grad: 0.21801692247390747, max-grad: 0.21801692247390747
2023-12-28 09:59:27,515 - INFO - adding element 1.0*X((0, 0))+1.0*X((0, 1))+1.0*X((0, 2))+1.0*X((0, 3))+1.0*X((0, 4))
2023-12-28 09:59:34,571 - INFO - energy -1.0063464641571045
2023-12-28 09:59:37,824 - INFO - iteration: 2, inner-counter: 2, init-grad: 0.21801692247390747, max-grad: 0.08694536983966827
2023-12-28 09:59:37,840 - INFO - iteration: 2, depth: 61
2023-12-28 09:59:37,841 - INFO - iteration: 3
2023-12-28 09:59:41,364 - INFO - iteration: 3, inner-counter: 1, init-grad: 0.11678209900856018, max-grad: 0.11678209900856018
2023-12-28 09:59:41,391 - INFO - adding element 1.0*Y((0, 0))+1.0*Y((0, 1))+1.0*Y((0, 2))+1.0*Y((0, 3))+1.0*Y((0, 4))
2023-12-28 09:59:48,298 - INFO - energy -1.0066356658935547
2023-12-28 09:59:52,356 - INFO - iteration: 3, inner-counter: 2, init-grad: 0.11678209900856018, max-grad: 0.2096950113773346
2023-12-28 09:59:52,387 - INFO - adding element 1.0*X((0, 0))+1.0*X((0, 1))+1.0*X((0, 2))+1.0*X((0, 3))+1.0*X((0, 4))
2023-12-28 09:59:58,917 - INFO - energy -0.9903352856636047
2023-12-28 10:00:03,143 - INFO - iteration: 3, inner-counter: 3, init-grad: 0.11678209900856018, max-grad: 0.13673581182956696
2023-12-28 10:00:03,162 - INFO - adding element 1.0*Y((0, 1))*Y((0, 4))
2023-12-28 10:00:09,910 - INFO - energy -1.0175193548202515
2023-12-28 10:00:14,520 - INFO - iteration: 3, inner-counter: 4, init-grad: 0.11678209900856018, max-grad: 0.050678614526987076
2023-12-28 10:00:14,535 - INFO - iteration: 3, depth: 81
2023-12-28 10:00:14,535 - INFO - iteration: 4
2023-12-28 10:00:19,330 - INFO - iteration: 4, inner-counter: 1, init-grad: 0.1149679645895958, max-grad: 0.1149679645895958
2023-12-28 10:00:19,351 - INFO - adding element 1.0*Y((0, 0))*Y((0, 4))
2023-12-28 10:00:25,983 - INFO - energy -1.036373257637024
2023-12-28 10:00:31,070 - INFO - iteration: 4, inner-counter: 2, init-grad: 0.1149679645895958, max-grad: 0.15324850380420685
2023-12-28 10:00:31,088 - INFO - adding element 1.0*X((0, 1))*X((0, 4))
2023-12-28 10:00:42,041 - INFO - energy -1.0999062061309814
2023-12-28 10:00:47,344 - INFO - iteration: 4, inner-counter: 3, init-grad: 0.1149679645895958, max-grad: 0.03593866154551506
2023-12-28 10:00:47,360 - INFO - iteration: 4, depth: 103
2023-12-28 10:00:47,360 - INFO - iteration: 5
2023-12-28 10:00:52,928 - INFO - iteration: 5, inner-counter: 1, init-grad: 0.09330950677394867, max-grad: 0.09330950677394867
2023-12-28 10:00:52,951 - INFO - adding element 1.0*Y((0, 0))+1.0*Y((0, 1))+1.0*Y((0, 2))+1.0*Y((0, 3))+1.0*Y((0, 4))
2023-12-28 10:01:06,253 - INFO - energy -0.7515977621078491
2023-12-28 10:01:12,210 - INFO - iteration: 5, inner-counter: 2, init-grad: 0.09330950677394867, max-grad: 0.18369647860527039
2023-12-28 10:01:12,239 - INFO - adding element 1.0*X((0, 1))*X((0, 3))
2023-12-28 10:01:22,365 - INFO - energy -0.9458990097045898
2023-12-28 10:01:28,513 - INFO - iteration: 5, inner-counter: 3, init-grad: 0.09330950677394867, max-grad: 0.10594504326581955
2023-12-28 10:01:28,555 - INFO - adding element 1.0*Y((0, 2))*Y((0, 4))
2023-12-28 10:01:46,668 - INFO - energy -1.0464084148406982
2023-12-28 10:01:52,948 - INFO - iteration: 5, inner-counter: 4, init-grad: 0.09330950677394867, max-grad: 0.04646003991365433
2023-12-28 10:01:52,964 - INFO - iteration: 5, depth: 123
2023-12-28 10:01:52,964 - INFO - iteration: 6
2023-12-28 10:01:59,792 - INFO - iteration: 6, inner-counter: 1, init-grad: 0.16205056011676788, max-grad: 0.16205056011676788
2023-12-28 10:01:59,813 - INFO - adding element 1.0*Y((0, 1))*Y((0, 4))
2023-12-28 10:02:19,555 - INFO - energy -1.08549165725708
2023-12-28 10:02:26,485 - INFO - iteration: 6, inner-counter: 2, init-grad: 0.16205056011676788, max-grad: 0.06007719039916992
2023-12-28 10:02:26,502 - INFO - iteration: 6, depth: 140
2023-12-28 10:02:26,502 - INFO - iteration: 7
2023-12-28 10:02:33,787 - INFO - iteration: 7, inner-counter: 1, init-grad: 0.11469663679599762, max-grad: 0.11469663679599762
2023-12-28 10:02:33,804 - INFO - adding element 1.0*X((0, 0))*X((0, 3))
2023-12-28 10:02:45,444 - INFO - energy -1.0247260332107544
2023-12-28 10:02:52,916 - INFO - iteration: 7, inner-counter: 2, init-grad: 0.11469663679599762, max-grad: 0.06921368092298508
2023-12-28 10:02:52,933 - INFO - iteration: 7, depth: 157
2023-12-28 10:02:52,933 - INFO - iteration: 8
2023-12-28 10:03:00,864 - INFO - iteration: 8, inner-counter: 1, init-grad: 0.13756267726421356, max-grad: 0.13756267726421356
2023-12-28 10:03:00,884 - INFO - adding element 1.0*Y((0, 0))+1.0*Y((0, 1))+1.0*Y((0, 2))+1.0*Y((0, 3))+1.0*Y((0, 4))
2023-12-28 10:03:12,218 - INFO - energy -1.0443050861358643
2023-12-28 10:03:20,501 - INFO - iteration: 8, inner-counter: 2, init-grad: 0.13756267726421356, max-grad: 0.12966546416282654
2023-12-28 10:03:20,519 - INFO - iteration: 8, depth: 172
2023-12-28 10:03:20,519 - INFO - iteration: 9
2023-12-28 10:03:29,024 - INFO - iteration: 9, inner-counter: 1, init-grad: 0.23630456626415253, max-grad: 0.23630456626415253
2023-12-28 10:03:29,045 - INFO - adding element 1.0*X((0, 2))*X((0, 3))
2023-12-28 10:03:51,528 - INFO - energy -1.0627113580703735
2023-12-28 10:04:00,360 - INFO - iteration: 9, inner-counter: 2, init-grad: 0.23630456626415253, max-grad: 0.09688331186771393
2023-12-28 10:04:00,384 - INFO - iteration: 9, depth: 186
2023-12-28 10:04:00,384 - INFO - iteration: 10
2023-12-28 10:04:09,425 - INFO - iteration: 10, inner-counter: 1, init-grad: 0.18577386438846588, max-grad: 0.18577386438846588
2023-12-28 10:04:09,442 - INFO - adding element 1.0*Y((0, 0))+1.0*Y((0, 1))+1.0*Y((0, 2))+1.0*Y((0, 3))+1.0*Y((0, 4))
2023-12-28 10:04:30,493 - INFO - energy -1.0905680656433105
2023-12-28 10:04:39,924 - INFO - iteration: 10, inner-counter: 2, init-grad: 0.18577386438846588, max-grad: 0.10488919913768768
2023-12-28 10:04:39,951 - INFO - iteration: 10, depth: 198
2023-12-28 10:04:39,951 - INFO - iteration: 11
2023-12-28 10:04:49,787 - INFO - iteration: 11, inner-counter: 1, init-grad: 0.10517439991235733, max-grad: 0.10517439991235733
2023-12-28 10:04:49,830 - INFO - adding element 1.0*Y((0, 0))+1.0*Y((0, 1))+1.0*Y((0, 2))+1.0*Y((0, 3))+1.0*Y((0, 4))
2023-12-28 10:05:09,952 - INFO - energy -1.0958552360534668
2023-12-28 10:05:20,056 - INFO - iteration: 11, inner-counter: 2, init-grad: 0.10517439991235733, max-grad: 0.09427191317081451
2023-12-28 10:05:20,071 - INFO - iteration: 11, depth: 210
2023-12-28 10:05:20,071 - INFO - iteration: 12
2023-12-28 10:05:30,556 - INFO - iteration: 12, inner-counter: 1, init-grad: 0.09415766596794128, max-grad: 0.09415766596794128
2023-12-28 10:05:30,577 - INFO - adding element 1.0*Y((0, 0))+1.0*Y((0, 1))+1.0*Y((0, 2))+1.0*Y((0, 3))+1.0*Y((0, 4))
2023-12-28 10:05:56,124 - INFO - energy -0.990269660949707
2023-12-28 10:06:06,861 - INFO - iteration: 12, inner-counter: 2, init-grad: 0.09415766596794128, max-grad: 0.14348697662353516
2023-12-28 10:06:06,882 - INFO - adding element 1.0*X((0, 0))+1.0*X((0, 1))+1.0*X((0, 2))+1.0*X((0, 3))+1.0*X((0, 4))
2023-12-28 10:06:35,900 - INFO - energy -1.012535810470581
2023-12-28 10:06:48,526 - INFO - iteration: 12, inner-counter: 3, init-grad: 0.09415766596794128, max-grad: 0.05948648974299431
2023-12-28 10:06:48,545 - INFO - iteration: 12, depth: 225
2023-12-28 10:06:48,545 - INFO - iteration: 13
2023-12-28 10:06:59,963 - INFO - iteration: 13, inner-counter: 1, init-grad: 0.17202897369861603, max-grad: 0.17202897369861603
2023-12-28 10:06:59,992 - INFO - adding element 1.0*X((0, 2))*X((0, 4))
2023-12-28 10:07:48,670 - INFO - energy -1.099886178970337
2023-12-28 10:07:59,907 - INFO - iteration: 13, inner-counter: 2, init-grad: 0.17202897369861603, max-grad: 0.04424573481082916
2023-12-28 10:07:59,949 - INFO - iteration: 13, depth: 239
2023-12-28 10:07:59,950 - INFO - iteration: 14
2023-12-28 10:08:11,502 - INFO - iteration: 14, inner-counter: 1, init-grad: 0.08746696263551712, max-grad: 0.08746696263551712
2023-12-28 10:08:11,527 - INFO - adding element 1.0*X((0, 0))+1.0*X((0, 1))+1.0*X((0, 2))+1.0*X((0, 3))+1.0*X((0, 4))
2023-12-28 10:08:44,285 - INFO - energy -1.0361400842666626
2023-12-28 10:08:56,104 - INFO - iteration: 14, inner-counter: 2, init-grad: 0.08746696263551712, max-grad: 0.10419179499149323
2023-12-28 10:08:56,132 - INFO - adding element 1.0*X((0, 2))*X((0, 4))
2023-12-28 10:09:43,130 - INFO - energy -1.0996888875961304
2023-12-28 10:09:57,132 - INFO - iteration: 14, inner-counter: 3, init-grad: 0.08746696263551712, max-grad: 0.05919141694903374
2023-12-28 10:09:57,152 - INFO - iteration: 14, depth: 256
2023-12-28 10:09:57,155 - INFO - iteration: 0
2023-12-28 10:09:57,161 - INFO - iteration: 0, depth: 14
2023-12-28 10:09:58,973 - INFO - iteration: 1
2023-12-28 10:09:58,982 - INFO - iteration: 1, depth: 24
2023-12-28 10:10:00,319 - INFO - iteration: 2
2023-12-28 10:10:00,331 - INFO - iteration: 2, depth: 34
2023-12-28 10:10:00,723 - INFO - iteration: 3
2023-12-28 10:10:00,739 - INFO - iteration: 3, depth: 44
2023-12-28 10:10:03,760 - INFO - iteration: 4
2023-12-28 10:10:03,779 - INFO - iteration: 4, depth: 54
2023-12-28 10:10:06,780 - INFO - iteration: 5
2023-12-28 10:10:06,801 - INFO - iteration: 5, depth: 64
2023-12-28 10:10:09,075 - INFO - iteration: 6
2023-12-28 10:10:09,100 - INFO - iteration: 6, depth: 74
2023-12-28 10:10:11,405 - INFO - iteration: 7
2023-12-28 10:10:11,432 - INFO - iteration: 7, depth: 84
2023-12-28 10:10:26,806 - INFO - iteration: 8
2023-12-28 10:10:26,840 - INFO - iteration: 8, depth: 94
2023-12-28 10:10:37,053 - INFO - iteration: 9
2023-12-28 10:10:37,086 - INFO - iteration: 9, depth: 104
2023-12-28 10:10:39,737 - INFO - iteration: 10
2023-12-28 10:10:39,899 - INFO - iteration: 10, depth: 114
2023-12-28 10:10:53,882 - INFO - iteration: 11
2023-12-28 10:10:53,923 - INFO - iteration: 11, depth: 124
2023-12-28 10:11:05,098 - INFO - iteration: 12
2023-12-28 10:11:05,143 - INFO - iteration: 12, depth: 134
2023-12-28 10:11:11,344 - INFO - iteration: 13
2023-12-28 10:11:11,387 - INFO - iteration: 13, depth: 144
2023-12-28 10:11:20,457 - INFO - iteration: 14
2023-12-28 10:11:20,502 - INFO - iteration: 14, depth: 154
