2023-12-28 09:04:31,112 - INFO - graph: Graph with 5 nodes and 10 edges
2023-12-28 09:04:31,113 - INFO - edge (0, 1), weight: 0.6638744697105485
2023-12-28 09:04:31,113 - INFO - edge (0, 2), weight: 0.46914213971674323
2023-12-28 09:04:31,113 - INFO - edge (0, 3), weight: 0.1658909637872625
2023-12-28 09:04:31,113 - INFO - edge (0, 4), weight: 0.9740057951045326
2023-12-28 09:04:31,113 - INFO - edge (1, 2), weight: 0.7254287850685162
2023-12-28 09:04:31,113 - INFO - edge (1, 3), weight: 0.9885205605740464
2023-12-28 09:04:31,113 - INFO - edge (1, 4), weight: 0.18322752576876072
2023-12-28 09:04:31,113 - INFO - edge (2, 3), weight: 0.7982862310733705
2023-12-28 09:04:31,113 - INFO - edge (2, 4), weight: 0.6048651092557356
2023-12-28 09:04:31,113 - INFO - edge (3, 4), weight: 0.9122526951016289
2023-12-28 09:04:31,114 - INFO - real cost: -1.6262002772344355
2023-12-28 09:04:31,135 - INFO - iteration: 0
2023-12-28 09:04:31,708 - INFO - iteration: 0, inner-counter: 1, init-grad: 0.2593139708042145, max-grad: 0.2593139708042145
2023-12-28 09:04:31,714 - INFO - adding element 1.0*Y((0, 0))+1.0*Y((0, 1))+1.0*Y((0, 2))+1.0*Y((0, 3))+1.0*Y((0, 4))
2023-12-28 09:04:33,248 - INFO - energy 3.8144601148815127e-06
2023-12-28 09:04:33,739 - INFO - iteration: 0, inner-counter: 2, init-grad: 0.2593139708042145, max-grad: 0.06525193899869919
2023-12-28 09:04:33,743 - INFO - iteration: 0, depth: 25
2023-12-28 09:04:33,743 - INFO - iteration: 1
2023-12-28 09:04:34,288 - INFO - iteration: 1, inner-counter: 1, init-grad: 0.12432540208101273, max-grad: 0.12432540208101273
2023-12-28 09:04:34,293 - INFO - adding element 1.0*X((0, 4))
2023-12-28 09:04:38,077 - INFO - energy -0.4270828366279602
2023-12-28 09:04:38,637 - INFO - iteration: 1, inner-counter: 2, init-grad: 0.12432540208101273, max-grad: 0.04320112615823746
2023-12-28 09:04:38,641 - INFO - iteration: 1, depth: 43
2023-12-28 09:04:38,641 - INFO - iteration: 2
2023-12-28 09:04:39,346 - INFO - iteration: 2, inner-counter: 1, init-grad: 0.06257009506225586, max-grad: 0.06257009506225586
2023-12-28 09:04:39,353 - INFO - adding element 1.0*Y((0, 0))+1.0*Y((0, 1))+1.0*Y((0, 2))+1.0*Y((0, 3))+1.0*Y((0, 4))
2023-12-28 09:04:41,102 - INFO - energy -0.42666053771972656
2023-12-28 09:04:41,991 - INFO - iteration: 2, inner-counter: 2, init-grad: 0.06257009506225586, max-grad: 0.021941697224974632
2023-12-28 09:04:41,997 - INFO - iteration: 2, depth: 58
2023-12-28 09:04:41,997 - INFO - iteration: 3
2023-12-28 09:04:42,950 - INFO - iteration: 3, inner-counter: 1, init-grad: 0.035461537539958954, max-grad: 0.035461537539958954
2023-12-28 09:04:42,957 - INFO - adding element 1.0*X((0, 0))+1.0*X((0, 1))+1.0*X((0, 2))+1.0*X((0, 3))+1.0*X((0, 4))
2023-12-28 09:04:49,988 - INFO - energy -0.7369540929794312
2023-12-28 09:04:50,970 - INFO - iteration: 3, inner-counter: 2, init-grad: 0.035461537539958954, max-grad: 0.25653740763664246
2023-12-28 09:04:50,976 - INFO - adding element 1.0*Y((0, 0))
2023-12-28 09:04:55,813 - INFO - energy -0.8513752222061157
2023-12-28 09:04:56,943 - INFO - iteration: 3, inner-counter: 3, init-grad: 0.035461537539958954, max-grad: 0.1226041242480278
2023-12-28 09:04:56,948 - INFO - adding element 1.0*X((0, 3))
2023-12-28 09:05:04,424 - INFO - energy -0.9758315682411194
2023-12-28 09:05:05,484 - INFO - iteration: 3, inner-counter: 4, init-grad: 0.035461537539958954, max-grad: 0.07119028270244598
2023-12-28 09:05:05,491 - INFO - adding element 1.0*Y((0, 0))+1.0*Y((0, 1))+1.0*Y((0, 2))+1.0*Y((0, 3))+1.0*Y((0, 4))
2023-12-28 09:05:14,580 - INFO - energy -0.9803007245063782
2023-12-28 09:05:15,762 - INFO - iteration: 3, inner-counter: 5, init-grad: 0.035461537539958954, max-grad: 0.04485900327563286
2023-12-28 09:05:15,767 - INFO - adding element 1.0*X((0, 0))+1.0*X((0, 1))+1.0*X((0, 2))+1.0*X((0, 3))+1.0*X((0, 4))
2023-12-28 09:05:26,284 - INFO - energy -0.9660367965698242
2023-12-28 09:05:27,608 - INFO - iteration: 3, inner-counter: 6, init-grad: 0.035461537539958954, max-grad: 0.05865195393562317
2023-12-28 09:05:27,614 - INFO - adding element 1.0*X((0, 4))
2023-12-28 09:05:35,368 - INFO - energy -1.1698449850082397
2023-12-28 09:05:36,753 - INFO - iteration: 3, inner-counter: 7, init-grad: 0.035461537539958954, max-grad: 0.06119963154196739
2023-12-28 09:05:36,758 - INFO - adding element 1.0*X((0, 0))+1.0*X((0, 1))+1.0*X((0, 2))+1.0*X((0, 3))+1.0*X((0, 4))
2023-12-28 09:05:45,922 - INFO - energy -1.0659406185150146
2023-12-28 09:05:47,416 - INFO - iteration: 3, inner-counter: 8, init-grad: 0.035461537539958954, max-grad: 0.058534298092126846
2023-12-28 09:05:47,439 - INFO - adding element 1.0*X((0, 0))+1.0*X((0, 1))+1.0*X((0, 2))+1.0*X((0, 3))+1.0*X((0, 4))
2023-12-28 09:06:00,388 - INFO - energy -1.0318541526794434
2023-12-28 09:06:01,907 - INFO - iteration: 3, inner-counter: 9, init-grad: 0.035461537539958954, max-grad: 0.07739029824733734
2023-12-28 09:06:01,913 - INFO - adding element 1.0*X((0, 0))+1.0*X((0, 1))+1.0*X((0, 2))+1.0*X((0, 3))+1.0*X((0, 4))
2023-12-28 09:06:16,647 - INFO - energy -1.2050443887710571
2023-12-28 09:06:18,310 - INFO - iteration: 3, inner-counter: 10, init-grad: 0.035461537539958954, max-grad: 0.08225980401039124
2023-12-28 09:06:18,314 - INFO - adding element 1.0*X((0, 0))+1.0*X((0, 1))+1.0*X((0, 2))+1.0*X((0, 3))+1.0*X((0, 4))
2023-12-28 09:06:46,101 - INFO - energy -0.7030470967292786
2023-12-28 09:06:47,884 - INFO - iteration: 3, inner-counter: 11, init-grad: 0.035461537539958954, max-grad: 0.043090637773275375
2023-12-28 09:06:47,891 - INFO - adding element 1.0*X((0, 0))+1.0*X((0, 1))+1.0*X((0, 2))+1.0*X((0, 3))+1.0*X((0, 4))
2023-12-28 09:08:00,397 - INFO - energy -1.1927804946899414
2023-12-28 09:08:02,224 - INFO - iteration: 3, inner-counter: 12, init-grad: 0.035461537539958954, max-grad: 0.05910670757293701
2023-12-28 09:08:02,231 - INFO - adding element 1.0*X((0, 0))+1.0*X((0, 1))+1.0*X((0, 2))+1.0*X((0, 3))+1.0*X((0, 4))
2023-12-28 09:08:40,921 - INFO - energy -1.0666295289993286
2023-12-28 09:08:42,782 - INFO - iteration: 3, inner-counter: 13, init-grad: 0.035461537539958954, max-grad: 0.04107280820608139
2023-12-28 09:08:42,787 - INFO - adding element 1.0*X((0, 0))+1.0*X((0, 1))+1.0*X((0, 2))+1.0*X((0, 3))+1.0*X((0, 4))
2023-12-28 09:09:06,329 - INFO - energy -1.5632379055023193
2023-12-28 09:09:08,265 - INFO - iteration: 3, inner-counter: 14, init-grad: 0.035461537539958954, max-grad: 0.1138172298669815
2023-12-28 09:09:08,271 - INFO - adding element 1.0*X((0, 0))+1.0*X((0, 1))+1.0*X((0, 2))+1.0*X((0, 3))+1.0*X((0, 4))
2023-12-28 09:09:32,383 - INFO - energy -1.062607765197754
2023-12-28 09:09:34,595 - INFO - iteration: 3, inner-counter: 15, init-grad: 0.035461537539958954, max-grad: 0.03764495626091957
2023-12-28 09:09:34,601 - INFO - adding element 1.0*Y((0, 0))+1.0*Y((0, 1))+1.0*Y((0, 2))+1.0*Y((0, 3))+1.0*Y((0, 4))
2023-12-28 09:09:57,515 - INFO - energy -1.3473495244979858
2023-12-28 09:09:59,781 - INFO - iteration: 3, inner-counter: 16, init-grad: 0.035461537539958954, max-grad: 0.186469167470932
2023-12-28 09:09:59,791 - INFO - adding element 1.0*Y((0, 0))+1.0*Y((0, 1))+1.0*Y((0, 2))+1.0*Y((0, 3))+1.0*Y((0, 4))
2023-12-28 09:10:56,028 - INFO - energy -0.9825515747070312
2023-12-28 09:10:58,393 - INFO - iteration: 3, inner-counter: 17, init-grad: 0.035461537539958954, max-grad: 0.07761082798242569
2023-12-28 09:10:58,399 - INFO - adding element 1.0*X((0, 0))+1.0*X((0, 1))+1.0*X((0, 2))+1.0*X((0, 3))+1.0*X((0, 4))
2023-12-28 09:11:20,028 - INFO - energy -0.8015151023864746
2023-12-28 09:11:22,594 - INFO - iteration: 3, inner-counter: 18, init-grad: 0.035461537539958954, max-grad: 0.03393928334116936
2023-12-28 09:11:22,604 - INFO - iteration: 3, depth: 118
2023-12-28 09:11:22,604 - INFO - iteration: 4
2023-12-28 09:11:25,199 - INFO - iteration: 4, inner-counter: 1, init-grad: 0.2586013674736023, max-grad: 0.2586013674736023
2023-12-28 09:11:25,219 - INFO - adding element 1.0*X((0, 1))
2023-12-28 09:12:07,970 - INFO - energy -1.6259502172470093
2023-12-28 09:12:10,510 - INFO - iteration: 4, inner-counter: 2, init-grad: 0.2586013674736023, max-grad: 0.10002068430185318
2023-12-28 09:12:10,520 - INFO - iteration: 4, depth: 133
2023-12-28 09:12:10,520 - INFO - iteration: 5
2023-12-28 09:12:13,156 - INFO - iteration: 5, inner-counter: 1, init-grad: 0.1487017273902893, max-grad: 0.1487017273902893
2023-12-28 09:12:13,162 - INFO - adding element 1.0*X((0, 0))+1.0*X((0, 1))+1.0*X((0, 2))+1.0*X((0, 3))+1.0*X((0, 4))
2023-12-28 09:12:49,419 - INFO - energy -1.1505510807037354
2023-12-28 09:12:52,109 - INFO - iteration: 5, inner-counter: 2, init-grad: 0.1487017273902893, max-grad: 0.2990785837173462
2023-12-28 09:12:52,114 - INFO - adding element 1.0*Y((0, 0))+1.0*Y((0, 1))+1.0*Y((0, 2))+1.0*Y((0, 3))+1.0*Y((0, 4))
2023-12-28 09:13:36,244 - INFO - energy -1.288441777229309
2023-12-28 09:13:39,050 - INFO - iteration: 5, inner-counter: 3, init-grad: 0.1487017273902893, max-grad: 0.07143945246934891
2023-12-28 09:13:39,061 - INFO - iteration: 5, depth: 157
2023-12-28 09:13:39,061 - INFO - iteration: 6
2023-12-28 09:13:42,052 - INFO - iteration: 6, inner-counter: 1, init-grad: 0.07580124586820602, max-grad: 0.07580124586820602
2023-12-28 09:13:42,057 - INFO - adding element 1.0*Y((0, 1))
2023-12-28 09:14:24,889 - INFO - energy -1.3409786224365234
2023-12-28 09:14:27,866 - INFO - iteration: 6, inner-counter: 2, init-grad: 0.07580124586820602, max-grad: 0.17062121629714966
2023-12-28 09:14:27,871 - INFO - adding element 1.0*X((0, 0))+1.0*X((0, 1))+1.0*X((0, 2))+1.0*X((0, 3))+1.0*X((0, 4))
2023-12-28 09:15:11,684 - INFO - energy -1.4087213277816772
2023-12-28 09:15:14,749 - INFO - iteration: 6, inner-counter: 3, init-grad: 0.07580124586820602, max-grad: 0.08421768993139267
2023-12-28 09:15:14,753 - INFO - adding element 1.0*X((0, 0))+1.0*X((0, 1))+1.0*X((0, 2))+1.0*X((0, 3))+1.0*X((0, 4))
2023-12-28 09:16:16,273 - INFO - energy -1.2937214374542236
2023-12-28 09:16:19,418 - INFO - iteration: 6, inner-counter: 4, init-grad: 0.07580124586820602, max-grad: 0.11640923470258713
2023-12-28 09:16:19,429 - INFO - iteration: 6, depth: 178
2023-12-28 09:16:19,430 - INFO - iteration: 7
2023-12-28 09:16:22,728 - INFO - iteration: 7, inner-counter: 1, init-grad: 0.4051459729671478, max-grad: 0.4051459729671478
2023-12-28 09:16:22,734 - INFO - adding element 1.0*X((0, 3))
2023-12-28 09:17:07,677 - INFO - energy -1.4652215242385864
2023-12-28 09:17:10,994 - INFO - iteration: 7, inner-counter: 2, init-grad: 0.4051459729671478, max-grad: 0.2550770044326782
2023-12-28 09:17:11,005 - INFO - iteration: 7, depth: 199
2023-12-28 09:17:11,006 - INFO - iteration: 8
2023-12-28 09:17:14,469 - INFO - iteration: 8, inner-counter: 1, init-grad: 0.40193507075309753, max-grad: 0.40193507075309753
2023-12-28 09:17:14,476 - INFO - adding element 1.0*Y((0, 0))+1.0*Y((0, 1))+1.0*Y((0, 2))+1.0*Y((0, 3))+1.0*Y((0, 4))
2023-12-28 09:18:05,028 - INFO - energy -0.9714205265045166
2023-12-28 09:18:08,768 - INFO - iteration: 8, inner-counter: 2, init-grad: 0.40193507075309753, max-grad: 0.23772591352462769
2023-12-28 09:18:08,782 - INFO - iteration: 8, depth: 217
2023-12-28 09:18:08,782 - INFO - iteration: 9
2023-12-28 09:18:12,837 - INFO - iteration: 9, inner-counter: 1, init-grad: 0.4445366859436035, max-grad: 0.4445366859436035
2023-12-28 09:18:12,842 - INFO - adding element 1.0*X((0, 0))
2023-12-28 09:19:26,671 - INFO - energy -1.4601013660430908
2023-12-28 09:19:30,489 - INFO - iteration: 9, inner-counter: 2, init-grad: 0.4445366859436035, max-grad: 0.17421749234199524
2023-12-28 09:19:30,508 - INFO - iteration: 9, depth: 232
2023-12-28 09:19:30,508 - INFO - iteration: 10
2023-12-28 09:19:34,403 - INFO - iteration: 10, inner-counter: 1, init-grad: 0.34307193756103516, max-grad: 0.34307193756103516
2023-12-28 09:19:34,410 - INFO - adding element 1.0*X((0, 4))
2023-12-28 09:22:00,537 - INFO - energy -1.525412678718567
2023-12-28 09:22:04,509 - INFO - iteration: 10, inner-counter: 2, init-grad: 0.34307193756103516, max-grad: 0.13208411633968353
2023-12-28 09:22:04,523 - INFO - iteration: 10, depth: 250
2023-12-28 09:22:04,523 - INFO - iteration: 11
2023-12-28 09:22:08,728 - INFO - iteration: 11, inner-counter: 1, init-grad: 0.24061597883701324, max-grad: 0.24061597883701324
2023-12-28 09:22:08,737 - INFO - adding element 1.0*X((0, 0))+1.0*X((0, 1))+1.0*X((0, 2))+1.0*X((0, 3))+1.0*X((0, 4))
2023-12-28 09:23:47,239 - INFO - energy -1.4938105344772339
2023-12-28 09:23:51,392 - INFO - iteration: 11, inner-counter: 2, init-grad: 0.24061597883701324, max-grad: 0.13395550847053528
2023-12-28 09:23:51,409 - INFO - iteration: 11, depth: 265
2023-12-28 09:23:51,409 - INFO - iteration: 12
2023-12-28 09:23:55,836 - INFO - iteration: 12, inner-counter: 1, init-grad: 0.12989982962608337, max-grad: 0.12989982962608337
2023-12-28 09:23:55,853 - INFO - adding element 1.0*X((0, 0))+1.0*X((0, 1))+1.0*X((0, 2))+1.0*X((0, 3))+1.0*X((0, 4))
2023-12-28 09:25:45,556 - INFO - energy -1.5192761421203613
2023-12-28 09:25:50,025 - INFO - iteration: 12, inner-counter: 2, init-grad: 0.12989982962608337, max-grad: 0.20779487490653992
2023-12-28 09:25:50,046 - INFO - iteration: 12, depth: 283
2023-12-28 09:25:50,046 - INFO - iteration: 13
2023-12-28 09:25:54,651 - INFO - iteration: 13, inner-counter: 1, init-grad: 0.2093423753976822, max-grad: 0.2093423753976822
2023-12-28 09:25:54,663 - INFO - adding element 1.0*X((0, 0))+1.0*X((0, 1))+1.0*X((0, 2))+1.0*X((0, 3))+1.0*X((0, 4))
2023-12-28 09:27:48,064 - INFO - energy -1.54220449924469
2023-12-28 09:27:52,835 - INFO - iteration: 13, inner-counter: 2, init-grad: 0.2093423753976822, max-grad: 0.19121304154396057
2023-12-28 09:27:52,855 - INFO - iteration: 13, depth: 301
2023-12-28 09:27:52,855 - INFO - iteration: 14
2023-12-28 09:27:57,726 - INFO - iteration: 14, inner-counter: 1, init-grad: 0.19048310816287994, max-grad: 0.19048310816287994
2023-12-28 09:27:57,731 - INFO - adding element 1.0*X((0, 0))+1.0*X((0, 1))+1.0*X((0, 2))+1.0*X((0, 3))+1.0*X((0, 4))
2023-12-28 09:33:12,836 - INFO - energy -1.5566354990005493
2023-12-28 09:33:17,629 - INFO - iteration: 14, inner-counter: 2, init-grad: 0.19048310816287994, max-grad: 0.18902118504047394
2023-12-28 09:33:17,646 - INFO - iteration: 14, depth: 319
2023-12-28 09:33:17,652 - INFO - iteration: 0
2023-12-28 09:33:18,767 - INFO - iteration: 0, inner-counter: 1, init-grad: 0.2593139708042145, max-grad: 0.2593139708042145
2023-12-28 09:33:18,798 - INFO - adding element 1.0*Y((0, 0))+1.0*Y((0, 1))+1.0*Y((0, 2))+1.0*Y((0, 3))+1.0*Y((0, 4))
2023-12-28 09:33:19,974 - INFO - energy 3.8144601148815127e-06
2023-12-28 09:33:21,357 - INFO - iteration: 0, inner-counter: 2, init-grad: 0.2593139708042145, max-grad: 0.37513959407806396
2023-12-28 09:33:21,394 - INFO - adding element 1.0*X((0, 0))*X((0, 2))
2023-12-28 09:33:23,689 - INFO - energy -0.392139732837677
2023-12-28 09:33:25,332 - INFO - iteration: 0, inner-counter: 3, init-grad: 0.2593139708042145, max-grad: 0.41845905780792236
2023-12-28 09:33:25,364 - INFO - adding element 1.0*X((0, 0))+1.0*X((0, 1))+1.0*X((0, 2))+1.0*X((0, 3))+1.0*X((0, 4))
2023-12-28 09:33:26,718 - INFO - energy -0.4653080701828003
2023-12-28 09:33:28,541 - INFO - iteration: 0, inner-counter: 4, init-grad: 0.2593139708042145, max-grad: 0.17176517844200134
2023-12-28 09:33:28,571 - INFO - iteration: 0, depth: 30
2023-12-28 09:33:28,571 - INFO - iteration: 1
2023-12-28 09:33:31,095 - INFO - iteration: 1, inner-counter: 1, init-grad: 0.5167208909988403, max-grad: 0.5167208909988403
2023-12-28 09:33:31,118 - INFO - adding element 1.0*Y((0, 2))*Y((0, 3))
2023-12-28 09:33:35,624 - INFO - energy -0.8764019012451172
2023-12-28 09:33:38,373 - INFO - iteration: 1, inner-counter: 2, init-grad: 0.5167208909988403, max-grad: 0.32299110293388367
2023-12-28 09:33:38,410 - INFO - iteration: 1, depth: 56
2023-12-28 09:33:38,410 - INFO - iteration: 2
2023-12-28 09:33:41,714 - INFO - iteration: 2, inner-counter: 1, init-grad: 0.6384368538856506, max-grad: 0.6384368538856506
2023-12-28 09:33:41,752 - INFO - adding element 1.0*X((0, 0))
2023-12-28 09:33:47,369 - INFO - energy -1.2927402257919312
2023-12-28 09:33:50,886 - INFO - iteration: 2, inner-counter: 2, init-grad: 0.6384368538856506, max-grad: 0.37147337198257446
2023-12-28 09:33:50,906 - INFO - iteration: 2, depth: 74
2023-12-28 09:33:50,906 - INFO - iteration: 3
2023-12-28 09:33:54,895 - INFO - iteration: 3, inner-counter: 1, init-grad: 0.7591051459312439, max-grad: 0.7591051459312439
2023-12-28 09:33:54,923 - INFO - adding element 1.0*Y((0, 1))*Y((0, 4))
2023-12-28 09:34:01,835 - INFO - energy -1.4037531614303589
2023-12-28 09:34:06,033 - INFO - iteration: 3, inner-counter: 2, init-grad: 0.7591051459312439, max-grad: 0.20725712180137634
2023-12-28 09:34:06,052 - INFO - iteration: 3, depth: 94
2023-12-28 09:34:06,052 - INFO - iteration: 4
2023-12-28 09:34:10,915 - INFO - iteration: 4, inner-counter: 1, init-grad: 0.3903472423553467, max-grad: 0.3903472423553467
2023-12-28 09:34:10,940 - INFO - adding element 1.0*Y((0, 0))*Y((0, 4))
2023-12-28 09:34:19,089 - INFO - energy -1.4125165939331055
2023-12-28 09:34:24,027 - INFO - iteration: 4, inner-counter: 2, init-grad: 0.3903472423553467, max-grad: 0.27607569098472595
2023-12-28 09:34:24,056 - INFO - iteration: 4, depth: 120
2023-12-28 09:34:24,056 - INFO - iteration: 5
2023-12-28 09:34:29,702 - INFO - iteration: 5, inner-counter: 1, init-grad: 0.543351411819458, max-grad: 0.543351411819458
2023-12-28 09:34:29,720 - INFO - adding element 1.0*Y((0, 0))*Y((0, 1))
2023-12-28 09:34:41,370 - INFO - energy -1.4976086616516113
2023-12-28 09:34:47,153 - INFO - iteration: 5, inner-counter: 2, init-grad: 0.543351411819458, max-grad: 0.12094300240278244
2023-12-28 09:34:47,188 - INFO - iteration: 5, depth: 141
2023-12-28 09:34:47,188 - INFO - iteration: 6
2023-12-28 09:34:53,628 - INFO - iteration: 6, inner-counter: 1, init-grad: 0.2423131763935089, max-grad: 0.2423131763935089
2023-12-28 09:34:53,657 - INFO - adding element 1.0*X((0, 0))*X((0, 2))
2023-12-28 09:35:11,435 - INFO - energy -1.5625251531600952
2023-12-28 09:35:17,916 - INFO - iteration: 6, inner-counter: 2, init-grad: 0.2423131763935089, max-grad: 0.14005787670612335
2023-12-28 09:35:17,938 - INFO - iteration: 6, depth: 163
2023-12-28 09:35:17,938 - INFO - iteration: 7
2023-12-28 09:35:25,196 - INFO - iteration: 7, inner-counter: 1, init-grad: 0.2800789475440979, max-grad: 0.2800789475440979
2023-12-28 09:35:25,218 - INFO - adding element 1.0*Y((0, 1))*Y((0, 2))
2023-12-28 09:35:45,385 - INFO - energy -1.4455045461654663
2023-12-28 09:35:52,699 - INFO - iteration: 7, inner-counter: 2, init-grad: 0.2800789475440979, max-grad: 0.25523170828819275
2023-12-28 09:35:52,730 - INFO - iteration: 7, depth: 186
2023-12-28 09:35:52,731 - INFO - iteration: 8
2023-12-28 09:36:00,548 - INFO - iteration: 8, inner-counter: 1, init-grad: 0.5012149214744568, max-grad: 0.5012149214744568
2023-12-28 09:36:00,585 - INFO - adding element 1.0*Y((0, 2))*Y((0, 4))
2023-12-28 09:36:19,817 - INFO - energy -1.493967890739441
2023-12-28 09:36:27,943 - INFO - iteration: 8, inner-counter: 2, init-grad: 0.5012149214744568, max-grad: 0.178490549325943
2023-12-28 09:36:27,983 - INFO - iteration: 8, depth: 212
2023-12-28 09:36:27,983 - INFO - iteration: 9
2023-12-28 09:36:36,751 - INFO - iteration: 9, inner-counter: 1, init-grad: 0.34497499465942383, max-grad: 0.34497499465942383
2023-12-28 09:36:36,773 - INFO - adding element 1.0*Y((0, 0))+1.0*Y((0, 1))+1.0*Y((0, 2))+1.0*Y((0, 3))+1.0*Y((0, 4))
2023-12-28 09:37:04,917 - INFO - energy -1.413501262664795
2023-12-28 09:37:14,110 - INFO - iteration: 9, inner-counter: 2, init-grad: 0.34497499465942383, max-grad: 0.22079215943813324
2023-12-28 09:37:14,136 - INFO - iteration: 9, depth: 233
2023-12-28 09:37:14,137 - INFO - iteration: 10
2023-12-28 09:37:23,999 - INFO - iteration: 10, inner-counter: 1, init-grad: 0.43265652656555176, max-grad: 0.43265652656555176
2023-12-28 09:37:24,024 - INFO - adding element 1.0*Y((0, 2))*Y((0, 3))
2023-12-28 09:37:54,575 - INFO - energy -1.530826449394226
2023-12-28 09:38:05,217 - INFO - iteration: 10, inner-counter: 2, init-grad: 0.43265652656555176, max-grad: 0.1497299075126648
2023-12-28 09:38:05,246 - INFO - iteration: 10, depth: 253
2023-12-28 09:38:05,246 - INFO - iteration: 11
2023-12-28 09:38:17,661 - INFO - iteration: 11, inner-counter: 1, init-grad: 0.2836325168609619, max-grad: 0.2836325168609619
2023-12-28 09:38:17,705 - INFO - adding element 1.0*X((0, 0))+1.0*X((0, 1))+1.0*X((0, 2))+1.0*X((0, 3))+1.0*X((0, 4))
2023-12-28 09:39:03,313 - INFO - energy -1.6137597560882568
2023-12-28 09:39:13,844 - INFO - iteration: 11, inner-counter: 2, init-grad: 0.2836325168609619, max-grad: 0.12788087129592896
2023-12-28 09:39:13,864 - INFO - iteration: 11, depth: 274
2023-12-28 09:39:13,864 - INFO - iteration: 12
2023-12-28 09:39:25,141 - INFO - iteration: 12, inner-counter: 1, init-grad: 0.127076655626297, max-grad: 0.127076655626297
2023-12-28 09:39:25,161 - INFO - adding element 1.0*X((0, 0))+1.0*X((0, 1))+1.0*X((0, 2))+1.0*X((0, 3))+1.0*X((0, 4))
2023-12-28 09:39:52,154 - INFO - energy -1.5270839929580688
2023-12-28 09:40:03,898 - INFO - iteration: 12, inner-counter: 2, init-grad: 0.127076655626297, max-grad: 0.12094248831272125
2023-12-28 09:40:03,917 - INFO - iteration: 12, depth: 292
2023-12-28 09:40:03,917 - INFO - iteration: 13
2023-12-28 09:40:18,068 - INFO - iteration: 13, inner-counter: 1, init-grad: 0.22518213093280792, max-grad: 0.22518213093280792
2023-12-28 09:40:18,094 - INFO - adding element 1.0*X((0, 0))*X((0, 2))
2023-12-28 09:40:51,487 - INFO - energy -1.5515676736831665
2023-12-28 09:41:03,619 - INFO - iteration: 13, inner-counter: 2, init-grad: 0.22518213093280792, max-grad: 0.08776003867387772
2023-12-28 09:41:03,645 - INFO - iteration: 13, depth: 309
2023-12-28 09:41:03,645 - INFO - iteration: 14
2023-12-28 09:41:16,620 - INFO - iteration: 14, inner-counter: 1, init-grad: 0.17228612303733826, max-grad: 0.17228612303733826
2023-12-28 09:41:16,639 - INFO - adding element 1.0*Y((0, 0))*Y((0, 3))
2023-12-28 09:41:54,517 - INFO - energy -1.6004998683929443
2023-12-28 09:42:07,789 - INFO - iteration: 14, inner-counter: 2, init-grad: 0.17228612303733826, max-grad: 0.06577691435813904
2023-12-28 09:42:07,813 - INFO - iteration: 14, depth: 335
2023-12-28 09:42:07,816 - INFO - iteration: 0
2023-12-28 09:42:07,827 - INFO - iteration: 0, depth: 23
2023-12-28 09:42:10,113 - INFO - iteration: 1
2023-12-28 09:42:10,129 - INFO - iteration: 1, depth: 39
2023-12-28 09:42:15,593 - INFO - iteration: 2
2023-12-28 09:42:15,614 - INFO - iteration: 2, depth: 55
2023-12-28 09:42:18,352 - INFO - iteration: 3
2023-12-28 09:42:18,377 - INFO - iteration: 3, depth: 71
2023-12-28 09:42:21,634 - INFO - iteration: 4
2023-12-28 09:42:21,664 - INFO - iteration: 4, depth: 87
2023-12-28 09:42:24,522 - INFO - iteration: 5
2023-12-28 09:42:24,556 - INFO - iteration: 5, depth: 103
2023-12-28 09:42:29,040 - INFO - iteration: 6
2023-12-28 09:42:29,083 - INFO - iteration: 6, depth: 119
2023-12-28 09:42:34,963 - INFO - iteration: 7
2023-12-28 09:42:35,012 - INFO - iteration: 7, depth: 135
2023-12-28 09:42:39,466 - INFO - iteration: 8
2023-12-28 09:42:39,540 - INFO - iteration: 8, depth: 151
2023-12-28 09:42:45,488 - INFO - iteration: 9
2023-12-28 09:42:45,545 - INFO - iteration: 9, depth: 167
2023-12-28 09:42:55,727 - INFO - iteration: 10
2023-12-28 09:42:55,784 - INFO - iteration: 10, depth: 183
2023-12-28 09:43:09,699 - INFO - iteration: 11
2023-12-28 09:43:09,766 - INFO - iteration: 11, depth: 199
2023-12-28 09:43:21,040 - INFO - iteration: 12
2023-12-28 09:43:21,107 - INFO - iteration: 12, depth: 215
2023-12-28 09:43:43,473 - INFO - iteration: 13
2023-12-28 09:43:43,557 - INFO - iteration: 13, depth: 231
2023-12-28 09:43:51,234 - INFO - iteration: 14
2023-12-28 09:43:51,309 - INFO - iteration: 14, depth: 247
