2023-12-28 02:25:51,635 - INFO - graph: Graph with 5 nodes and 10 edges
2023-12-28 02:25:51,635 - INFO - edge (0, 1), weight: 0.23841686260523398
2023-12-28 02:25:51,635 - INFO - edge (0, 2), weight: 0.8152051003469746
2023-12-28 02:25:51,635 - INFO - edge (0, 3), weight: 0.9530692040631757
2023-12-28 02:25:51,635 - INFO - edge (0, 4), weight: 0.4283011816447483
2023-12-28 02:25:51,635 - INFO - edge (1, 2), weight: 0.7988693583560481
2023-12-28 02:25:51,635 - INFO - edge (1, 3), weight: 0.6925125915066838
2023-12-28 02:25:51,635 - INFO - edge (1, 4), weight: 0.2620014649382423
2023-12-28 02:25:51,635 - INFO - edge (2, 3), weight: 0.9573118415760535
2023-12-28 02:25:51,635 - INFO - edge (2, 4), weight: 0.4840675899066258
2023-12-28 02:25:51,635 - INFO - edge (3, 4), weight: 0.9797516529058498
2023-12-28 02:25:51,636 - INFO - real cost: -1.4187220731605399
2023-12-28 02:25:51,656 - INFO - iteration: 0
2023-12-28 02:25:52,097 - INFO - iteration: 0, inner-counter: 1, init-grad: 0.2642676830291748, 
2023-12-28 02:25:52,104 - INFO - adding element 1.0*Y((0, 0))+1.0*Y((0, 1))+1.0*Y((0, 2))+1.0*Y((0, 3))+1.0*Y((0, 4))
2023-12-28 02:25:53,228 - INFO - energy 0.0004873979778494686
2023-12-28 02:25:53,713 - INFO - iteration: 0, inner-counter: 2, init-grad: 0.2642676830291748, 
2023-12-28 02:25:53,716 - INFO - iteration: 0, depth: 25
2023-12-28 02:25:53,716 - INFO - iteration: 1
2023-12-28 02:25:54,232 - INFO - iteration: 1, inner-counter: 1, init-grad: 0.3990735709667206, 
2023-12-28 02:25:54,239 - INFO - adding element 1.0*X((0, 0))+1.0*X((0, 1))+1.0*X((0, 2))+1.0*X((0, 3))+1.0*X((0, 4))
2023-12-28 02:25:56,653 - INFO - energy -0.6987828612327576
2023-12-28 02:25:57,231 - INFO - iteration: 1, inner-counter: 2, init-grad: 0.3990735709667206, 
2023-12-28 02:25:57,235 - INFO - iteration: 1, depth: 43
2023-12-28 02:25:57,235 - INFO - iteration: 2
2023-12-28 02:25:57,960 - INFO - iteration: 2, inner-counter: 1, init-grad: 0.22761686146259308, 
2023-12-28 02:25:57,964 - INFO - adding element 1.0*Y((0, 0))+1.0*Y((0, 1))+1.0*Y((0, 2))+1.0*Y((0, 3))+1.0*Y((0, 4))
2023-12-28 02:26:03,543 - INFO - energy -0.6992179751396179
2023-12-28 02:26:04,350 - INFO - iteration: 2, inner-counter: 2, init-grad: 0.22761686146259308, 
2023-12-28 02:26:04,357 - INFO - adding element 1.0*X((0, 0))+1.0*X((0, 1))+1.0*X((0, 2))+1.0*X((0, 3))+1.0*X((0, 4))
2023-12-28 02:26:12,101 - INFO - energy -0.8225254416465759
2023-12-28 02:26:13,204 - INFO - iteration: 2, inner-counter: 3, init-grad: 0.22761686146259308, 
2023-12-28 02:26:13,211 - INFO - iteration: 2, depth: 64
2023-12-28 02:26:13,211 - INFO - iteration: 3
2023-12-28 02:26:14,245 - INFO - iteration: 3, inner-counter: 1, init-grad: 0.23766031861305237, 
2023-12-28 02:26:14,249 - INFO - adding element 1.0*X((0, 0))+1.0*X((0, 1))+1.0*X((0, 2))+1.0*X((0, 3))+1.0*X((0, 4))
2023-12-28 02:26:22,593 - INFO - energy -0.9145121574401855
2023-12-28 02:26:23,702 - INFO - iteration: 3, inner-counter: 2, init-grad: 0.23766031861305237, 
2023-12-28 02:26:23,708 - INFO - iteration: 3, depth: 82
2023-12-28 02:26:23,709 - INFO - iteration: 4
2023-12-28 02:26:25,062 - INFO - iteration: 4, inner-counter: 1, init-grad: 0.21858680248260498, 
2023-12-28 02:26:25,069 - INFO - adding element 1.0*X((0, 1))
2023-12-28 02:26:32,723 - INFO - energy -0.8015003204345703
2023-12-28 02:26:33,991 - INFO - iteration: 4, inner-counter: 2, init-grad: 0.21858680248260498, 
2023-12-28 02:26:33,996 - INFO - adding element 1.0*Y((0, 0))+1.0*Y((0, 1))+1.0*Y((0, 2))+1.0*Y((0, 3))+1.0*Y((0, 4))
2023-12-28 02:26:47,579 - INFO - energy -0.858420729637146
2023-12-28 02:26:49,040 - INFO - iteration: 4, inner-counter: 3, init-grad: 0.21858680248260498, 
2023-12-28 02:26:49,047 - INFO - iteration: 4, depth: 100
2023-12-28 02:26:49,047 - INFO - iteration: 5
2023-12-28 02:26:50,542 - INFO - iteration: 5, inner-counter: 1, init-grad: 0.21302317082881927, 
2023-12-28 02:26:50,549 - INFO - adding element 1.0*Y((0, 3))
2023-12-28 02:26:59,670 - INFO - energy -0.9020758867263794
2023-12-28 02:27:01,196 - INFO - iteration: 5, inner-counter: 2, init-grad: 0.21302317082881927, 
2023-12-28 02:27:01,204 - INFO - iteration: 5, depth: 121
2023-12-28 02:27:01,204 - INFO - iteration: 6
2023-12-28 02:27:02,963 - INFO - iteration: 6, inner-counter: 1, init-grad: 0.10271092504262924, 
2023-12-28 02:27:02,969 - INFO - adding element 1.0*X((0, 0))+1.0*X((0, 1))+1.0*X((0, 2))+1.0*X((0, 3))+1.0*X((0, 4))
2023-12-28 02:27:15,977 - INFO - energy -0.8428433537483215
2023-12-28 02:27:17,864 - INFO - iteration: 6, inner-counter: 2, init-grad: 0.10271092504262924, 
2023-12-28 02:27:17,869 - INFO - adding element 1.0*Y((0, 0))+1.0*Y((0, 1))+1.0*Y((0, 2))+1.0*Y((0, 3))+1.0*Y((0, 4))
2023-12-28 02:27:33,898 - INFO - energy -1.120824933052063
2023-12-28 02:27:35,808 - INFO - iteration: 6, inner-counter: 3, init-grad: 0.10271092504262924, 
2023-12-28 02:27:35,813 - INFO - adding element 1.0*Y((0, 4))
2023-12-28 02:27:54,867 - INFO - energy -1.0224839448928833
2023-12-28 02:27:56,704 - INFO - iteration: 6, inner-counter: 4, init-grad: 0.10271092504262924, 
2023-12-28 02:27:56,712 - INFO - iteration: 6, depth: 145
2023-12-28 02:27:56,712 - INFO - iteration: 7
2023-12-28 02:27:58,812 - INFO - iteration: 7, inner-counter: 1, init-grad: 0.206069678068161, 
2023-12-28 02:27:58,820 - INFO - adding element 1.0*Y((0, 2))
2023-12-28 02:28:14,760 - INFO - energy -0.9445712566375732
2023-12-28 02:28:16,877 - INFO - iteration: 7, inner-counter: 2, init-grad: 0.206069678068161, 
2023-12-28 02:28:16,886 - INFO - iteration: 7, depth: 157
2023-12-28 02:28:16,890 - INFO - iteration: 0
2023-12-28 02:28:18,008 - INFO - iteration: 0, inner-counter: 1, init-grad: 0.2642676830291748, 
2023-12-28 02:28:18,030 - INFO - adding element 1.0*Y((0, 0))+1.0*Y((0, 1))+1.0*Y((0, 2))+1.0*Y((0, 3))+1.0*Y((0, 4))
2023-12-28 02:28:19,237 - INFO - energy 0.0004873979778494686
2023-12-28 02:28:20,618 - INFO - iteration: 0, inner-counter: 2, init-grad: 0.2642676830291748, 
2023-12-28 02:28:20,637 - INFO - adding element 1.0*X((0, 3))*X((0, 4))
2023-12-28 02:28:22,386 - INFO - energy -0.3686505854129791
2023-12-28 02:28:23,921 - INFO - iteration: 0, inner-counter: 3, init-grad: 0.2642676830291748, 
2023-12-28 02:28:23,940 - INFO - adding element 1.0*Y((0, 0))*Y((0, 2))
2023-12-28 02:28:25,598 - INFO - energy -0.7204659581184387
2023-12-28 02:28:27,293 - INFO - iteration: 0, inner-counter: 4, init-grad: 0.2642676830291748, 
2023-12-28 02:28:27,312 - INFO - iteration: 0, depth: 30
2023-12-28 02:28:27,313 - INFO - iteration: 1
2023-12-28 02:28:29,567 - INFO - iteration: 1, inner-counter: 1, init-grad: 0.4420621693134308, 
2023-12-28 02:28:29,587 - INFO - adding element 1.0*X((0, 4))
2023-12-28 02:28:32,234 - INFO - energy -0.9224297404289246
2023-12-28 02:28:34,698 - INFO - iteration: 1, inner-counter: 2, init-grad: 0.4420621693134308, 
2023-12-28 02:28:34,711 - INFO - iteration: 1, depth: 51
2023-12-28 02:28:34,712 - INFO - iteration: 2
2023-12-28 02:28:37,755 - INFO - iteration: 2, inner-counter: 1, init-grad: 0.6597105264663696, 
2023-12-28 02:28:37,783 - INFO - adding element 1.0*Y((0, 2))*Y((0, 4))
2023-12-28 02:28:40,988 - INFO - energy -1.1191550493240356
2023-12-28 02:28:44,174 - INFO - iteration: 2, inner-counter: 2, init-grad: 0.6597105264663696, 
2023-12-28 02:28:44,192 - INFO - iteration: 2, depth: 68
2023-12-28 02:28:44,192 - INFO - iteration: 3
2023-12-28 02:28:48,016 - INFO - iteration: 3, inner-counter: 1, init-grad: 0.426948219537735, 
2023-12-28 02:28:48,036 - INFO - adding element 1.0*X((0, 2))*X((0, 4))
2023-12-28 02:28:53,176 - INFO - energy -1.172120213508606
2023-12-28 02:28:57,108 - INFO - iteration: 3, inner-counter: 2, init-grad: 0.426948219537735, 
2023-12-28 02:28:57,122 - INFO - iteration: 3, depth: 91
2023-12-28 02:28:57,122 - INFO - iteration: 4
2023-12-28 02:29:01,633 - INFO - iteration: 4, inner-counter: 1, init-grad: 0.426219642162323, 
2023-12-28 02:29:01,655 - INFO - adding element 1.0*X((0, 1))*X((0, 2))
2023-12-28 02:29:10,720 - INFO - energy -1.2792644500732422
2023-12-28 02:29:15,361 - INFO - iteration: 4, inner-counter: 2, init-grad: 0.426219642162323, 
2023-12-28 02:29:15,385 - INFO - iteration: 4, depth: 111
2023-12-28 02:29:15,385 - INFO - iteration: 5
2023-12-28 02:29:20,587 - INFO - iteration: 5, inner-counter: 1, init-grad: 0.39733821153640747, 
2023-12-28 02:29:20,605 - INFO - adding element 1.0*Y((0, 0))*Y((0, 1))
2023-12-28 02:29:29,150 - INFO - energy -1.3439351320266724
2023-12-28 02:29:34,464 - INFO - iteration: 5, inner-counter: 2, init-grad: 0.39733821153640747, 
2023-12-28 02:29:34,479 - INFO - iteration: 5, depth: 132
2023-12-28 02:29:34,479 - INFO - iteration: 6
2023-12-28 02:29:40,257 - INFO - iteration: 6, inner-counter: 1, init-grad: 0.22071750462055206, 
2023-12-28 02:29:40,276 - INFO - adding element 1.0*Y((0, 0))*Y((0, 4))
2023-12-28 02:29:52,756 - INFO - energy -1.3677259683609009
2023-12-28 02:29:58,698 - INFO - iteration: 6, inner-counter: 2, init-grad: 0.22071750462055206, 
2023-12-28 02:29:58,713 - INFO - iteration: 6, depth: 157
2023-12-28 02:29:58,713 - INFO - iteration: 7
2023-12-28 02:30:05,335 - INFO - iteration: 7, inner-counter: 1, init-grad: 0.2484336942434311, 
2023-12-28 02:30:05,353 - INFO - adding element 1.0*X((0, 1))*X((0, 3))
2023-12-28 02:30:14,493 - INFO - energy -1.3801250457763672
2023-12-28 02:30:22,015 - INFO - iteration: 7, inner-counter: 2, init-grad: 0.2484336942434311, 
2023-12-28 02:30:22,033 - INFO - iteration: 7, depth: 183
