2023-12-28 11:20:14,136 - INFO - graph: Graph with 4 nodes and 4 edges
2023-12-28 11:20:14,136 - INFO - edge (0, 1), weight: 0.4
2023-12-28 11:20:14,136 - INFO - edge (0, 3), weight: 0.8
2023-12-28 11:20:14,137 - INFO - edge (1, 2), weight: 0.3
2023-12-28 11:20:14,137 - INFO - edge (2, 3), weight: 0.6
2023-12-28 11:20:14,137 - INFO - real cost: -1.05
2023-12-28 11:20:14,150 - INFO - iteration: 0
2023-12-28 11:20:14,494 - INFO - iteration: 0, inner-counter: 1, init-grad: 0.08397448062896729, max-grad: 0.08397448062896729
2023-12-28 11:20:14,501 - INFO - adding element 1.0*Y((0, 0))+1.0*Y((0, 1))+1.0*Y((0, 2))+1.0*Y((0, 3))
2023-12-28 11:20:14,971 - INFO - energy 6.37460543657653e-05
2023-12-28 11:20:15,240 - INFO - iteration: 0, inner-counter: 2, init-grad: 0.08397448062896729, max-grad: 1.0430324077606201
2023-12-28 11:20:15,246 - INFO - adding element 1.0*X((0, 0))+1.0*X((0, 1))+1.0*X((0, 2))+1.0*X((0, 3))
2023-12-28 11:20:16,983 - INFO - energy -0.5414131283760071
2023-12-28 11:20:17,283 - INFO - iteration: 0, inner-counter: 3, init-grad: 0.08397448062896729, max-grad: 0.0690997764468193
2023-12-28 11:20:17,287 - INFO - iteration: 0, depth: 16
2023-12-28 11:20:17,287 - INFO - iteration: 1
2023-12-28 11:20:17,650 - INFO - iteration: 1, inner-counter: 1, init-grad: 0.17359264194965363, max-grad: 0.17359264194965363
2023-12-28 11:20:17,656 - INFO - adding element 1.0*X((0, 3))
2023-12-28 11:20:19,553 - INFO - energy -0.5919625163078308
2023-12-28 11:20:19,923 - INFO - iteration: 1, inner-counter: 2, init-grad: 0.17359264194965363, max-grad: 0.08222372829914093
2023-12-28 11:20:19,927 - INFO - iteration: 1, depth: 25
2023-12-28 11:20:19,927 - INFO - iteration: 2
2023-12-28 11:20:20,354 - INFO - iteration: 2, inner-counter: 1, init-grad: 0.145806223154068, max-grad: 0.145806223154068
2023-12-28 11:20:20,358 - INFO - adding element 1.0*X((0, 1))
2023-12-28 11:20:22,752 - INFO - energy -0.8170855045318604
2023-12-28 11:20:23,302 - INFO - iteration: 2, inner-counter: 2, init-grad: 0.145806223154068, max-grad: 0.17528551816940308
2023-12-28 11:20:23,307 - INFO - adding element 1.0*X((0, 0))
2023-12-28 11:20:25,045 - INFO - energy -0.9735378623008728
2023-12-28 11:20:25,517 - INFO - iteration: 2, inner-counter: 3, init-grad: 0.145806223154068, max-grad: 0.06686919182538986
2023-12-28 11:20:25,520 - INFO - iteration: 2, depth: 31
2023-12-28 11:20:25,520 - INFO - iteration: 3
2023-12-28 11:20:26,040 - INFO - iteration: 3, inner-counter: 1, init-grad: 0.14376316964626312, max-grad: 0.14376316964626312
2023-12-28 11:20:26,044 - INFO - adding element 1.0*X((0, 0))+1.0*X((0, 1))+1.0*X((0, 2))+1.0*X((0, 3))
2023-12-28 11:20:30,098 - INFO - energy -1.0037003755569458
2023-12-28 11:20:30,771 - INFO - iteration: 3, inner-counter: 2, init-grad: 0.14376316964626312, max-grad: 0.083716981112957
2023-12-28 11:20:30,775 - INFO - iteration: 3, depth: 43
2023-12-28 11:20:30,775 - INFO - iteration: 4
2023-12-28 11:20:31,414 - INFO - iteration: 4, inner-counter: 1, init-grad: 0.12701824307441711, max-grad: 0.12701824307441711
2023-12-28 11:20:31,420 - INFO - adding element 1.0*X((0, 2))
2023-12-28 11:20:35,905 - INFO - energy -1.036743402481079
2023-12-28 11:20:36,652 - INFO - iteration: 4, inner-counter: 2, init-grad: 0.12701824307441711, max-grad: 0.05443035811185837
2023-12-28 11:20:36,659 - INFO - iteration: 4, depth: 52
2023-12-28 11:20:36,659 - INFO - iteration: 5
2023-12-28 11:20:37,355 - INFO - iteration: 5, inner-counter: 1, init-grad: 0.09763485938310623, max-grad: 0.09763485938310623
2023-12-28 11:20:37,359 - INFO - adding element 1.0*X((0, 0))+1.0*X((0, 1))+1.0*X((0, 2))+1.0*X((0, 3))
2023-12-28 11:20:43,643 - INFO - energy -1.0366281270980835
2023-12-28 11:20:44,491 - INFO - iteration: 5, inner-counter: 2, init-grad: 0.09763485938310623, max-grad: 0.0878608450293541
2023-12-28 11:20:44,496 - INFO - iteration: 5, depth: 61
2023-12-28 11:20:44,496 - INFO - iteration: 6
2023-12-28 11:20:45,293 - INFO - iteration: 6, inner-counter: 1, init-grad: 0.08799508213996887, max-grad: 0.08799508213996887
2023-12-28 11:20:45,297 - INFO - adding element 1.0*X((0, 0))+1.0*X((0, 1))+1.0*X((0, 2))+1.0*X((0, 3))
2023-12-28 11:20:50,793 - INFO - energy -1.0492428541183472
2023-12-28 11:20:51,639 - INFO - iteration: 6, inner-counter: 2, init-grad: 0.08799508213996887, max-grad: 0.060761190950870514
2023-12-28 11:20:51,644 - INFO - iteration: 6, depth: 70
2023-12-28 11:20:51,644 - INFO - iteration: 7
2023-12-28 11:20:52,636 - INFO - iteration: 7, inner-counter: 1, init-grad: 0.08019474148750305, max-grad: 0.08019474148750305
2023-12-28 11:20:52,640 - INFO - adding element 1.0*Y((0, 0))+1.0*Y((0, 1))+1.0*Y((0, 2))+1.0*Y((0, 3))
2023-12-28 11:21:00,185 - INFO - energy -1.0498645305633545
2023-12-28 11:21:01,286 - INFO - iteration: 7, inner-counter: 2, init-grad: 0.08019474148750305, max-grad: 0.08140116184949875
2023-12-28 11:21:01,291 - INFO - adding element 1.0*Y((0, 0))+1.0*Y((0, 1))+1.0*Y((0, 2))+1.0*Y((0, 3))
2023-12-28 11:21:12,892 - INFO - energy -1.0478525161743164
2023-12-28 11:21:13,924 - INFO - iteration: 7, inner-counter: 3, init-grad: 0.08019474148750305, max-grad: 0.07580988854169846
2023-12-28 11:21:13,930 - INFO - iteration: 7, depth: 82
2023-12-28 11:21:13,930 - INFO - iteration: 8
2023-12-28 11:21:15,115 - INFO - iteration: 8, inner-counter: 1, init-grad: 0.08173047751188278, max-grad: 0.08173047751188278
2023-12-28 11:21:15,119 - INFO - adding element 1.0*X((0, 0))+1.0*X((0, 1))+1.0*X((0, 2))+1.0*X((0, 3))
2023-12-28 11:21:26,372 - INFO - energy -1.0499677658081055
2023-12-28 11:21:27,635 - INFO - iteration: 8, inner-counter: 2, init-grad: 0.08173047751188278, max-grad: 0.09109900146722794
2023-12-28 11:21:27,639 - INFO - adding element 1.0*X((0, 0))+1.0*X((0, 1))+1.0*X((0, 2))+1.0*X((0, 3))
2023-12-28 11:21:38,871 - INFO - energy -1.0498273372650146
2023-12-28 11:21:40,176 - INFO - iteration: 8, inner-counter: 3, init-grad: 0.08173047751188278, max-grad: 0.09200336784124374
2023-12-28 11:21:40,180 - INFO - adding element 1.0*X((0, 0))+1.0*X((0, 1))+1.0*X((0, 2))+1.0*X((0, 3))
2023-12-28 11:21:52,263 - INFO - energy -1.0497733354568481
2023-12-28 11:21:53,566 - INFO - iteration: 8, inner-counter: 4, init-grad: 0.08173047751188278, max-grad: 0.07552207261323929
2023-12-28 11:21:53,572 - INFO - iteration: 8, depth: 97
2023-12-28 11:21:53,573 - INFO - iteration: 9
2023-12-28 11:21:54,962 - INFO - iteration: 9, inner-counter: 1, init-grad: 0.09087866544723511, max-grad: 0.09087866544723511
2023-12-28 11:21:54,967 - INFO - adding element 1.0*Y((0, 0))+1.0*Y((0, 1))+1.0*Y((0, 2))+1.0*Y((0, 3))
2023-12-28 11:22:05,824 - INFO - energy -1.0192867517471313
2023-12-28 11:22:07,380 - INFO - iteration: 9, inner-counter: 2, init-grad: 0.09087866544723511, max-grad: 0.08848346769809723
2023-12-28 11:22:07,399 - INFO - iteration: 9, depth: 106
2023-12-28 11:22:07,401 - INFO - error: [0.508586871623993, 0.45803748369216923, 0.07646213769912724, 0.046299624443054244, 0.013256597518920943, 0.013371872901916548, 0.0007571458816528764, 0.002147483825683638, 0.00022666454315189988, 0.030713248252868697]
2023-12-28 11:22:07,401 - INFO - depth: [16, 25, 31, 43, 52, 61, 70, 82, 97, 106]
2023-12-28 11:22:07,402 - INFO - iteration: 0
2023-12-28 11:22:07,947 - INFO - iteration: 0, inner-counter: 1, init-grad: 0.08397448062896729, max-grad: 0.08397448062896729
2023-12-28 11:22:07,959 - INFO - adding element 1.0*Y((0, 0))+1.0*Y((0, 1))+1.0*Y((0, 2))+1.0*Y((0, 3))
2023-12-28 11:22:08,361 - INFO - energy 6.37460543657653e-05
2023-12-28 11:22:09,015 - INFO - iteration: 0, inner-counter: 2, init-grad: 0.08397448062896729, max-grad: 1.0430324077606201
2023-12-28 11:22:09,026 - INFO - adding element 1.0*X((0, 0))+1.0*X((0, 1))+1.0*X((0, 2))+1.0*X((0, 3))
2023-12-28 11:22:10,631 - INFO - energy -0.5414131283760071
2023-12-28 11:22:11,475 - INFO - iteration: 0, inner-counter: 3, init-grad: 0.08397448062896729, max-grad: 0.2019585818052292
2023-12-28 11:22:11,486 - INFO - adding element 1.0*Y((0, 0))*Y((0, 2))
2023-12-28 11:22:12,943 - INFO - energy -0.6366495490074158
2023-12-28 11:22:13,930 - INFO - iteration: 0, inner-counter: 4, init-grad: 0.08397448062896729, max-grad: 0.1412389874458313
2023-12-28 11:22:13,942 - INFO - adding element 1.0*X((0, 0))+1.0*X((0, 1))+1.0*X((0, 2))+1.0*X((0, 3))
2023-12-28 11:22:17,049 - INFO - energy -0.7333347797393799
2023-12-28 11:22:18,181 - INFO - iteration: 0, inner-counter: 5, init-grad: 0.08397448062896729, max-grad: 0.07285773754119873
2023-12-28 11:22:18,203 - INFO - iteration: 0, depth: 24
2023-12-28 11:22:18,203 - INFO - iteration: 1
2023-12-28 11:22:19,628 - INFO - iteration: 1, inner-counter: 1, init-grad: 0.3416246175765991, max-grad: 0.3416246175765991
2023-12-28 11:22:19,640 - INFO - adding element 1.0*Y((0, 0))*Y((0, 1))
2023-12-28 11:22:22,948 - INFO - energy -0.7785112261772156
2023-12-28 11:22:24,585 - INFO - iteration: 1, inner-counter: 2, init-grad: 0.3416246175765991, max-grad: 0.3179607689380646
2023-12-28 11:22:24,594 - INFO - iteration: 1, depth: 35
2023-12-28 11:22:24,594 - INFO - iteration: 2
2023-12-28 11:22:26,232 - INFO - iteration: 2, inner-counter: 1, init-grad: 0.6400130987167358, max-grad: 0.6400130987167358
2023-12-28 11:22:26,244 - INFO - adding element 1.0*X((0, 0))+1.0*X((0, 1))+1.0*X((0, 2))+1.0*X((0, 3))
2023-12-28 11:22:29,228 - INFO - energy -1.0100380182266235
2023-12-28 11:22:31,020 - INFO - iteration: 2, inner-counter: 2, init-grad: 0.6400130987167358, max-grad: 0.11322015523910522
2023-12-28 11:22:31,029 - INFO - iteration: 2, depth: 47
2023-12-28 11:22:31,029 - INFO - iteration: 3
2023-12-28 11:22:33,150 - INFO - iteration: 3, inner-counter: 1, init-grad: 0.1864750236272812, max-grad: 0.1864750236272812
2023-12-28 11:22:33,163 - INFO - adding element 1.0*X((0, 1))
2023-12-28 11:22:37,048 - INFO - energy -1.0416059494018555
2023-12-28 11:22:39,210 - INFO - iteration: 3, inner-counter: 2, init-grad: 0.1864750236272812, max-grad: 0.10294914990663528
2023-12-28 11:22:39,219 - INFO - iteration: 3, depth: 53
2023-12-28 11:22:39,219 - INFO - iteration: 4
2023-12-28 11:22:41,706 - INFO - iteration: 4, inner-counter: 1, init-grad: 0.14386387169361115, max-grad: 0.14386387169361115
2023-12-28 11:22:41,727 - INFO - adding element 1.0*X((0, 0))+1.0*X((0, 1))+1.0*X((0, 2))+1.0*X((0, 3))
2023-12-28 11:22:54,492 - INFO - energy -1.0124129056930542
2023-12-28 11:22:57,235 - INFO - iteration: 4, inner-counter: 2, init-grad: 0.14386387169361115, max-grad: 0.15928635001182556
2023-12-28 11:22:57,262 - INFO - adding element 1.0*Y((0, 0))*Y((0, 2))
2023-12-28 11:23:07,666 - INFO - energy -1.0485310554504395
2023-12-28 11:23:10,406 - INFO - iteration: 4, inner-counter: 3, init-grad: 0.14386387169361115, max-grad: 0.05008229613304138
2023-12-28 11:23:10,415 - INFO - iteration: 4, depth: 70
2023-12-28 11:23:10,415 - INFO - iteration: 5
2023-12-28 11:23:13,644 - INFO - iteration: 5, inner-counter: 1, init-grad: 0.08723762631416321, max-grad: 0.08723762631416321
2023-12-28 11:23:13,673 - INFO - adding element 1.0*Y((0, 0))+1.0*Y((0, 1))+1.0*Y((0, 2))+1.0*Y((0, 3))
2023-12-28 11:23:23,593 - INFO - energy -1.0498713254928589
2023-12-28 11:23:26,935 - INFO - iteration: 5, inner-counter: 2, init-grad: 0.08723762631416321, max-grad: 0.07633119076490402
2023-12-28 11:23:26,946 - INFO - iteration: 5, depth: 82
2023-12-28 11:23:26,946 - INFO - iteration: 6
2023-12-28 11:23:30,343 - INFO - iteration: 6, inner-counter: 1, init-grad: 0.08297155797481537, max-grad: 0.08297155797481537
2023-12-28 11:23:30,355 - INFO - adding element 1.0*X((0, 0))+1.0*X((0, 1))+1.0*X((0, 2))+1.0*X((0, 3))
2023-12-28 11:23:38,341 - INFO - energy -1.0486416816711426
2023-12-28 11:23:41,882 - INFO - iteration: 6, inner-counter: 2, init-grad: 0.08297155797481537, max-grad: 0.08734460175037384
2023-12-28 11:23:41,893 - INFO - adding element 1.0*X((0, 0))+1.0*X((0, 1))+1.0*X((0, 2))+1.0*X((0, 3))
2023-12-28 11:23:52,302 - INFO - energy -1.048885464668274
2023-12-28 11:23:55,920 - INFO - iteration: 6, inner-counter: 3, init-grad: 0.08297155797481537, max-grad: 0.09481636434793472
2023-12-28 11:23:55,942 - INFO - adding element 1.0*X((0, 0))+1.0*X((0, 1))+1.0*X((0, 2))+1.0*X((0, 3))
2023-12-28 11:24:09,458 - INFO - energy -1.0491223335266113
2023-12-28 11:24:13,434 - INFO - iteration: 6, inner-counter: 4, init-grad: 0.08297155797481537, max-grad: 0.06637400388717651
2023-12-28 11:24:13,444 - INFO - iteration: 6, depth: 97
2023-12-28 11:24:13,445 - INFO - iteration: 7
2023-12-28 11:24:17,668 - INFO - iteration: 7, inner-counter: 1, init-grad: 0.09062901884317398, max-grad: 0.09062901884317398
2023-12-28 11:24:17,681 - INFO - adding element 1.0*Y((0, 0))+1.0*Y((0, 1))+1.0*Y((0, 2))+1.0*Y((0, 3))
2023-12-28 11:24:31,083 - INFO - energy -1.0494871139526367
2023-12-28 11:24:37,766 - INFO - iteration: 7, inner-counter: 2, init-grad: 0.09062901884317398, max-grad: 0.08606614172458649
2023-12-28 11:24:37,779 - INFO - iteration: 7, depth: 106
2023-12-28 11:24:37,779 - INFO - iteration: 8
2023-12-28 11:24:42,342 - INFO - iteration: 8, inner-counter: 1, init-grad: 0.08617999404668808, max-grad: 0.08617999404668808
2023-12-28 11:24:42,354 - INFO - adding element 1.0*Y((0, 0))+1.0*Y((0, 1))+1.0*Y((0, 2))+1.0*Y((0, 3))
2023-12-28 11:24:56,690 - INFO - energy -1.0495904684066772
2023-12-28 11:25:01,320 - INFO - iteration: 8, inner-counter: 2, init-grad: 0.08617999404668808, max-grad: 0.08745873719453812
2023-12-28 11:25:01,332 - INFO - adding element 1.0*Y((0, 0))+1.0*Y((0, 1))+1.0*Y((0, 2))+1.0*Y((0, 3))
2023-12-28 11:25:17,752 - INFO - energy -1.0411958694458008
2023-12-28 11:25:22,751 - INFO - iteration: 8, inner-counter: 3, init-grad: 0.08617999404668808, max-grad: 0.08781018853187561
2023-12-28 11:25:22,767 - INFO - adding element 1.0*Y((0, 0))+1.0*Y((0, 1))+1.0*Y((0, 2))+1.0*Y((0, 3))
2023-12-28 11:25:36,752 - INFO - energy -1.0473875999450684
2023-12-28 11:25:41,906 - INFO - iteration: 8, inner-counter: 4, init-grad: 0.08617999404668808, max-grad: 0.07958386093378067
2023-12-28 11:25:41,918 - INFO - iteration: 8, depth: 121
2023-12-28 11:25:41,918 - INFO - iteration: 9
2023-12-28 11:25:47,206 - INFO - iteration: 9, inner-counter: 1, init-grad: 0.06294216960668564, max-grad: 0.06294216960668564
2023-12-28 11:25:47,217 - INFO - adding element 1.0*X((0, 0))+1.0*X((0, 1))+1.0*X((0, 2))+1.0*X((0, 3))
2023-12-28 11:26:29,752 - INFO - energy -1.0433179140090942
2023-12-28 11:26:35,323 - INFO - iteration: 9, inner-counter: 2, init-grad: 0.06294216960668564, max-grad: 0.08040112257003784
2023-12-28 11:26:35,343 - INFO - adding element 1.0*X((0, 0))+1.0*X((0, 1))+1.0*X((0, 2))+1.0*X((0, 3))
2023-12-28 11:26:55,678 - INFO - energy -1.049511432647705
2023-12-28 11:27:01,537 - INFO - iteration: 9, inner-counter: 3, init-grad: 0.06294216960668564, max-grad: 0.08265887945890427
2023-12-28 11:27:01,548 - INFO - adding element 1.0*X((0, 0))+1.0*X((0, 1))+1.0*X((0, 2))+1.0*X((0, 3))
2023-12-28 11:27:31,167 - INFO - energy -1.0461474657058716
2023-12-28 11:27:36,988 - INFO - iteration: 9, inner-counter: 4, init-grad: 0.06294216960668564, max-grad: 0.08345970511436462
2023-12-28 11:27:37,001 - INFO - adding element 1.0*X((0, 0))+1.0*X((0, 1))+1.0*X((0, 2))+1.0*X((0, 3))
2023-12-28 11:28:09,260 - INFO - energy -1.0499346256256104
2023-12-28 11:28:15,363 - INFO - iteration: 9, inner-counter: 5, init-grad: 0.06294216960668564, max-grad: 0.0960085541009903
2023-12-28 11:28:15,374 - INFO - adding element 1.0*X((0, 0))+1.0*X((0, 1))+1.0*X((0, 2))+1.0*X((0, 3))
2023-12-28 11:28:45,690 - INFO - energy -1.0458065271377563
2023-12-28 11:28:51,771 - INFO - iteration: 9, inner-counter: 6, init-grad: 0.06294216960668564, max-grad: 0.07007516175508499
2023-12-28 11:28:51,782 - INFO - adding element 1.0*X((0, 1))*X((0, 2))
2023-12-28 11:29:13,240 - INFO - energy -1.0460641384124756
2023-12-28 11:29:19,565 - INFO - iteration: 9, inner-counter: 7, init-grad: 0.06294216960668564, max-grad: 0.1323181837797165
2023-12-28 11:29:19,577 - INFO - adding element 1.0*X((0, 0))+1.0*X((0, 1))+1.0*X((0, 2))+1.0*X((0, 3))
2023-12-28 11:29:48,283 - INFO - energy -1.0499420166015625
2023-12-28 11:29:55,018 - INFO - iteration: 9, inner-counter: 8, init-grad: 0.06294216960668564, max-grad: 0.04996878653764725
2023-12-28 11:29:55,046 - INFO - iteration: 9, depth: 150
2023-12-28 11:29:55,048 - INFO - error: [0.31666522026062016, 0.27148877382278447, 0.03996198177337651, 0.008394050598144576, 0.0014689445495605913, 0.0001286745071411577, 0.0008776664733887163, 0.0005128860473633257, 0.002612400054931685, 5.798339843754441e-05]
2023-12-28 11:29:55,048 - INFO - depth: [24, 35, 47, 53, 70, 82, 97, 106, 121, 150]
2023-12-28 11:29:55,049 - INFO - iteration: 0
2023-12-28 11:29:55,054 - INFO - iteration: 0, depth: 11
2023-12-28 11:29:56,619 - INFO - iteration: 0, energy: -0.5413639545440674
2023-12-28 11:29:56,620 - INFO - iteration: 1
2023-12-28 11:29:56,627 - INFO - iteration: 1, depth: 18
2023-12-28 11:29:58,696 - INFO - iteration: 1, energy: -0.7443715333938599
2023-12-28 11:29:58,696 - INFO - iteration: 2
2023-12-28 11:29:58,705 - INFO - iteration: 2, depth: 25
2023-12-28 11:30:00,236 - INFO - iteration: 2, energy: -0.990537166595459
2023-12-28 11:30:00,236 - INFO - iteration: 3
2023-12-28 11:30:00,247 - INFO - iteration: 3, depth: 32
2023-12-28 11:30:02,123 - INFO - iteration: 3, energy: -0.9994490146636963
2023-12-28 11:30:02,123 - INFO - iteration: 4
2023-12-28 11:30:02,136 - INFO - iteration: 4, depth: 39
2023-12-28 11:30:13,496 - INFO - iteration: 4, energy: -1.0452215671539307
2023-12-28 11:30:13,496 - INFO - iteration: 5
2023-12-28 11:30:13,513 - INFO - iteration: 5, depth: 46
2023-12-28 11:30:16,084 - INFO - iteration: 5, energy: -1.0407649278640747
2023-12-28 11:30:16,085 - INFO - iteration: 6
2023-12-28 11:30:16,102 - INFO - iteration: 6, depth: 53
2023-12-28 11:30:19,539 - INFO - iteration: 6, energy: -1.047555923461914
2023-12-28 11:30:19,539 - INFO - iteration: 7
2023-12-28 11:30:19,558 - INFO - iteration: 7, depth: 60
2023-12-28 11:30:22,836 - INFO - iteration: 7, energy: -1.049750804901123
2023-12-28 11:30:22,836 - INFO - iteration: 8
2023-12-28 11:30:22,857 - INFO - iteration: 8, depth: 67
2023-12-28 11:30:26,221 - INFO - iteration: 8, energy: -1.043428659439087
2023-12-28 11:30:26,221 - INFO - iteration: 9
2023-12-28 11:30:26,244 - INFO - iteration: 9, depth: 74
2023-12-28 11:30:29,448 - INFO - iteration: 9, energy: -1.0495784282684326
